gregmacharia, 42317, Mon 09 2020, 21:49
Difficulty: 1
Number of Avatars: 4
Mazeport: 42317
MazeWidth 6
MazeHeight 9

It's Avatar 1 turn
Avatar 0 is at (4,5)
Avatar 1 is at (0,2)
Avatar 2 is at (1,1)
Avatar 3 is at (4,2)
Avatar 1 tries to move east 

It's Avatar 2 turn
Avatar 0 is at (4,5)
Avatar 1 is at (1,2)
Avatar 2 is at (1,1)
Avatar 3 is at (4,2)
Avatar 2 tries to move east 

It's Avatar 3 turn
Avatar 0 is at (4,5)
Avatar 1 is at (1,2)
Avatar 2 is at (1,1)
Avatar 3 is at (4,2)
Avatar 3 tries to move east 

It's Avatar 1 turn
Avatar 0 is at (4,5)
Avatar 1 is at (1,2)
Avatar 2 is at (1,1)
Avatar 3 is at (4,2)
Avatar 1 tries to move east 

It's Avatar 2 turn
Avatar 0 is at (4,5)
Avatar 1 is at (2,2)
Avatar 2 is at (1,1)
Avatar 3 is at (4,2)
Avatar 2 found a wall
Avatar 2 tries to move south 

It's Avatar 3 turn
Avatar 0 is at (4,5)
Avatar 1 is at (2,2)
Avatar 2 is at (1,2)
Avatar 3 is at (4,2)
Avatar 3 found a wall
Avatar 3 tries to move south 

It's Avatar 1 turn
Avatar 0 is at (4,5)
Avatar 1 is at (2,2)
Avatar 2 is at (1,2)
Avatar 3 is at (4,3)
Avatar 1 tries to move north

It's Avatar 2 turn
Avatar 0 is at (4,5)
Avatar 1 is at (2,2)
Avatar 2 is at (1,2)
Avatar 3 is at (4,3)
Avatar 2 tries to move east 

It's Avatar 3 turn
Avatar 0 is at (4,5)
Avatar 1 is at (2,2)
Avatar 2 is at (2,2)
Avatar 3 is at (4,3)
Avatar 3 tries to move east 

It's Avatar 1 turn
Avatar 0 is at (4,5)
Avatar 1 is at (2,2)
Avatar 2 is at (2,2)
Avatar 3 is at (4,3)
Avatar 1 found a wall
Avatar 1 tries to move west

It's Avatar 2 turn
Avatar 0 is at (4,5)
Avatar 1 is at (1,2)
Avatar 2 is at (2,2)
Avatar 3 is at (4,3)
Avatar 2 tries to move east 

It's Avatar 3 turn
Avatar 0 is at (4,5)
Avatar 1 is at (1,2)
Avatar 2 is at (2,2)
Avatar 3 is at (4,3)
Avatar 3 found a wall
Avatar 3 tries to move north

It's Avatar 1 turn
Avatar 0 is at (4,5)
Avatar 1 is at (1,2)
Avatar 2 is at (2,2)
Avatar 3 is at (4,2)
Avatar 1 tries to move south 

It's Avatar 2 turn
Avatar 0 is at (4,5)
Avatar 1 is at (1,2)
Avatar 2 is at (2,2)
Avatar 3 is at (4,2)
Avatar 2 found a wall
Avatar 2 tries to move south 

It's Avatar 3 turn
Avatar 0 is at (4,5)
Avatar 1 is at (1,2)
Avatar 2 is at (2,3)
Avatar 3 is at (4,2)
Avatar 3 tries to move west

It's Avatar 1 turn
Avatar 0 is at (4,5)
Avatar 1 is at (1,2)
Avatar 2 is at (2,3)
Avatar 3 is at (3,2)
Avatar 1 found a wall
Avatar 1 tries to move east 

It's Avatar 2 turn
Avatar 0 is at (4,5)
Avatar 1 is at (2,2)
Avatar 2 is at (2,3)
Avatar 3 is at (3,2)
Avatar 2 tries to move east 

It's Avatar 3 turn
Avatar 0 is at (4,5)
Avatar 1 is at (2,2)
Avatar 2 is at (3,3)
Avatar 3 is at (3,2)
Avatar 3 tries to move south 

It's Avatar 1 turn
Avatar 0 is at (4,5)
Avatar 1 is at (2,2)
Avatar 2 is at (3,3)
Avatar 3 is at (3,2)
Avatar 1 tries to move south 

It's Avatar 2 turn
Avatar 0 is at (4,5)
Avatar 1 is at (2,3)
Avatar 2 is at (3,3)
Avatar 3 is at (3,2)
Avatar 2 tries to move north

It's Avatar 3 turn
Avatar 0 is at (4,5)
Avatar 1 is at (2,3)
Avatar 2 is at (3,3)
Avatar 3 is at (3,2)
Avatar 3 found a wall
Avatar 3 tries to move east 

It's Avatar 1 turn
Avatar 0 is at (4,5)
Avatar 1 is at (2,3)
Avatar 2 is at (3,3)
Avatar 3 is at (4,2)
Avatar 1 tries to move east 

It's Avatar 2 turn
Avatar 0 is at (4,5)
Avatar 1 is at (3,3)
Avatar 2 is at (3,3)
Avatar 3 is at (4,2)
Avatar 2 found a wall
Avatar 2 tries to move west

It's Avatar 3 turn
Avatar 0 is at (4,5)
Avatar 1 is at (3,3)
Avatar 2 is at (2,3)
Avatar 3 is at (4,2)
Avatar 3 tries to move north

It's Avatar 1 turn
Avatar 0 is at (4,5)
Avatar 1 is at (3,3)
Avatar 2 is at (2,3)
Avatar 3 is at (4,2)
Avatar 1 tries to move east 

It's Avatar 2 turn
Avatar 0 is at (4,5)
Avatar 1 is at (4,3)
Avatar 2 is at (2,3)
Avatar 3 is at (4,2)
Avatar 2 tries to move south 

It's Avatar 3 turn
Avatar 0 is at (4,5)
Avatar 1 is at (4,3)
Avatar 2 is at (2,3)
Avatar 3 is at (4,2)
Avatar 3 found a wall
Avatar 3 tries to move west

It's Avatar 1 turn
Avatar 0 is at (4,5)
Avatar 1 is at (4,3)
Avatar 2 is at (2,3)
Avatar 3 is at (3,2)
Avatar 1 tries to move north

It's Avatar 2 turn
Avatar 0 is at (4,5)
Avatar 1 is at (4,2)
Avatar 2 is at (2,3)
Avatar 3 is at (3,2)
Avatar 2 found a wall
Avatar 2 tries to move east 

It's Avatar 3 turn
Avatar 0 is at (4,5)
Avatar 1 is at (4,2)
Avatar 2 is at (3,3)
Avatar 3 is at (3,2)
Avatar 3 tries to move north

It's Avatar 1 turn
Avatar 0 is at (4,5)
Avatar 1 is at (4,2)
Avatar 2 is at (3,3)
Avatar 3 is at (3,2)
Avatar 1 tries to move west

It's Avatar 2 turn
Avatar 0 is at (4,5)
Avatar 1 is at (3,2)
Avatar 2 is at (3,3)
Avatar 3 is at (3,2)
Avatar 2 tries to move east 

It's Avatar 3 turn
Avatar 0 is at (4,5)
Avatar 1 is at (3,2)
Avatar 2 is at (4,3)
Avatar 3 is at (3,2)
Avatar 3 found a wall
Avatar 3 tries to move east 

It's Avatar 1 turn
Avatar 0 is at (4,5)
Avatar 1 is at (3,2)
Avatar 2 is at (4,3)
Avatar 3 is at (4,2)
Avatar 1 tries to move east 

It's Avatar 2 turn
Avatar 0 is at (4,5)
Avatar 1 is at (4,2)
Avatar 2 is at (4,3)
Avatar 3 is at (4,2)
Avatar 2 tries to move north

It's Avatar 3 turn
Avatar 0 is at (4,5)
Avatar 1 is at (4,2)
Avatar 2 is at (4,2)
Avatar 3 is at (4,2)
Avatar 3 tries to move south 

It's Avatar 1 turn
Avatar 0 is at (4,5)
Avatar 1 is at (4,2)
Avatar 2 is at (4,2)
Avatar 3 is at (4,3)
Avatar 1 tries to move south 

It's Avatar 2 turn
Avatar 0 is at (4,5)
Avatar 1 is at (4,3)
Avatar 2 is at (4,2)
Avatar 3 is at (4,3)
Avatar 2 tries to move south 

It's Avatar 3 turn
Avatar 0 is at (4,5)
Avatar 1 is at (4,3)
Avatar 2 is at (4,3)
Avatar 3 is at (4,3)
Avatar 3 tries to move south 

It's Avatar 1 turn
Avatar 0 is at (4,5)
Avatar 1 is at (4,3)
Avatar 2 is at (4,3)
Avatar 3 is at (4,3)
Avatar 1 tries to move south 

It's Avatar 2 turn
Avatar 0 is at (4,5)
Avatar 1 is at (4,3)
Avatar 2 is at (4,3)
Avatar 3 is at (4,3)
Avatar 2 tries to move west

It's Avatar 3 turn
Avatar 0 is at (4,5)
Avatar 1 is at (4,3)
Avatar 2 is at (3,3)
Avatar 3 is at (4,3)
Avatar 3 found a wall
Avatar 3 tries to move west

It's Avatar 1 turn
Avatar 0 is at (4,5)
Avatar 1 is at (4,3)
Avatar 2 is at (3,3)
Avatar 3 is at (3,3)
Avatar 1 found a wall
Avatar 1 tries to move west

It's Avatar 2 turn
Avatar 0 is at (4,5)
Avatar 1 is at (3,3)
Avatar 2 is at (3,3)
Avatar 3 is at (3,3)
Avatar 2 tries to move south 

It's Avatar 3 turn
Avatar 0 is at (4,5)
Avatar 1 is at (3,3)
Avatar 2 is at (3,3)
Avatar 3 is at (3,3)
Avatar 3 tries to move south 

It's Avatar 1 turn
Avatar 0 is at (4,5)
Avatar 1 is at (3,3)
Avatar 2 is at (3,3)
Avatar 3 is at (3,3)
Avatar 1 tries to move south 

It's Avatar 2 turn
Avatar 0 is at (4,5)
Avatar 1 is at (3,3)
Avatar 2 is at (3,3)
Avatar 3 is at (3,3)
Avatar 2 found a wall
Avatar 2 tries to move west

It's Avatar 3 turn
Avatar 0 is at (4,5)
Avatar 1 is at (3,3)
Avatar 2 is at (2,3)
Avatar 3 is at (3,3)
Avatar 3 found a wall
Avatar 3 tries to move west

It's Avatar 1 turn
Avatar 0 is at (4,5)
Avatar 1 is at (3,3)
Avatar 2 is at (2,3)
Avatar 3 is at (2,3)
Avatar 1 found a wall
Avatar 1 tries to move west

It's Avatar 2 turn
Avatar 0 is at (4,5)
Avatar 1 is at (2,3)
Avatar 2 is at (2,3)
Avatar 3 is at (2,3)
Avatar 2 tries to move west

It's Avatar 3 turn
Avatar 0 is at (4,5)
Avatar 1 is at (2,3)
Avatar 2 is at (2,3)
Avatar 3 is at (2,3)
Avatar 3 tries to move west

It's Avatar 1 turn
Avatar 0 is at (4,5)
Avatar 1 is at (2,3)
Avatar 2 is at (2,3)
Avatar 3 is at (2,3)
Avatar 1 tries to move west

It's Avatar 2 turn
Avatar 0 is at (4,5)
Avatar 1 is at (2,3)
Avatar 2 is at (2,3)
Avatar 3 is at (2,3)
Avatar 2 found a wall
Avatar 2 tries to move north

It's Avatar 3 turn
Avatar 0 is at (4,5)
Avatar 1 is at (2,3)
Avatar 2 is at (2,2)
Avatar 3 is at (2,3)
Avatar 3 found a wall
Avatar 3 tries to move north

It's Avatar 1 turn
Avatar 0 is at (4,5)
Avatar 1 is at (2,3)
Avatar 2 is at (2,2)
Avatar 3 is at (2,2)
Avatar 1 found a wall
Avatar 1 tries to move north

It's Avatar 2 turn
Avatar 0 is at (4,5)
Avatar 1 is at (2,2)
Avatar 2 is at (2,2)
Avatar 3 is at (2,2)
Avatar 2 tries to move west

It's Avatar 3 turn
Avatar 0 is at (4,5)
Avatar 1 is at (2,2)
Avatar 2 is at (1,2)
Avatar 3 is at (2,2)
Avatar 3 tries to move west

It's Avatar 1 turn
Avatar 0 is at (4,5)
Avatar 1 is at (2,2)
Avatar 2 is at (1,2)
Avatar 3 is at (1,2)
Avatar 1 tries to move west

It's Avatar 2 turn
Avatar 0 is at (4,5)
Avatar 1 is at (1,2)
Avatar 2 is at (1,2)
Avatar 3 is at (1,2)
Avatar 2 tries to move west

It's Avatar 3 turn
Avatar 0 is at (4,5)
Avatar 1 is at (1,2)
Avatar 2 is at (0,2)
Avatar 3 is at (1,2)
Avatar 3 tries to move west

It's Avatar 1 turn
Avatar 0 is at (4,5)
Avatar 1 is at (1,2)
Avatar 2 is at (0,2)
Avatar 3 is at (0,2)
Avatar 1 tries to move west

It's Avatar 2 turn
Avatar 0 is at (4,5)
Avatar 1 is at (0,2)
Avatar 2 is at (0,2)
Avatar 3 is at (0,2)
Avatar 2 tries to move south 

It's Avatar 3 turn
Avatar 0 is at (4,5)
Avatar 1 is at (0,2)
Avatar 2 is at (0,3)
Avatar 3 is at (0,2)
Avatar 3 tries to move south 

It's Avatar 1 turn
Avatar 0 is at (4,5)
Avatar 1 is at (0,2)
Avatar 2 is at (0,3)
Avatar 3 is at (0,3)
Avatar 1 tries to move south 

It's Avatar 2 turn
Avatar 0 is at (4,5)
Avatar 1 is at (0,3)
Avatar 2 is at (0,3)
Avatar 3 is at (0,3)
Avatar 2 tries to move east 

It's Avatar 3 turn
Avatar 0 is at (4,5)
Avatar 1 is at (0,3)
Avatar 2 is at (0,3)
Avatar 3 is at (0,3)
Avatar 3 tries to move east 

It's Avatar 1 turn
Avatar 0 is at (4,5)
Avatar 1 is at (0,3)
Avatar 2 is at (0,3)
Avatar 3 is at (0,3)
Avatar 1 tries to move east 

It's Avatar 2 turn
Avatar 0 is at (4,5)
Avatar 1 is at (0,3)
Avatar 2 is at (0,3)
Avatar 3 is at (0,3)
Avatar 2 found a wall
Avatar 2 tries to move north

It's Avatar 3 turn
Avatar 0 is at (4,5)
Avatar 1 is at (0,3)
Avatar 2 is at (0,2)
Avatar 3 is at (0,3)
Avatar 3 found a wall
Avatar 3 tries to move north

It's Avatar 1 turn
Avatar 0 is at (4,5)
Avatar 1 is at (0,3)
Avatar 2 is at (0,2)
Avatar 3 is at (0,2)
Avatar 1 found a wall
Avatar 1 tries to move north

It's Avatar 2 turn
Avatar 0 is at (4,5)
Avatar 1 is at (0,2)
Avatar 2 is at (0,2)
Avatar 3 is at (0,2)
Avatar 2 tries to move north

It's Avatar 3 turn
Avatar 0 is at (4,5)
Avatar 1 is at (0,2)
Avatar 2 is at (0,1)
Avatar 3 is at (0,2)
Avatar 3 tries to move north

It's Avatar 1 turn
Avatar 0 is at (4,5)
Avatar 1 is at (0,2)
Avatar 2 is at (0,1)
Avatar 3 is at (0,1)
Avatar 1 tries to move north

It's Avatar 2 turn
Avatar 0 is at (4,5)
Avatar 1 is at (0,1)
Avatar 2 is at (0,1)
Avatar 3 is at (0,1)
Avatar 2 tries to move north

It's Avatar 3 turn
Avatar 0 is at (4,5)
Avatar 1 is at (0,1)
Avatar 2 is at (0,0)
Avatar 3 is at (0,1)
Avatar 3 tries to move north

It's Avatar 1 turn
Avatar 0 is at (4,5)
Avatar 1 is at (0,1)
Avatar 2 is at (0,0)
Avatar 3 is at (0,0)
Avatar 1 tries to move north

It's Avatar 2 turn
Avatar 0 is at (4,5)
Avatar 1 is at (0,0)
Avatar 2 is at (0,0)
Avatar 3 is at (0,0)
Avatar 2 tries to move east 

It's Avatar 3 turn
Avatar 0 is at (4,5)
Avatar 1 is at (0,0)
Avatar 2 is at (0,0)
Avatar 3 is at (0,0)
Avatar 3 tries to move east 

It's Avatar 1 turn
Avatar 0 is at (4,5)
Avatar 1 is at (0,0)
Avatar 2 is at (0,0)
Avatar 3 is at (0,0)
Avatar 1 tries to move east 

It's Avatar 2 turn
Avatar 0 is at (4,5)
Avatar 1 is at (0,0)
Avatar 2 is at (0,0)
Avatar 3 is at (0,0)
Avatar 2 found a wall
Avatar 2 tries to move south 

It's Avatar 3 turn
Avatar 0 is at (4,5)
Avatar 1 is at (0,0)
Avatar 2 is at (0,1)
Avatar 3 is at (0,0)
Avatar 3 found a wall
Avatar 3 tries to move south 

It's Avatar 1 turn
Avatar 0 is at (4,5)
Avatar 1 is at (0,0)
Avatar 2 is at (0,1)
Avatar 3 is at (0,1)
Avatar 1 found a wall
Avatar 1 tries to move south 

It's Avatar 2 turn
Avatar 0 is at (4,5)
Avatar 1 is at (0,1)
Avatar 2 is at (0,1)
Avatar 3 is at (0,1)
Avatar 2 tries to move east 

It's Avatar 3 turn
Avatar 0 is at (4,5)
Avatar 1 is at (0,1)
Avatar 2 is at (0,1)
Avatar 3 is at (0,1)
Avatar 3 tries to move east 

It's Avatar 1 turn
Avatar 0 is at (4,5)
Avatar 1 is at (0,1)
Avatar 2 is at (0,1)
Avatar 3 is at (0,1)
Avatar 1 tries to move east 

It's Avatar 2 turn
Avatar 0 is at (4,5)
Avatar 1 is at (0,1)
Avatar 2 is at (0,1)
Avatar 3 is at (0,1)
Avatar 2 found a wall
Avatar 2 tries to move south 

It's Avatar 3 turn
Avatar 0 is at (4,5)
Avatar 1 is at (0,1)
Avatar 2 is at (0,2)
Avatar 3 is at (0,1)
Avatar 3 found a wall
Avatar 3 tries to move south 

It's Avatar 1 turn
Avatar 0 is at (4,5)
Avatar 1 is at (0,1)
Avatar 2 is at (0,2)
Avatar 3 is at (0,2)
Avatar 1 found a wall
Avatar 1 tries to move south 

It's Avatar 2 turn
Avatar 0 is at (4,5)
Avatar 1 is at (0,2)
Avatar 2 is at (0,2)
Avatar 3 is at (0,2)
Avatar 2 tries to move east 

It's Avatar 3 turn
Avatar 0 is at (4,5)
Avatar 1 is at (0,2)
Avatar 2 is at (1,2)
Avatar 3 is at (0,2)
Avatar 3 tries to move east 

It's Avatar 1 turn
Avatar 0 is at (4,5)
Avatar 1 is at (0,2)
Avatar 2 is at (1,2)
Avatar 3 is at (1,2)
Avatar 1 tries to move east 

It's Avatar 2 turn
Avatar 0 is at (4,5)
Avatar 1 is at (1,2)
Avatar 2 is at (1,2)
Avatar 3 is at (1,2)
Avatar 2 tries to move north

It's Avatar 3 turn
Avatar 0 is at (4,5)
Avatar 1 is at (1,2)
Avatar 2 is at (1,1)
Avatar 3 is at (1,2)
Avatar 3 tries to move north

It's Avatar 1 turn
Avatar 0 is at (4,5)
Avatar 1 is at (1,2)
Avatar 2 is at (1,1)
Avatar 3 is at (1,1)
Avatar 1 tries to move north

It's Avatar 2 turn
Avatar 0 is at (4,5)
Avatar 1 is at (1,1)
Avatar 2 is at (1,1)
Avatar 3 is at (1,1)
Avatar 2 tries to move north

It's Avatar 3 turn
Avatar 0 is at (4,5)
Avatar 1 is at (1,1)
Avatar 2 is at (1,0)
Avatar 3 is at (1,1)
Avatar 3 tries to move north

It's Avatar 1 turn
Avatar 0 is at (4,5)
Avatar 1 is at (1,1)
Avatar 2 is at (1,0)
Avatar 3 is at (1,0)
Avatar 1 tries to move north

It's Avatar 2 turn
Avatar 0 is at (4,5)
Avatar 1 is at (1,0)
Avatar 2 is at (1,0)
Avatar 3 is at (1,0)
Avatar 2 tries to move east 

It's Avatar 3 turn
Avatar 0 is at (4,5)
Avatar 1 is at (1,0)
Avatar 2 is at (2,0)
Avatar 3 is at (1,0)
Avatar 3 tries to move east 

It's Avatar 1 turn
Avatar 0 is at (4,5)
Avatar 1 is at (1,0)
Avatar 2 is at (2,0)
Avatar 3 is at (2,0)
Avatar 1 tries to move east 

It's Avatar 2 turn
Avatar 0 is at (4,5)
Avatar 1 is at (2,0)
Avatar 2 is at (2,0)
Avatar 3 is at (2,0)
Avatar 2 tries to move east 

It's Avatar 3 turn
Avatar 0 is at (4,5)
Avatar 1 is at (2,0)
Avatar 2 is at (3,0)
Avatar 3 is at (2,0)
Avatar 3 tries to move east 

It's Avatar 1 turn
Avatar 0 is at (4,5)
Avatar 1 is at (2,0)
Avatar 2 is at (3,0)
Avatar 3 is at (3,0)
Avatar 1 tries to move east 

It's Avatar 2 turn
Avatar 0 is at (4,5)
Avatar 1 is at (3,0)
Avatar 2 is at (3,0)
Avatar 3 is at (3,0)
Avatar 2 tries to move east 

It's Avatar 3 turn
Avatar 0 is at (4,5)
Avatar 1 is at (3,0)
Avatar 2 is at (3,0)
Avatar 3 is at (3,0)
Avatar 3 tries to move east 

It's Avatar 1 turn
Avatar 0 is at (4,5)
Avatar 1 is at (3,0)
Avatar 2 is at (3,0)
Avatar 3 is at (3,0)
Avatar 1 tries to move east 

It's Avatar 2 turn
Avatar 0 is at (4,5)
Avatar 1 is at (3,0)
Avatar 2 is at (3,0)
Avatar 3 is at (3,0)
Avatar 2 found a wall
Avatar 2 tries to move south 

It's Avatar 3 turn
Avatar 0 is at (4,5)
Avatar 1 is at (3,0)
Avatar 2 is at (3,0)
Avatar 3 is at (3,0)
Avatar 3 found a wall
Avatar 3 tries to move south 

It's Avatar 1 turn
Avatar 0 is at (4,5)
Avatar 1 is at (3,0)
Avatar 2 is at (3,0)
Avatar 3 is at (3,0)
Avatar 1 found a wall
Avatar 1 tries to move south 

It's Avatar 2 turn
Avatar 0 is at (4,5)
Avatar 1 is at (3,0)
Avatar 2 is at (3,0)
Avatar 3 is at (3,0)
Avatar 2 found a wall
Avatar 2 tries to move west

It's Avatar 3 turn
Avatar 0 is at (4,5)
Avatar 1 is at (3,0)
Avatar 2 is at (2,0)
Avatar 3 is at (3,0)
Avatar 3 found a wall
Avatar 3 tries to move west

It's Avatar 1 turn
Avatar 0 is at (4,5)
Avatar 1 is at (3,0)
Avatar 2 is at (2,0)
Avatar 3 is at (2,0)
Avatar 1 found a wall
Avatar 1 tries to move west

It's Avatar 2 turn
Avatar 0 is at (4,5)
Avatar 1 is at (2,0)
Avatar 2 is at (2,0)
Avatar 3 is at (2,0)
Avatar 2 tries to move south 

It's Avatar 3 turn
Avatar 0 is at (4,5)
Avatar 1 is at (2,0)
Avatar 2 is at (2,1)
Avatar 3 is at (2,0)
Avatar 3 tries to move south 

It's Avatar 1 turn
Avatar 0 is at (4,5)
Avatar 1 is at (2,0)
Avatar 2 is at (2,1)
Avatar 3 is at (2,1)
Avatar 1 tries to move south 

It's Avatar 2 turn
Avatar 0 is at (4,5)
Avatar 1 is at (2,1)
Avatar 2 is at (2,1)
Avatar 3 is at (2,1)
Avatar 2 tries to move east 

It's Avatar 3 turn
Avatar 0 is at (4,5)
Avatar 1 is at (2,1)
Avatar 2 is at (3,1)
Avatar 3 is at (2,1)
Avatar 3 tries to move east 

It's Avatar 1 turn
Avatar 0 is at (4,5)
Avatar 1 is at (2,1)
Avatar 2 is at (3,1)
Avatar 3 is at (3,1)
Avatar 1 tries to move east 

It's Avatar 2 turn
Avatar 0 is at (4,5)
Avatar 1 is at (3,1)
Avatar 2 is at (3,1)
Avatar 3 is at (3,1)
Avatar 2 tries to move east 

It's Avatar 3 turn
Avatar 0 is at (4,5)
Avatar 1 is at (3,1)
Avatar 2 is at (4,1)
Avatar 3 is at (3,1)
Avatar 3 tries to move east 

It's Avatar 1 turn
Avatar 0 is at (4,5)
Avatar 1 is at (3,1)
Avatar 2 is at (4,1)
Avatar 3 is at (4,1)
Avatar 1 tries to move east 

It's Avatar 2 turn
Avatar 0 is at (4,5)
Avatar 1 is at (4,1)
Avatar 2 is at (4,1)
Avatar 3 is at (4,1)
Avatar 2 tries to move north

It's Avatar 3 turn
Avatar 0 is at (4,5)
Avatar 1 is at (4,1)
Avatar 2 is at (4,0)
Avatar 3 is at (4,1)
Avatar 3 tries to move north

It's Avatar 1 turn
Avatar 0 is at (4,5)
Avatar 1 is at (4,1)
Avatar 2 is at (4,0)
Avatar 3 is at (4,0)
Avatar 1 tries to move north

It's Avatar 2 turn
Avatar 0 is at (4,5)
Avatar 1 is at (4,0)
Avatar 2 is at (4,0)
Avatar 3 is at (4,0)
Avatar 2 tries to move east 

It's Avatar 3 turn
Avatar 0 is at (4,5)
Avatar 1 is at (4,0)
Avatar 2 is at (5,0)
Avatar 3 is at (4,0)
Avatar 3 tries to move east 

It's Avatar 1 turn
Avatar 0 is at (4,5)
Avatar 1 is at (4,0)
Avatar 2 is at (5,0)
Avatar 3 is at (5,0)
Avatar 1 tries to move east 

It's Avatar 2 turn
Avatar 0 is at (4,5)
Avatar 1 is at (5,0)
Avatar 2 is at (5,0)
Avatar 3 is at (5,0)
Avatar 2 tries to move south 

It's Avatar 3 turn
Avatar 0 is at (4,5)
Avatar 1 is at (5,0)
Avatar 2 is at (5,1)
Avatar 3 is at (5,0)
Avatar 3 tries to move south 

It's Avatar 1 turn
Avatar 0 is at (4,5)
Avatar 1 is at (5,0)
Avatar 2 is at (5,1)
Avatar 3 is at (5,1)
Avatar 1 tries to move south 

It's Avatar 2 turn
Avatar 0 is at (4,5)
Avatar 1 is at (5,1)
Avatar 2 is at (5,1)
Avatar 3 is at (5,1)
Avatar 2 tries to move south 

It's Avatar 3 turn
Avatar 0 is at (4,5)
Avatar 1 is at (5,1)
Avatar 2 is at (5,2)
Avatar 3 is at (5,1)
Avatar 3 tries to move south 

It's Avatar 1 turn
Avatar 0 is at (4,5)
Avatar 1 is at (5,1)
Avatar 2 is at (5,2)
Avatar 3 is at (5,2)
Avatar 1 tries to move south 

It's Avatar 2 turn
Avatar 0 is at (4,5)
Avatar 1 is at (5,2)
Avatar 2 is at (5,2)
Avatar 3 is at (5,2)
Avatar 2 tries to move south 

It's Avatar 3 turn
Avatar 0 is at (4,5)
Avatar 1 is at (5,2)
Avatar 2 is at (5,3)
Avatar 3 is at (5,2)
Avatar 3 tries to move south 

It's Avatar 1 turn
Avatar 0 is at (4,5)
Avatar 1 is at (5,2)
Avatar 2 is at (5,3)
Avatar 3 is at (5,3)
Avatar 1 tries to move south 

It's Avatar 2 turn
Avatar 0 is at (4,5)
Avatar 1 is at (5,3)
Avatar 2 is at (5,3)
Avatar 3 is at (5,3)
Avatar 2 tries to move south 

It's Avatar 3 turn
Avatar 0 is at (4,5)
Avatar 1 is at (5,3)
Avatar 2 is at (5,4)
Avatar 3 is at (5,3)
Avatar 3 tries to move south 

It's Avatar 1 turn
Avatar 0 is at (4,5)
Avatar 1 is at (5,3)
Avatar 2 is at (5,4)
Avatar 3 is at (5,4)
Avatar 1 tries to move south 

It's Avatar 2 turn
Avatar 0 is at (4,5)
Avatar 1 is at (5,4)
Avatar 2 is at (5,4)
Avatar 3 is at (5,4)
Avatar 2 tries to move south 

It's Avatar 3 turn
Avatar 0 is at (4,5)
Avatar 1 is at (5,4)
Avatar 2 is at (5,4)
Avatar 3 is at (5,4)
Avatar 3 tries to move south 

It's Avatar 1 turn
Avatar 0 is at (4,5)
Avatar 1 is at (5,4)
Avatar 2 is at (5,4)
Avatar 3 is at (5,4)
Avatar 1 tries to move south 

It's Avatar 2 turn
Avatar 0 is at (4,5)
Avatar 1 is at (5,4)
Avatar 2 is at (5,4)
Avatar 3 is at (5,4)
Avatar 2 found a wall
Avatar 2 tries to move west

It's Avatar 3 turn
Avatar 0 is at (4,5)
Avatar 1 is at (5,4)
Avatar 2 is at (4,4)
Avatar 3 is at (5,4)
Avatar 3 found a wall
Avatar 3 tries to move west

It's Avatar 1 turn
Avatar 0 is at (4,5)
Avatar 1 is at (5,4)
Avatar 2 is at (4,4)
Avatar 3 is at (4,4)
Avatar 1 found a wall
Avatar 1 tries to move west

It's Avatar 2 turn
Avatar 0 is at (4,5)
Avatar 1 is at (4,4)
Avatar 2 is at (4,4)
Avatar 3 is at (4,4)
Avatar 2 tries to move south 

It's Avatar 3 turn
Avatar 0 is at (4,5)
Avatar 1 is at (4,4)
Avatar 2 is at (4,5)
Avatar 3 is at (4,4)
Avatar 3 tries to move south 

It's Avatar 1 turn
Avatar 0 is at (4,5)
Avatar 1 is at (4,4)
Avatar 2 is at (4,5)
Avatar 3 is at (4,5)
Avatar 1 tries to move south 

you solved the maze!
Difficult 1  nAvatars 4 nMoves 197 Hash -47393699 
