tygriis, 41005, Mon 09 2020, 21:49
Difficulty: 1
Number of Avatars: 5
Mazeport: 41005
MazeWidth 6
MazeHeight 9

It's Avatar 1 turn
Avatar 0 is at (2,1)
Avatar 1 is at (1,5)
Avatar 2 is at (4,5)
Avatar 3 is at (2,5)
Avatar 4 is at (4,4)
Avatar 1 tries to move east 

It's Avatar 2 turn
Avatar 0 is at (2,1)
Avatar 1 is at (2,5)
Avatar 2 is at (4,5)
Avatar 3 is at (2,5)
Avatar 4 is at (4,4)
Avatar 2 tries to move east 

It's Avatar 3 turn
Avatar 0 is at (2,1)
Avatar 1 is at (2,5)
Avatar 2 is at (5,5)
Avatar 3 is at (2,5)
Avatar 4 is at (4,4)
Avatar 3 tries to move east 

It's Avatar 4 turn
Avatar 0 is at (2,1)
Avatar 1 is at (2,5)
Avatar 2 is at (5,5)
Avatar 3 is at (2,5)
Avatar 4 is at (4,4)
Avatar 4 tries to move east 

It's Avatar 1 turn
Avatar 0 is at (2,1)
Avatar 1 is at (2,5)
Avatar 2 is at (5,5)
Avatar 3 is at (2,5)
Avatar 4 is at (5,4)
Avatar 1 tries to move east 

It's Avatar 2 turn
Avatar 0 is at (2,1)
Avatar 1 is at (2,5)
Avatar 2 is at (5,5)
Avatar 3 is at (2,5)
Avatar 4 is at (5,4)
Avatar 2 tries to move south 

It's Avatar 3 turn
Avatar 0 is at (2,1)
Avatar 1 is at (2,5)
Avatar 2 is at (5,6)
Avatar 3 is at (2,5)
Avatar 4 is at (5,4)
Avatar 3 found a wall
Avatar 3 tries to move south 

It's Avatar 4 turn
Avatar 0 is at (2,1)
Avatar 1 is at (2,5)
Avatar 2 is at (5,6)
Avatar 3 is at (2,6)
Avatar 4 is at (5,4)
Avatar 4 tries to move south 

It's Avatar 1 turn
Avatar 0 is at (2,1)
Avatar 1 is at (2,5)
Avatar 2 is at (5,6)
Avatar 3 is at (2,6)
Avatar 4 is at (5,4)
Avatar 1 found a wall
Avatar 1 tries to move north

It's Avatar 2 turn
Avatar 0 is at (2,1)
Avatar 1 is at (2,5)
Avatar 2 is at (5,6)
Avatar 3 is at (2,6)
Avatar 4 is at (5,4)
Avatar 2 tries to move south 

It's Avatar 3 turn
Avatar 0 is at (2,1)
Avatar 1 is at (2,5)
Avatar 2 is at (5,6)
Avatar 3 is at (2,6)
Avatar 4 is at (5,4)
Avatar 3 tries to move east 

It's Avatar 4 turn
Avatar 0 is at (2,1)
Avatar 1 is at (2,5)
Avatar 2 is at (5,6)
Avatar 3 is at (2,6)
Avatar 4 is at (5,4)
Avatar 4 found a wall
Avatar 4 tries to move west

It's Avatar 1 turn
Avatar 0 is at (2,1)
Avatar 1 is at (2,5)
Avatar 2 is at (5,6)
Avatar 3 is at (2,6)
Avatar 4 is at (4,4)
Avatar 1 found a wall
Avatar 1 tries to move west

It's Avatar 2 turn
Avatar 0 is at (2,1)
Avatar 1 is at (1,5)
Avatar 2 is at (5,6)
Avatar 3 is at (2,6)
Avatar 4 is at (4,4)
Avatar 2 found a wall
Avatar 2 tries to move west

It's Avatar 3 turn
Avatar 0 is at (2,1)
Avatar 1 is at (1,5)
Avatar 2 is at (4,6)
Avatar 3 is at (2,6)
Avatar 4 is at (4,4)
Avatar 3 found a wall
Avatar 3 tries to move north

It's Avatar 4 turn
Avatar 0 is at (2,1)
Avatar 1 is at (1,5)
Avatar 2 is at (4,6)
Avatar 3 is at (2,5)
Avatar 4 is at (4,4)
Avatar 4 tries to move south 

It's Avatar 1 turn
Avatar 0 is at (2,1)
Avatar 1 is at (1,5)
Avatar 2 is at (4,6)
Avatar 3 is at (2,5)
Avatar 4 is at (4,5)
Avatar 1 tries to move south 

It's Avatar 2 turn
Avatar 0 is at (2,1)
Avatar 1 is at (1,6)
Avatar 2 is at (4,6)
Avatar 3 is at (2,5)
Avatar 4 is at (4,5)
Avatar 2 tries to move south 

It's Avatar 3 turn
Avatar 0 is at (2,1)
Avatar 1 is at (1,6)
Avatar 2 is at (4,7)
Avatar 3 is at (2,5)
Avatar 4 is at (4,5)
Avatar 3 tries to move west

It's Avatar 4 turn
Avatar 0 is at (2,1)
Avatar 1 is at (1,6)
Avatar 2 is at (4,7)
Avatar 3 is at (1,5)
Avatar 4 is at (4,5)
Avatar 4 tries to move east 

It's Avatar 1 turn
Avatar 0 is at (2,1)
Avatar 1 is at (1,6)
Avatar 2 is at (4,7)
Avatar 3 is at (1,5)
Avatar 4 is at (5,5)
Avatar 1 tries to move east 

It's Avatar 2 turn
Avatar 0 is at (2,1)
Avatar 1 is at (1,6)
Avatar 2 is at (4,7)
Avatar 3 is at (1,5)
Avatar 4 is at (5,5)
Avatar 2 tries to move east 

It's Avatar 3 turn
Avatar 0 is at (2,1)
Avatar 1 is at (1,6)
Avatar 2 is at (4,7)
Avatar 3 is at (1,5)
Avatar 4 is at (5,5)
Avatar 3 tries to move south 

It's Avatar 4 turn
Avatar 0 is at (2,1)
Avatar 1 is at (1,6)
Avatar 2 is at (4,7)
Avatar 3 is at (1,6)
Avatar 4 is at (5,5)
Avatar 4 tries to move south 

It's Avatar 1 turn
Avatar 0 is at (2,1)
Avatar 1 is at (1,6)
Avatar 2 is at (4,7)
Avatar 3 is at (1,6)
Avatar 4 is at (5,6)
Avatar 1 found a wall
Avatar 1 tries to move north

It's Avatar 2 turn
Avatar 0 is at (2,1)
Avatar 1 is at (1,5)
Avatar 2 is at (4,7)
Avatar 3 is at (1,6)
Avatar 4 is at (5,6)
Avatar 2 found a wall
Avatar 2 tries to move north

It's Avatar 3 turn
Avatar 0 is at (2,1)
Avatar 1 is at (1,5)
Avatar 2 is at (4,6)
Avatar 3 is at (1,6)
Avatar 4 is at (5,6)
Avatar 3 tries to move south 

It's Avatar 4 turn
Avatar 0 is at (2,1)
Avatar 1 is at (1,5)
Avatar 2 is at (4,6)
Avatar 3 is at (1,6)
Avatar 4 is at (5,6)
Avatar 4 tries to move west

It's Avatar 1 turn
Avatar 0 is at (2,1)
Avatar 1 is at (1,5)
Avatar 2 is at (4,6)
Avatar 3 is at (1,6)
Avatar 4 is at (4,6)
Avatar 1 tries to move west

It's Avatar 2 turn
Avatar 0 is at (2,1)
Avatar 1 is at (1,5)
Avatar 2 is at (4,6)
Avatar 3 is at (1,6)
Avatar 4 is at (4,6)
Avatar 2 tries to move west

It's Avatar 3 turn
Avatar 0 is at (2,1)
Avatar 1 is at (1,5)
Avatar 2 is at (4,6)
Avatar 3 is at (1,6)
Avatar 4 is at (4,6)
Avatar 3 found a wall
Avatar 3 tries to move west

It's Avatar 4 turn
Avatar 0 is at (2,1)
Avatar 1 is at (1,5)
Avatar 2 is at (4,6)
Avatar 3 is at (0,6)
Avatar 4 is at (4,6)
Avatar 4 tries to move south 

It's Avatar 1 turn
Avatar 0 is at (2,1)
Avatar 1 is at (1,5)
Avatar 2 is at (4,6)
Avatar 3 is at (0,6)
Avatar 4 is at (4,7)
Avatar 1 found a wall
Avatar 1 tries to move south 

It's Avatar 2 turn
Avatar 0 is at (2,1)
Avatar 1 is at (1,6)
Avatar 2 is at (4,6)
Avatar 3 is at (0,6)
Avatar 4 is at (4,7)
Avatar 2 found a wall
Avatar 2 tries to move south 

It's Avatar 3 turn
Avatar 0 is at (2,1)
Avatar 1 is at (1,6)
Avatar 2 is at (4,7)
Avatar 3 is at (0,6)
Avatar 4 is at (4,7)
Avatar 3 tries to move south 

It's Avatar 4 turn
Avatar 0 is at (2,1)
Avatar 1 is at (1,6)
Avatar 2 is at (4,7)
Avatar 3 is at (0,6)
Avatar 4 is at (4,7)
Avatar 4 tries to move south 

It's Avatar 1 turn
Avatar 0 is at (2,1)
Avatar 1 is at (1,6)
Avatar 2 is at (4,7)
Avatar 3 is at (0,6)
Avatar 4 is at (4,7)
Avatar 1 tries to move west

It's Avatar 2 turn
Avatar 0 is at (2,1)
Avatar 1 is at (0,6)
Avatar 2 is at (4,7)
Avatar 3 is at (0,6)
Avatar 4 is at (4,7)
Avatar 2 tries to move south 

It's Avatar 3 turn
Avatar 0 is at (2,1)
Avatar 1 is at (0,6)
Avatar 2 is at (4,7)
Avatar 3 is at (0,6)
Avatar 4 is at (4,7)
Avatar 3 found a wall
Avatar 3 tries to move east 

It's Avatar 4 turn
Avatar 0 is at (2,1)
Avatar 1 is at (0,6)
Avatar 2 is at (4,7)
Avatar 3 is at (1,6)
Avatar 4 is at (4,7)
Avatar 4 found a wall
Avatar 4 tries to move west

It's Avatar 1 turn
Avatar 0 is at (2,1)
Avatar 1 is at (0,6)
Avatar 2 is at (4,7)
Avatar 3 is at (1,6)
Avatar 4 is at (3,7)
Avatar 1 tries to move north

It's Avatar 2 turn
Avatar 0 is at (2,1)
Avatar 1 is at (0,5)
Avatar 2 is at (4,7)
Avatar 3 is at (1,6)
Avatar 4 is at (3,7)
Avatar 2 found a wall
Avatar 2 tries to move west

It's Avatar 3 turn
Avatar 0 is at (2,1)
Avatar 1 is at (0,5)
Avatar 2 is at (3,7)
Avatar 3 is at (1,6)
Avatar 4 is at (3,7)
Avatar 3 tries to move north

It's Avatar 4 turn
Avatar 0 is at (2,1)
Avatar 1 is at (0,5)
Avatar 2 is at (3,7)
Avatar 3 is at (1,5)
Avatar 4 is at (3,7)
Avatar 4 tries to move south 

It's Avatar 1 turn
Avatar 0 is at (2,1)
Avatar 1 is at (0,5)
Avatar 2 is at (3,7)
Avatar 3 is at (1,5)
Avatar 4 is at (3,7)
Avatar 1 tries to move north

It's Avatar 2 turn
Avatar 0 is at (2,1)
Avatar 1 is at (0,4)
Avatar 2 is at (3,7)
Avatar 3 is at (1,5)
Avatar 4 is at (3,7)
Avatar 2 tries to move south 

It's Avatar 3 turn
Avatar 0 is at (2,1)
Avatar 1 is at (0,4)
Avatar 2 is at (3,7)
Avatar 3 is at (1,5)
Avatar 4 is at (3,7)
Avatar 3 tries to move north

It's Avatar 4 turn
Avatar 0 is at (2,1)
Avatar 1 is at (0,4)
Avatar 2 is at (3,7)
Avatar 3 is at (1,5)
Avatar 4 is at (3,7)
Avatar 4 found a wall
Avatar 4 tries to move east 

It's Avatar 1 turn
Avatar 0 is at (2,1)
Avatar 1 is at (0,4)
Avatar 2 is at (3,7)
Avatar 3 is at (1,5)
Avatar 4 is at (4,7)
Avatar 1 tries to move north

It's Avatar 2 turn
Avatar 0 is at (2,1)
Avatar 1 is at (0,3)
Avatar 2 is at (3,7)
Avatar 3 is at (1,5)
Avatar 4 is at (4,7)
Avatar 2 found a wall
Avatar 2 tries to move east 

It's Avatar 3 turn
Avatar 0 is at (2,1)
Avatar 1 is at (0,3)
Avatar 2 is at (4,7)
Avatar 3 is at (1,5)
Avatar 4 is at (4,7)
Avatar 3 found a wall
Avatar 3 tries to move east 

It's Avatar 4 turn
Avatar 0 is at (2,1)
Avatar 1 is at (0,3)
Avatar 2 is at (4,7)
Avatar 3 is at (2,5)
Avatar 4 is at (4,7)
Avatar 4 tries to move north

It's Avatar 1 turn
Avatar 0 is at (2,1)
Avatar 1 is at (0,3)
Avatar 2 is at (4,7)
Avatar 3 is at (2,5)
Avatar 4 is at (4,6)
Avatar 1 tries to move north

It's Avatar 2 turn
Avatar 0 is at (2,1)
Avatar 1 is at (0,2)
Avatar 2 is at (4,7)
Avatar 3 is at (2,5)
Avatar 4 is at (4,6)
Avatar 2 tries to move north

It's Avatar 3 turn
Avatar 0 is at (2,1)
Avatar 1 is at (0,2)
Avatar 2 is at (4,6)
Avatar 3 is at (2,5)
Avatar 4 is at (4,6)
Avatar 3 tries to move south 

It's Avatar 4 turn
Avatar 0 is at (2,1)
Avatar 1 is at (0,2)
Avatar 2 is at (4,6)
Avatar 3 is at (2,6)
Avatar 4 is at (4,6)
Avatar 4 tries to move north

It's Avatar 1 turn
Avatar 0 is at (2,1)
Avatar 1 is at (0,2)
Avatar 2 is at (4,6)
Avatar 3 is at (2,6)
Avatar 4 is at (4,6)
Avatar 1 tries to move north

It's Avatar 2 turn
Avatar 0 is at (2,1)
Avatar 1 is at (0,1)
Avatar 2 is at (4,6)
Avatar 3 is at (2,6)
Avatar 4 is at (4,6)
Avatar 2 tries to move north

It's Avatar 3 turn
Avatar 0 is at (2,1)
Avatar 1 is at (0,1)
Avatar 2 is at (4,6)
Avatar 3 is at (2,6)
Avatar 4 is at (4,6)
Avatar 3 tries to move south 

It's Avatar 4 turn
Avatar 0 is at (2,1)
Avatar 1 is at (0,1)
Avatar 2 is at (4,6)
Avatar 3 is at (2,7)
Avatar 4 is at (4,6)
Avatar 4 found a wall
Avatar 4 tries to move east 

It's Avatar 1 turn
Avatar 0 is at (2,1)
Avatar 1 is at (0,1)
Avatar 2 is at (4,6)
Avatar 3 is at (2,7)
Avatar 4 is at (5,6)
Avatar 1 tries to move north

It's Avatar 2 turn
Avatar 0 is at (2,1)
Avatar 1 is at (0,0)
Avatar 2 is at (4,6)
Avatar 3 is at (2,7)
Avatar 4 is at (5,6)
Avatar 2 found a wall
Avatar 2 tries to move east 

It's Avatar 3 turn
Avatar 0 is at (2,1)
Avatar 1 is at (0,0)
Avatar 2 is at (5,6)
Avatar 3 is at (2,7)
Avatar 4 is at (5,6)
Avatar 3 tries to move east 

It's Avatar 4 turn
Avatar 0 is at (2,1)
Avatar 1 is at (0,0)
Avatar 2 is at (5,6)
Avatar 3 is at (2,7)
Avatar 4 is at (5,6)
Avatar 4 tries to move north

It's Avatar 1 turn
Avatar 0 is at (2,1)
Avatar 1 is at (0,0)
Avatar 2 is at (5,6)
Avatar 3 is at (2,7)
Avatar 4 is at (5,5)
Avatar 1 tries to move east 

It's Avatar 2 turn
Avatar 0 is at (2,1)
Avatar 1 is at (0,0)
Avatar 2 is at (5,6)
Avatar 3 is at (2,7)
Avatar 4 is at (5,5)
Avatar 2 tries to move north

It's Avatar 3 turn
Avatar 0 is at (2,1)
Avatar 1 is at (0,0)
Avatar 2 is at (5,5)
Avatar 3 is at (2,7)
Avatar 4 is at (5,5)
Avatar 3 found a wall
Avatar 3 tries to move north

It's Avatar 4 turn
Avatar 0 is at (2,1)
Avatar 1 is at (0,0)
Avatar 2 is at (5,5)
Avatar 3 is at (2,6)
Avatar 4 is at (5,5)
Avatar 4 tries to move west

It's Avatar 1 turn
Avatar 0 is at (2,1)
Avatar 1 is at (0,0)
Avatar 2 is at (5,5)
Avatar 3 is at (2,6)
Avatar 4 is at (4,5)
Avatar 1 found a wall
Avatar 1 tries to move south 

It's Avatar 2 turn
Avatar 0 is at (2,1)
Avatar 1 is at (0,1)
Avatar 2 is at (5,5)
Avatar 3 is at (2,6)
Avatar 4 is at (4,5)
Avatar 2 tries to move west

It's Avatar 3 turn
Avatar 0 is at (2,1)
Avatar 1 is at (0,1)
Avatar 2 is at (4,5)
Avatar 3 is at (2,6)
Avatar 4 is at (4,5)
Avatar 3 tries to move north

It's Avatar 4 turn
Avatar 0 is at (2,1)
Avatar 1 is at (0,1)
Avatar 2 is at (4,5)
Avatar 3 is at (2,5)
Avatar 4 is at (4,5)
Avatar 4 tries to move west

It's Avatar 1 turn
Avatar 0 is at (2,1)
Avatar 1 is at (0,1)
Avatar 2 is at (4,5)
Avatar 3 is at (2,5)
Avatar 4 is at (4,5)
Avatar 1 tries to move east 

It's Avatar 2 turn
Avatar 0 is at (2,1)
Avatar 1 is at (0,1)
Avatar 2 is at (4,5)
Avatar 3 is at (2,5)
Avatar 4 is at (4,5)
Avatar 2 tries to move west

It's Avatar 3 turn
Avatar 0 is at (2,1)
Avatar 1 is at (0,1)
Avatar 2 is at (4,5)
Avatar 3 is at (2,5)
Avatar 4 is at (4,5)
Avatar 3 tries to move west

It's Avatar 4 turn
Avatar 0 is at (2,1)
Avatar 1 is at (0,1)
Avatar 2 is at (4,5)
Avatar 3 is at (1,5)
Avatar 4 is at (4,5)
Avatar 4 found a wall
Avatar 4 tries to move north

It's Avatar 1 turn
Avatar 0 is at (2,1)
Avatar 1 is at (0,1)
Avatar 2 is at (4,5)
Avatar 3 is at (1,5)
Avatar 4 is at (4,4)
Avatar 1 found a wall
Avatar 1 tries to move south 

It's Avatar 2 turn
Avatar 0 is at (2,1)
Avatar 1 is at (0,2)
Avatar 2 is at (4,5)
Avatar 3 is at (1,5)
Avatar 4 is at (4,4)
Avatar 2 found a wall
Avatar 2 tries to move north

It's Avatar 3 turn
Avatar 0 is at (2,1)
Avatar 1 is at (0,2)
Avatar 2 is at (4,4)
Avatar 3 is at (1,5)
Avatar 4 is at (4,4)
Avatar 3 tries to move south 

It's Avatar 4 turn
Avatar 0 is at (2,1)
Avatar 1 is at (0,2)
Avatar 2 is at (4,4)
Avatar 3 is at (1,6)
Avatar 4 is at (4,4)
Avatar 4 tries to move west

It's Avatar 1 turn
Avatar 0 is at (2,1)
Avatar 1 is at (0,2)
Avatar 2 is at (4,4)
Avatar 3 is at (1,6)
Avatar 4 is at (4,4)
Avatar 1 tries to move east 

It's Avatar 2 turn
Avatar 0 is at (2,1)
Avatar 1 is at (1,2)
Avatar 2 is at (4,4)
Avatar 3 is at (1,6)
Avatar 4 is at (4,4)
Avatar 2 tries to move west

It's Avatar 3 turn
Avatar 0 is at (2,1)
Avatar 1 is at (1,2)
Avatar 2 is at (4,4)
Avatar 3 is at (1,6)
Avatar 4 is at (4,4)
Avatar 3 tries to move west

It's Avatar 4 turn
Avatar 0 is at (2,1)
Avatar 1 is at (1,2)
Avatar 2 is at (4,4)
Avatar 3 is at (0,6)
Avatar 4 is at (4,4)
Avatar 4 found a wall
Avatar 4 tries to move south 

It's Avatar 1 turn
Avatar 0 is at (2,1)
Avatar 1 is at (1,2)
Avatar 2 is at (4,4)
Avatar 3 is at (0,6)
Avatar 4 is at (4,5)
Avatar 1 tries to move north

It's Avatar 2 turn
Avatar 0 is at (2,1)
Avatar 1 is at (1,1)
Avatar 2 is at (4,4)
Avatar 3 is at (0,6)
Avatar 4 is at (4,5)
Avatar 2 found a wall
Avatar 2 tries to move south 

It's Avatar 3 turn
Avatar 0 is at (2,1)
Avatar 1 is at (1,1)
Avatar 2 is at (4,5)
Avatar 3 is at (0,6)
Avatar 4 is at (4,5)
Avatar 3 tries to move north

It's Avatar 4 turn
Avatar 0 is at (2,1)
Avatar 1 is at (1,1)
Avatar 2 is at (4,5)
Avatar 3 is at (0,5)
Avatar 4 is at (4,5)
Avatar 4 tries to move east 

It's Avatar 1 turn
Avatar 0 is at (2,1)
Avatar 1 is at (1,1)
Avatar 2 is at (4,5)
Avatar 3 is at (0,5)
Avatar 4 is at (5,5)
Avatar 1 tries to move north

It's Avatar 2 turn
Avatar 0 is at (2,1)
Avatar 1 is at (1,0)
Avatar 2 is at (4,5)
Avatar 3 is at (0,5)
Avatar 4 is at (5,5)
Avatar 2 tries to move east 

It's Avatar 3 turn
Avatar 0 is at (2,1)
Avatar 1 is at (1,0)
Avatar 2 is at (5,5)
Avatar 3 is at (0,5)
Avatar 4 is at (5,5)
Avatar 3 tries to move north

It's Avatar 4 turn
Avatar 0 is at (2,1)
Avatar 1 is at (1,0)
Avatar 2 is at (5,5)
Avatar 3 is at (0,4)
Avatar 4 is at (5,5)
Avatar 4 tries to move south 

It's Avatar 1 turn
Avatar 0 is at (2,1)
Avatar 1 is at (1,0)
Avatar 2 is at (5,5)
Avatar 3 is at (0,4)
Avatar 4 is at (5,6)
Avatar 1 tries to move east 

It's Avatar 2 turn
Avatar 0 is at (2,1)
Avatar 1 is at (2,0)
Avatar 2 is at (5,5)
Avatar 3 is at (0,4)
Avatar 4 is at (5,6)
Avatar 2 tries to move south 

It's Avatar 3 turn
Avatar 0 is at (2,1)
Avatar 1 is at (2,0)
Avatar 2 is at (5,6)
Avatar 3 is at (0,4)
Avatar 4 is at (5,6)
Avatar 3 tries to move north

It's Avatar 4 turn
Avatar 0 is at (2,1)
Avatar 1 is at (2,0)
Avatar 2 is at (5,6)
Avatar 3 is at (0,3)
Avatar 4 is at (5,6)
Avatar 4 tries to move west

It's Avatar 1 turn
Avatar 0 is at (2,1)
Avatar 1 is at (2,0)
Avatar 2 is at (5,6)
Avatar 3 is at (0,3)
Avatar 4 is at (4,6)
Avatar 1 tries to move east 

It's Avatar 2 turn
Avatar 0 is at (2,1)
Avatar 1 is at (3,0)
Avatar 2 is at (5,6)
Avatar 3 is at (0,3)
Avatar 4 is at (4,6)
Avatar 2 tries to move west

It's Avatar 3 turn
Avatar 0 is at (2,1)
Avatar 1 is at (3,0)
Avatar 2 is at (4,6)
Avatar 3 is at (0,3)
Avatar 4 is at (4,6)
Avatar 3 tries to move north

It's Avatar 4 turn
Avatar 0 is at (2,1)
Avatar 1 is at (3,0)
Avatar 2 is at (4,6)
Avatar 3 is at (0,2)
Avatar 4 is at (4,6)
Avatar 4 tries to move south 

It's Avatar 1 turn
Avatar 0 is at (2,1)
Avatar 1 is at (3,0)
Avatar 2 is at (4,6)
Avatar 3 is at (0,2)
Avatar 4 is at (4,7)
Avatar 1 tries to move east 

It's Avatar 2 turn
Avatar 0 is at (2,1)
Avatar 1 is at (3,0)
Avatar 2 is at (4,6)
Avatar 3 is at (0,2)
Avatar 4 is at (4,7)
Avatar 2 tries to move south 

It's Avatar 3 turn
Avatar 0 is at (2,1)
Avatar 1 is at (3,0)
Avatar 2 is at (4,7)
Avatar 3 is at (0,2)
Avatar 4 is at (4,7)
Avatar 3 tries to move east 

It's Avatar 4 turn
Avatar 0 is at (2,1)
Avatar 1 is at (3,0)
Avatar 2 is at (4,7)
Avatar 3 is at (1,2)
Avatar 4 is at (4,7)
Avatar 4 tries to move west

It's Avatar 1 turn
Avatar 0 is at (2,1)
Avatar 1 is at (3,0)
Avatar 2 is at (4,7)
Avatar 3 is at (1,2)
Avatar 4 is at (3,7)
Avatar 1 found a wall
Avatar 1 tries to move south 

It's Avatar 2 turn
Avatar 0 is at (2,1)
Avatar 1 is at (3,0)
Avatar 2 is at (4,7)
Avatar 3 is at (1,2)
Avatar 4 is at (3,7)
Avatar 2 tries to move west

It's Avatar 3 turn
Avatar 0 is at (2,1)
Avatar 1 is at (3,0)
Avatar 2 is at (3,7)
Avatar 3 is at (1,2)
Avatar 4 is at (3,7)
Avatar 3 tries to move north

It's Avatar 4 turn
Avatar 0 is at (2,1)
Avatar 1 is at (3,0)
Avatar 2 is at (3,7)
Avatar 3 is at (1,1)
Avatar 4 is at (3,7)
Avatar 4 tries to move north

It's Avatar 1 turn
Avatar 0 is at (2,1)
Avatar 1 is at (3,0)
Avatar 2 is at (3,7)
Avatar 3 is at (1,1)
Avatar 4 is at (3,6)
Avatar 1 found a wall
Avatar 1 tries to move west

It's Avatar 2 turn
Avatar 0 is at (2,1)
Avatar 1 is at (2,0)
Avatar 2 is at (3,7)
Avatar 3 is at (1,1)
Avatar 4 is at (3,6)
Avatar 2 tries to move north

It's Avatar 3 turn
Avatar 0 is at (2,1)
Avatar 1 is at (2,0)
Avatar 2 is at (3,6)
Avatar 3 is at (1,1)
Avatar 4 is at (3,6)
Avatar 3 tries to move north

It's Avatar 4 turn
Avatar 0 is at (2,1)
Avatar 1 is at (2,0)
Avatar 2 is at (3,6)
Avatar 3 is at (1,0)
Avatar 4 is at (3,6)
Avatar 4 tries to move north

It's Avatar 1 turn
Avatar 0 is at (2,1)
Avatar 1 is at (2,0)
Avatar 2 is at (3,6)
Avatar 3 is at (1,0)
Avatar 4 is at (3,5)
Avatar 1 tries to move south 

It's Avatar 2 turn
Avatar 0 is at (2,1)
Avatar 1 is at (2,1)
Avatar 2 is at (3,6)
Avatar 3 is at (1,0)
Avatar 4 is at (3,5)
Avatar 2 tries to move north

It's Avatar 3 turn
Avatar 0 is at (2,1)
Avatar 1 is at (2,1)
Avatar 2 is at (3,5)
Avatar 3 is at (1,0)
Avatar 4 is at (3,5)
Avatar 3 tries to move east 

It's Avatar 4 turn
Avatar 0 is at (2,1)
Avatar 1 is at (2,1)
Avatar 2 is at (3,5)
Avatar 3 is at (2,0)
Avatar 4 is at (3,5)
Avatar 4 tries to move north

It's Avatar 1 turn
Avatar 0 is at (2,1)
Avatar 1 is at (2,1)
Avatar 2 is at (3,5)
Avatar 3 is at (2,0)
Avatar 4 is at (3,4)

It's Avatar 2 turn
Avatar 0 is at (2,1)
Avatar 1 is at (2,1)
Avatar 2 is at (3,5)
Avatar 3 is at (2,0)
Avatar 4 is at (3,4)
Avatar 2 tries to move north

It's Avatar 3 turn
Avatar 0 is at (2,1)
Avatar 1 is at (2,1)
Avatar 2 is at (3,4)
Avatar 3 is at (2,0)
Avatar 4 is at (3,4)
Avatar 3 tries to move south 

It's Avatar 4 turn
Avatar 0 is at (2,1)
Avatar 1 is at (2,1)
Avatar 2 is at (3,4)
Avatar 3 is at (2,1)
Avatar 4 is at (3,4)
Avatar 4 tries to move west

It's Avatar 1 turn
Avatar 0 is at (2,1)
Avatar 1 is at (2,1)
Avatar 2 is at (3,4)
Avatar 3 is at (2,1)
Avatar 4 is at (2,4)

It's Avatar 2 turn
Avatar 0 is at (2,1)
Avatar 1 is at (2,1)
Avatar 2 is at (3,4)
Avatar 3 is at (2,1)
Avatar 4 is at (2,4)
Avatar 2 tries to move west

It's Avatar 3 turn
Avatar 0 is at (2,1)
Avatar 1 is at (2,1)
Avatar 2 is at (2,4)
Avatar 3 is at (2,1)
Avatar 4 is at (2,4)

It's Avatar 4 turn
Avatar 0 is at (2,1)
Avatar 1 is at (2,1)
Avatar 2 is at (2,4)
Avatar 3 is at (2,1)
Avatar 4 is at (2,4)
Avatar 4 tries to move west

It's Avatar 1 turn
Avatar 0 is at (2,1)
Avatar 1 is at (2,1)
Avatar 2 is at (2,4)
Avatar 3 is at (2,1)
Avatar 4 is at (1,4)

It's Avatar 2 turn
Avatar 0 is at (2,1)
Avatar 1 is at (2,1)
Avatar 2 is at (2,4)
Avatar 3 is at (2,1)
Avatar 4 is at (1,4)
Avatar 2 tries to move west

It's Avatar 3 turn
Avatar 0 is at (2,1)
Avatar 1 is at (2,1)
Avatar 2 is at (1,4)
Avatar 3 is at (2,1)
Avatar 4 is at (1,4)

It's Avatar 4 turn
Avatar 0 is at (2,1)
Avatar 1 is at (2,1)
Avatar 2 is at (1,4)
Avatar 3 is at (2,1)
Avatar 4 is at (1,4)
Avatar 4 tries to move west

It's Avatar 1 turn
Avatar 0 is at (2,1)
Avatar 1 is at (2,1)
Avatar 2 is at (1,4)
Avatar 3 is at (2,1)
Avatar 4 is at (1,4)

It's Avatar 2 turn
Avatar 0 is at (2,1)
Avatar 1 is at (2,1)
Avatar 2 is at (1,4)
Avatar 3 is at (2,1)
Avatar 4 is at (1,4)
Avatar 2 tries to move west

It's Avatar 3 turn
Avatar 0 is at (2,1)
Avatar 1 is at (2,1)
Avatar 2 is at (1,4)
Avatar 3 is at (2,1)
Avatar 4 is at (1,4)

It's Avatar 4 turn
Avatar 0 is at (2,1)
Avatar 1 is at (2,1)
Avatar 2 is at (1,4)
Avatar 3 is at (2,1)
Avatar 4 is at (1,4)
Avatar 4 found a wall
Avatar 4 tries to move north

It's Avatar 1 turn
Avatar 0 is at (2,1)
Avatar 1 is at (2,1)
Avatar 2 is at (1,4)
Avatar 3 is at (2,1)
Avatar 4 is at (1,3)

It's Avatar 2 turn
Avatar 0 is at (2,1)
Avatar 1 is at (2,1)
Avatar 2 is at (1,4)
Avatar 3 is at (2,1)
Avatar 4 is at (1,3)
Avatar 2 found a wall
Avatar 2 tries to move north

It's Avatar 3 turn
Avatar 0 is at (2,1)
Avatar 1 is at (2,1)
Avatar 2 is at (1,3)
Avatar 3 is at (2,1)
Avatar 4 is at (1,3)

It's Avatar 4 turn
Avatar 0 is at (2,1)
Avatar 1 is at (2,1)
Avatar 2 is at (1,3)
Avatar 3 is at (2,1)
Avatar 4 is at (1,3)
Avatar 4 tries to move west

It's Avatar 1 turn
Avatar 0 is at (2,1)
Avatar 1 is at (2,1)
Avatar 2 is at (1,3)
Avatar 3 is at (2,1)
Avatar 4 is at (1,3)

It's Avatar 2 turn
Avatar 0 is at (2,1)
Avatar 1 is at (2,1)
Avatar 2 is at (1,3)
Avatar 3 is at (2,1)
Avatar 4 is at (1,3)
Avatar 2 tries to move west

It's Avatar 3 turn
Avatar 0 is at (2,1)
Avatar 1 is at (2,1)
Avatar 2 is at (1,3)
Avatar 3 is at (2,1)
Avatar 4 is at (1,3)

It's Avatar 4 turn
Avatar 0 is at (2,1)
Avatar 1 is at (2,1)
Avatar 2 is at (1,3)
Avatar 3 is at (2,1)
Avatar 4 is at (1,3)
Avatar 4 found a wall
Avatar 4 tries to move south 

It's Avatar 1 turn
Avatar 0 is at (2,1)
Avatar 1 is at (2,1)
Avatar 2 is at (1,3)
Avatar 3 is at (2,1)
Avatar 4 is at (1,4)

It's Avatar 2 turn
Avatar 0 is at (2,1)
Avatar 1 is at (2,1)
Avatar 2 is at (1,3)
Avatar 3 is at (2,1)
Avatar 4 is at (1,4)
Avatar 2 found a wall
Avatar 2 tries to move south 

It's Avatar 3 turn
Avatar 0 is at (2,1)
Avatar 1 is at (2,1)
Avatar 2 is at (1,4)
Avatar 3 is at (2,1)
Avatar 4 is at (1,4)

It's Avatar 4 turn
Avatar 0 is at (2,1)
Avatar 1 is at (2,1)
Avatar 2 is at (1,4)
Avatar 3 is at (2,1)
Avatar 4 is at (1,4)
Avatar 4 tries to move east 

It's Avatar 1 turn
Avatar 0 is at (2,1)
Avatar 1 is at (2,1)
Avatar 2 is at (1,4)
Avatar 3 is at (2,1)
Avatar 4 is at (2,4)

It's Avatar 2 turn
Avatar 0 is at (2,1)
Avatar 1 is at (2,1)
Avatar 2 is at (1,4)
Avatar 3 is at (2,1)
Avatar 4 is at (2,4)
Avatar 2 tries to move east 

It's Avatar 3 turn
Avatar 0 is at (2,1)
Avatar 1 is at (2,1)
Avatar 2 is at (2,4)
Avatar 3 is at (2,1)
Avatar 4 is at (2,4)

It's Avatar 4 turn
Avatar 0 is at (2,1)
Avatar 1 is at (2,1)
Avatar 2 is at (2,4)
Avatar 3 is at (2,1)
Avatar 4 is at (2,4)
Avatar 4 tries to move north

It's Avatar 1 turn
Avatar 0 is at (2,1)
Avatar 1 is at (2,1)
Avatar 2 is at (2,4)
Avatar 3 is at (2,1)
Avatar 4 is at (2,4)

It's Avatar 2 turn
Avatar 0 is at (2,1)
Avatar 1 is at (2,1)
Avatar 2 is at (2,4)
Avatar 3 is at (2,1)
Avatar 4 is at (2,4)
Avatar 2 tries to move north

It's Avatar 3 turn
Avatar 0 is at (2,1)
Avatar 1 is at (2,1)
Avatar 2 is at (2,4)
Avatar 3 is at (2,1)
Avatar 4 is at (2,4)

It's Avatar 4 turn
Avatar 0 is at (2,1)
Avatar 1 is at (2,1)
Avatar 2 is at (2,4)
Avatar 3 is at (2,1)
Avatar 4 is at (2,4)
Avatar 4 found a wall
Avatar 4 tries to move west

It's Avatar 1 turn
Avatar 0 is at (2,1)
Avatar 1 is at (2,1)
Avatar 2 is at (2,4)
Avatar 3 is at (2,1)
Avatar 4 is at (1,4)

It's Avatar 2 turn
Avatar 0 is at (2,1)
Avatar 1 is at (2,1)
Avatar 2 is at (2,4)
Avatar 3 is at (2,1)
Avatar 4 is at (1,4)
Avatar 2 found a wall
Avatar 2 tries to move west

It's Avatar 3 turn
Avatar 0 is at (2,1)
Avatar 1 is at (2,1)
Avatar 2 is at (1,4)
Avatar 3 is at (2,1)
Avatar 4 is at (1,4)

It's Avatar 4 turn
Avatar 0 is at (2,1)
Avatar 1 is at (2,1)
Avatar 2 is at (1,4)
Avatar 3 is at (2,1)
Avatar 4 is at (1,4)
Avatar 4 tries to move north

It's Avatar 1 turn
Avatar 0 is at (2,1)
Avatar 1 is at (2,1)
Avatar 2 is at (1,4)
Avatar 3 is at (2,1)
Avatar 4 is at (1,3)

It's Avatar 2 turn
Avatar 0 is at (2,1)
Avatar 1 is at (2,1)
Avatar 2 is at (1,4)
Avatar 3 is at (2,1)
Avatar 4 is at (1,3)
Avatar 2 tries to move north

It's Avatar 3 turn
Avatar 0 is at (2,1)
Avatar 1 is at (2,1)
Avatar 2 is at (1,3)
Avatar 3 is at (2,1)
Avatar 4 is at (1,3)

It's Avatar 4 turn
Avatar 0 is at (2,1)
Avatar 1 is at (2,1)
Avatar 2 is at (1,3)
Avatar 3 is at (2,1)
Avatar 4 is at (1,3)
Avatar 4 tries to move north

It's Avatar 1 turn
Avatar 0 is at (2,1)
Avatar 1 is at (2,1)
Avatar 2 is at (1,3)
Avatar 3 is at (2,1)
Avatar 4 is at (1,3)

It's Avatar 2 turn
Avatar 0 is at (2,1)
Avatar 1 is at (2,1)
Avatar 2 is at (1,3)
Avatar 3 is at (2,1)
Avatar 4 is at (1,3)
Avatar 2 tries to move north

It's Avatar 3 turn
Avatar 0 is at (2,1)
Avatar 1 is at (2,1)
Avatar 2 is at (1,3)
Avatar 3 is at (2,1)
Avatar 4 is at (1,3)

It's Avatar 4 turn
Avatar 0 is at (2,1)
Avatar 1 is at (2,1)
Avatar 2 is at (1,3)
Avatar 3 is at (2,1)
Avatar 4 is at (1,3)
Avatar 4 found a wall
Avatar 4 tries to move east 

It's Avatar 1 turn
Avatar 0 is at (2,1)
Avatar 1 is at (2,1)
Avatar 2 is at (1,3)
Avatar 3 is at (2,1)
Avatar 4 is at (1,3)

It's Avatar 2 turn
Avatar 0 is at (2,1)
Avatar 1 is at (2,1)
Avatar 2 is at (1,3)
Avatar 3 is at (2,1)
Avatar 4 is at (1,3)
Avatar 2 found a wall
Avatar 2 tries to move east 

It's Avatar 3 turn
Avatar 0 is at (2,1)
Avatar 1 is at (2,1)
Avatar 2 is at (1,3)
Avatar 3 is at (2,1)
Avatar 4 is at (1,3)

It's Avatar 4 turn
Avatar 0 is at (2,1)
Avatar 1 is at (2,1)
Avatar 2 is at (1,3)
Avatar 3 is at (2,1)
Avatar 4 is at (1,3)
Avatar 4 found a wall
Avatar 4 tries to move south 

It's Avatar 1 turn
Avatar 0 is at (2,1)
Avatar 1 is at (2,1)
Avatar 2 is at (1,3)
Avatar 3 is at (2,1)
Avatar 4 is at (1,4)

It's Avatar 2 turn
Avatar 0 is at (2,1)
Avatar 1 is at (2,1)
Avatar 2 is at (1,3)
Avatar 3 is at (2,1)
Avatar 4 is at (1,4)
Avatar 2 found a wall
Avatar 2 tries to move south 

It's Avatar 3 turn
Avatar 0 is at (2,1)
Avatar 1 is at (2,1)
Avatar 2 is at (1,4)
Avatar 3 is at (2,1)
Avatar 4 is at (1,4)

It's Avatar 4 turn
Avatar 0 is at (2,1)
Avatar 1 is at (2,1)
Avatar 2 is at (1,4)
Avatar 3 is at (2,1)
Avatar 4 is at (1,4)
Avatar 4 tries to move east 

It's Avatar 1 turn
Avatar 0 is at (2,1)
Avatar 1 is at (2,1)
Avatar 2 is at (1,4)
Avatar 3 is at (2,1)
Avatar 4 is at (2,4)

It's Avatar 2 turn
Avatar 0 is at (2,1)
Avatar 1 is at (2,1)
Avatar 2 is at (1,4)
Avatar 3 is at (2,1)
Avatar 4 is at (2,4)
Avatar 2 tries to move east 

It's Avatar 3 turn
Avatar 0 is at (2,1)
Avatar 1 is at (2,1)
Avatar 2 is at (2,4)
Avatar 3 is at (2,1)
Avatar 4 is at (2,4)

It's Avatar 4 turn
Avatar 0 is at (2,1)
Avatar 1 is at (2,1)
Avatar 2 is at (2,4)
Avatar 3 is at (2,1)
Avatar 4 is at (2,4)
Avatar 4 tries to move east 

It's Avatar 1 turn
Avatar 0 is at (2,1)
Avatar 1 is at (2,1)
Avatar 2 is at (2,4)
Avatar 3 is at (2,1)
Avatar 4 is at (3,4)

It's Avatar 2 turn
Avatar 0 is at (2,1)
Avatar 1 is at (2,1)
Avatar 2 is at (2,4)
Avatar 3 is at (2,1)
Avatar 4 is at (3,4)
Avatar 2 tries to move east 

It's Avatar 3 turn
Avatar 0 is at (2,1)
Avatar 1 is at (2,1)
Avatar 2 is at (3,4)
Avatar 3 is at (2,1)
Avatar 4 is at (3,4)

It's Avatar 4 turn
Avatar 0 is at (2,1)
Avatar 1 is at (2,1)
Avatar 2 is at (3,4)
Avatar 3 is at (2,1)
Avatar 4 is at (3,4)
Avatar 4 tries to move north

It's Avatar 1 turn
Avatar 0 is at (2,1)
Avatar 1 is at (2,1)
Avatar 2 is at (3,4)
Avatar 3 is at (2,1)
Avatar 4 is at (3,4)

It's Avatar 2 turn
Avatar 0 is at (2,1)
Avatar 1 is at (2,1)
Avatar 2 is at (3,4)
Avatar 3 is at (2,1)
Avatar 4 is at (3,4)
Avatar 2 tries to move north

It's Avatar 3 turn
Avatar 0 is at (2,1)
Avatar 1 is at (2,1)
Avatar 2 is at (3,4)
Avatar 3 is at (2,1)
Avatar 4 is at (3,4)

It's Avatar 4 turn
Avatar 0 is at (2,1)
Avatar 1 is at (2,1)
Avatar 2 is at (3,4)
Avatar 3 is at (2,1)
Avatar 4 is at (3,4)
Avatar 4 found a wall
Avatar 4 tries to move south 

It's Avatar 1 turn
Avatar 0 is at (2,1)
Avatar 1 is at (2,1)
Avatar 2 is at (3,4)
Avatar 3 is at (2,1)
Avatar 4 is at (3,5)

It's Avatar 2 turn
Avatar 0 is at (2,1)
Avatar 1 is at (2,1)
Avatar 2 is at (3,4)
Avatar 3 is at (2,1)
Avatar 4 is at (3,5)
Avatar 2 found a wall
Avatar 2 tries to move south 

It's Avatar 3 turn
Avatar 0 is at (2,1)
Avatar 1 is at (2,1)
Avatar 2 is at (3,5)
Avatar 3 is at (2,1)
Avatar 4 is at (3,5)

It's Avatar 4 turn
Avatar 0 is at (2,1)
Avatar 1 is at (2,1)
Avatar 2 is at (3,5)
Avatar 3 is at (2,1)
Avatar 4 is at (3,5)
Avatar 4 tries to move south 

It's Avatar 1 turn
Avatar 0 is at (2,1)
Avatar 1 is at (2,1)
Avatar 2 is at (3,5)
Avatar 3 is at (2,1)
Avatar 4 is at (3,6)

It's Avatar 2 turn
Avatar 0 is at (2,1)
Avatar 1 is at (2,1)
Avatar 2 is at (3,5)
Avatar 3 is at (2,1)
Avatar 4 is at (3,6)
Avatar 2 tries to move south 

It's Avatar 3 turn
Avatar 0 is at (2,1)
Avatar 1 is at (2,1)
Avatar 2 is at (3,6)
Avatar 3 is at (2,1)
Avatar 4 is at (3,6)

It's Avatar 4 turn
Avatar 0 is at (2,1)
Avatar 1 is at (2,1)
Avatar 2 is at (3,6)
Avatar 3 is at (2,1)
Avatar 4 is at (3,6)
Avatar 4 tries to move south 

It's Avatar 1 turn
Avatar 0 is at (2,1)
Avatar 1 is at (2,1)
Avatar 2 is at (3,6)
Avatar 3 is at (2,1)
Avatar 4 is at (3,7)

It's Avatar 2 turn
Avatar 0 is at (2,1)
Avatar 1 is at (2,1)
Avatar 2 is at (3,6)
Avatar 3 is at (2,1)
Avatar 4 is at (3,7)
Avatar 2 tries to move south 

It's Avatar 3 turn
Avatar 0 is at (2,1)
Avatar 1 is at (2,1)
Avatar 2 is at (3,7)
Avatar 3 is at (2,1)
Avatar 4 is at (3,7)

It's Avatar 4 turn
Avatar 0 is at (2,1)
Avatar 1 is at (2,1)
Avatar 2 is at (3,7)
Avatar 3 is at (2,1)
Avatar 4 is at (3,7)
Avatar 4 tries to move east 

It's Avatar 1 turn
Avatar 0 is at (2,1)
Avatar 1 is at (2,1)
Avatar 2 is at (3,7)
Avatar 3 is at (2,1)
Avatar 4 is at (4,7)

It's Avatar 2 turn
Avatar 0 is at (2,1)
Avatar 1 is at (2,1)
Avatar 2 is at (3,7)
Avatar 3 is at (2,1)
Avatar 4 is at (4,7)
Avatar 2 tries to move east 

It's Avatar 3 turn
Avatar 0 is at (2,1)
Avatar 1 is at (2,1)
Avatar 2 is at (4,7)
Avatar 3 is at (2,1)
Avatar 4 is at (4,7)

It's Avatar 4 turn
Avatar 0 is at (2,1)
Avatar 1 is at (2,1)
Avatar 2 is at (4,7)
Avatar 3 is at (2,1)
Avatar 4 is at (4,7)
Avatar 4 tries to move north

It's Avatar 1 turn
Avatar 0 is at (2,1)
Avatar 1 is at (2,1)
Avatar 2 is at (4,7)
Avatar 3 is at (2,1)
Avatar 4 is at (4,6)

It's Avatar 2 turn
Avatar 0 is at (2,1)
Avatar 1 is at (2,1)
Avatar 2 is at (4,7)
Avatar 3 is at (2,1)
Avatar 4 is at (4,6)
Avatar 2 tries to move north

It's Avatar 3 turn
Avatar 0 is at (2,1)
Avatar 1 is at (2,1)
Avatar 2 is at (4,6)
Avatar 3 is at (2,1)
Avatar 4 is at (4,6)

It's Avatar 4 turn
Avatar 0 is at (2,1)
Avatar 1 is at (2,1)
Avatar 2 is at (4,6)
Avatar 3 is at (2,1)
Avatar 4 is at (4,6)
Avatar 4 tries to move east 

It's Avatar 1 turn
Avatar 0 is at (2,1)
Avatar 1 is at (2,1)
Avatar 2 is at (4,6)
Avatar 3 is at (2,1)
Avatar 4 is at (5,6)

It's Avatar 2 turn
Avatar 0 is at (2,1)
Avatar 1 is at (2,1)
Avatar 2 is at (4,6)
Avatar 3 is at (2,1)
Avatar 4 is at (5,6)
Avatar 2 tries to move east 

It's Avatar 3 turn
Avatar 0 is at (2,1)
Avatar 1 is at (2,1)
Avatar 2 is at (5,6)
Avatar 3 is at (2,1)
Avatar 4 is at (5,6)

It's Avatar 4 turn
Avatar 0 is at (2,1)
Avatar 1 is at (2,1)
Avatar 2 is at (5,6)
Avatar 3 is at (2,1)
Avatar 4 is at (5,6)
Avatar 4 tries to move north

It's Avatar 1 turn
Avatar 0 is at (2,1)
Avatar 1 is at (2,1)
Avatar 2 is at (5,6)
Avatar 3 is at (2,1)
Avatar 4 is at (5,5)

It's Avatar 2 turn
Avatar 0 is at (2,1)
Avatar 1 is at (2,1)
Avatar 2 is at (5,6)
Avatar 3 is at (2,1)
Avatar 4 is at (5,5)
Avatar 2 tries to move north

It's Avatar 3 turn
Avatar 0 is at (2,1)
Avatar 1 is at (2,1)
Avatar 2 is at (5,5)
Avatar 3 is at (2,1)
Avatar 4 is at (5,5)

It's Avatar 4 turn
Avatar 0 is at (2,1)
Avatar 1 is at (2,1)
Avatar 2 is at (5,5)
Avatar 3 is at (2,1)
Avatar 4 is at (5,5)
Avatar 4 tries to move west

It's Avatar 1 turn
Avatar 0 is at (2,1)
Avatar 1 is at (2,1)
Avatar 2 is at (5,5)
Avatar 3 is at (2,1)
Avatar 4 is at (4,5)

It's Avatar 2 turn
Avatar 0 is at (2,1)
Avatar 1 is at (2,1)
Avatar 2 is at (5,5)
Avatar 3 is at (2,1)
Avatar 4 is at (4,5)
Avatar 2 tries to move west

It's Avatar 3 turn
Avatar 0 is at (2,1)
Avatar 1 is at (2,1)
Avatar 2 is at (4,5)
Avatar 3 is at (2,1)
Avatar 4 is at (4,5)

It's Avatar 4 turn
Avatar 0 is at (2,1)
Avatar 1 is at (2,1)
Avatar 2 is at (4,5)
Avatar 3 is at (2,1)
Avatar 4 is at (4,5)
Avatar 4 tries to move north

It's Avatar 1 turn
Avatar 0 is at (2,1)
Avatar 1 is at (2,1)
Avatar 2 is at (4,5)
Avatar 3 is at (2,1)
Avatar 4 is at (4,4)

It's Avatar 2 turn
Avatar 0 is at (2,1)
Avatar 1 is at (2,1)
Avatar 2 is at (4,5)
Avatar 3 is at (2,1)
Avatar 4 is at (4,4)
Avatar 2 tries to move north

It's Avatar 3 turn
Avatar 0 is at (2,1)
Avatar 1 is at (2,1)
Avatar 2 is at (4,4)
Avatar 3 is at (2,1)
Avatar 4 is at (4,4)

It's Avatar 4 turn
Avatar 0 is at (2,1)
Avatar 1 is at (2,1)
Avatar 2 is at (4,4)
Avatar 3 is at (2,1)
Avatar 4 is at (4,4)
Avatar 4 tries to move north

It's Avatar 1 turn
Avatar 0 is at (2,1)
Avatar 1 is at (2,1)
Avatar 2 is at (4,4)
Avatar 3 is at (2,1)
Avatar 4 is at (4,4)

It's Avatar 2 turn
Avatar 0 is at (2,1)
Avatar 1 is at (2,1)
Avatar 2 is at (4,4)
Avatar 3 is at (2,1)
Avatar 4 is at (4,4)
Avatar 2 tries to move north

It's Avatar 3 turn
Avatar 0 is at (2,1)
Avatar 1 is at (2,1)
Avatar 2 is at (4,4)
Avatar 3 is at (2,1)
Avatar 4 is at (4,4)

It's Avatar 4 turn
Avatar 0 is at (2,1)
Avatar 1 is at (2,1)
Avatar 2 is at (4,4)
Avatar 3 is at (2,1)
Avatar 4 is at (4,4)
Avatar 4 found a wall
Avatar 4 tries to move east 

It's Avatar 1 turn
Avatar 0 is at (2,1)
Avatar 1 is at (2,1)
Avatar 2 is at (4,4)
Avatar 3 is at (2,1)
Avatar 4 is at (5,4)

It's Avatar 2 turn
Avatar 0 is at (2,1)
Avatar 1 is at (2,1)
Avatar 2 is at (4,4)
Avatar 3 is at (2,1)
Avatar 4 is at (5,4)
Avatar 2 found a wall
Avatar 2 tries to move east 

It's Avatar 3 turn
Avatar 0 is at (2,1)
Avatar 1 is at (2,1)
Avatar 2 is at (5,4)
Avatar 3 is at (2,1)
Avatar 4 is at (5,4)

It's Avatar 4 turn
Avatar 0 is at (2,1)
Avatar 1 is at (2,1)
Avatar 2 is at (5,4)
Avatar 3 is at (2,1)
Avatar 4 is at (5,4)
Avatar 4 tries to move north

It's Avatar 1 turn
Avatar 0 is at (2,1)
Avatar 1 is at (2,1)
Avatar 2 is at (5,4)
Avatar 3 is at (2,1)
Avatar 4 is at (5,3)

It's Avatar 2 turn
Avatar 0 is at (2,1)
Avatar 1 is at (2,1)
Avatar 2 is at (5,4)
Avatar 3 is at (2,1)
Avatar 4 is at (5,3)
Avatar 2 tries to move north

It's Avatar 3 turn
Avatar 0 is at (2,1)
Avatar 1 is at (2,1)
Avatar 2 is at (5,3)
Avatar 3 is at (2,1)
Avatar 4 is at (5,3)

It's Avatar 4 turn
Avatar 0 is at (2,1)
Avatar 1 is at (2,1)
Avatar 2 is at (5,3)
Avatar 3 is at (2,1)
Avatar 4 is at (5,3)
Avatar 4 tries to move west

It's Avatar 1 turn
Avatar 0 is at (2,1)
Avatar 1 is at (2,1)
Avatar 2 is at (5,3)
Avatar 3 is at (2,1)
Avatar 4 is at (5,3)

It's Avatar 2 turn
Avatar 0 is at (2,1)
Avatar 1 is at (2,1)
Avatar 2 is at (5,3)
Avatar 3 is at (2,1)
Avatar 4 is at (5,3)
Avatar 2 tries to move west

It's Avatar 3 turn
Avatar 0 is at (2,1)
Avatar 1 is at (2,1)
Avatar 2 is at (5,3)
Avatar 3 is at (2,1)
Avatar 4 is at (5,3)

It's Avatar 4 turn
Avatar 0 is at (2,1)
Avatar 1 is at (2,1)
Avatar 2 is at (5,3)
Avatar 3 is at (2,1)
Avatar 4 is at (5,3)
Avatar 4 found a wall
Avatar 4 tries to move north

It's Avatar 1 turn
Avatar 0 is at (2,1)
Avatar 1 is at (2,1)
Avatar 2 is at (5,3)
Avatar 3 is at (2,1)
Avatar 4 is at (5,2)

It's Avatar 2 turn
Avatar 0 is at (2,1)
Avatar 1 is at (2,1)
Avatar 2 is at (5,3)
Avatar 3 is at (2,1)
Avatar 4 is at (5,2)
Avatar 2 found a wall
Avatar 2 tries to move north

It's Avatar 3 turn
Avatar 0 is at (2,1)
Avatar 1 is at (2,1)
Avatar 2 is at (5,2)
Avatar 3 is at (2,1)
Avatar 4 is at (5,2)

It's Avatar 4 turn
Avatar 0 is at (2,1)
Avatar 1 is at (2,1)
Avatar 2 is at (5,2)
Avatar 3 is at (2,1)
Avatar 4 is at (5,2)
Avatar 4 tries to move west

It's Avatar 1 turn
Avatar 0 is at (2,1)
Avatar 1 is at (2,1)
Avatar 2 is at (5,2)
Avatar 3 is at (2,1)
Avatar 4 is at (5,2)

It's Avatar 2 turn
Avatar 0 is at (2,1)
Avatar 1 is at (2,1)
Avatar 2 is at (5,2)
Avatar 3 is at (2,1)
Avatar 4 is at (5,2)
Avatar 2 tries to move west

It's Avatar 3 turn
Avatar 0 is at (2,1)
Avatar 1 is at (2,1)
Avatar 2 is at (5,2)
Avatar 3 is at (2,1)
Avatar 4 is at (5,2)

It's Avatar 4 turn
Avatar 0 is at (2,1)
Avatar 1 is at (2,1)
Avatar 2 is at (5,2)
Avatar 3 is at (2,1)
Avatar 4 is at (5,2)
Avatar 4 found a wall
Avatar 4 tries to move north

It's Avatar 1 turn
Avatar 0 is at (2,1)
Avatar 1 is at (2,1)
Avatar 2 is at (5,2)
Avatar 3 is at (2,1)
Avatar 4 is at (5,1)

It's Avatar 2 turn
Avatar 0 is at (2,1)
Avatar 1 is at (2,1)
Avatar 2 is at (5,2)
Avatar 3 is at (2,1)
Avatar 4 is at (5,1)
Avatar 2 found a wall
Avatar 2 tries to move north

It's Avatar 3 turn
Avatar 0 is at (2,1)
Avatar 1 is at (2,1)
Avatar 2 is at (5,1)
Avatar 3 is at (2,1)
Avatar 4 is at (5,1)

It's Avatar 4 turn
Avatar 0 is at (2,1)
Avatar 1 is at (2,1)
Avatar 2 is at (5,1)
Avatar 3 is at (2,1)
Avatar 4 is at (5,1)
Avatar 4 tries to move west

It's Avatar 1 turn
Avatar 0 is at (2,1)
Avatar 1 is at (2,1)
Avatar 2 is at (5,1)
Avatar 3 is at (2,1)
Avatar 4 is at (5,1)

It's Avatar 2 turn
Avatar 0 is at (2,1)
Avatar 1 is at (2,1)
Avatar 2 is at (5,1)
Avatar 3 is at (2,1)
Avatar 4 is at (5,1)
Avatar 2 tries to move west

It's Avatar 3 turn
Avatar 0 is at (2,1)
Avatar 1 is at (2,1)
Avatar 2 is at (5,1)
Avatar 3 is at (2,1)
Avatar 4 is at (5,1)

It's Avatar 4 turn
Avatar 0 is at (2,1)
Avatar 1 is at (2,1)
Avatar 2 is at (5,1)
Avatar 3 is at (2,1)
Avatar 4 is at (5,1)
Avatar 4 found a wall
Avatar 4 tries to move north

It's Avatar 1 turn
Avatar 0 is at (2,1)
Avatar 1 is at (2,1)
Avatar 2 is at (5,1)
Avatar 3 is at (2,1)
Avatar 4 is at (5,0)

It's Avatar 2 turn
Avatar 0 is at (2,1)
Avatar 1 is at (2,1)
Avatar 2 is at (5,1)
Avatar 3 is at (2,1)
Avatar 4 is at (5,0)
Avatar 2 found a wall
Avatar 2 tries to move north

It's Avatar 3 turn
Avatar 0 is at (2,1)
Avatar 1 is at (2,1)
Avatar 2 is at (5,0)
Avatar 3 is at (2,1)
Avatar 4 is at (5,0)

It's Avatar 4 turn
Avatar 0 is at (2,1)
Avatar 1 is at (2,1)
Avatar 2 is at (5,0)
Avatar 3 is at (2,1)
Avatar 4 is at (5,0)
Avatar 4 tries to move west

It's Avatar 1 turn
Avatar 0 is at (2,1)
Avatar 1 is at (2,1)
Avatar 2 is at (5,0)
Avatar 3 is at (2,1)
Avatar 4 is at (4,0)

It's Avatar 2 turn
Avatar 0 is at (2,1)
Avatar 1 is at (2,1)
Avatar 2 is at (5,0)
Avatar 3 is at (2,1)
Avatar 4 is at (4,0)
Avatar 2 tries to move west

It's Avatar 3 turn
Avatar 0 is at (2,1)
Avatar 1 is at (2,1)
Avatar 2 is at (4,0)
Avatar 3 is at (2,1)
Avatar 4 is at (4,0)

It's Avatar 4 turn
Avatar 0 is at (2,1)
Avatar 1 is at (2,1)
Avatar 2 is at (4,0)
Avatar 3 is at (2,1)
Avatar 4 is at (4,0)
Avatar 4 tries to move south 

It's Avatar 1 turn
Avatar 0 is at (2,1)
Avatar 1 is at (2,1)
Avatar 2 is at (4,0)
Avatar 3 is at (2,1)
Avatar 4 is at (4,1)

It's Avatar 2 turn
Avatar 0 is at (2,1)
Avatar 1 is at (2,1)
Avatar 2 is at (4,0)
Avatar 3 is at (2,1)
Avatar 4 is at (4,1)
Avatar 2 tries to move south 

It's Avatar 3 turn
Avatar 0 is at (2,1)
Avatar 1 is at (2,1)
Avatar 2 is at (4,1)
Avatar 3 is at (2,1)
Avatar 4 is at (4,1)

It's Avatar 4 turn
Avatar 0 is at (2,1)
Avatar 1 is at (2,1)
Avatar 2 is at (4,1)
Avatar 3 is at (2,1)
Avatar 4 is at (4,1)
Avatar 4 tries to move south 

It's Avatar 1 turn
Avatar 0 is at (2,1)
Avatar 1 is at (2,1)
Avatar 2 is at (4,1)
Avatar 3 is at (2,1)
Avatar 4 is at (4,1)

It's Avatar 2 turn
Avatar 0 is at (2,1)
Avatar 1 is at (2,1)
Avatar 2 is at (4,1)
Avatar 3 is at (2,1)
Avatar 4 is at (4,1)
Avatar 2 tries to move south 

It's Avatar 3 turn
Avatar 0 is at (2,1)
Avatar 1 is at (2,1)
Avatar 2 is at (4,1)
Avatar 3 is at (2,1)
Avatar 4 is at (4,1)

It's Avatar 4 turn
Avatar 0 is at (2,1)
Avatar 1 is at (2,1)
Avatar 2 is at (4,1)
Avatar 3 is at (2,1)
Avatar 4 is at (4,1)
Avatar 4 found a wall
Avatar 4 tries to move west

It's Avatar 1 turn
Avatar 0 is at (2,1)
Avatar 1 is at (2,1)
Avatar 2 is at (4,1)
Avatar 3 is at (2,1)
Avatar 4 is at (3,1)

It's Avatar 2 turn
Avatar 0 is at (2,1)
Avatar 1 is at (2,1)
Avatar 2 is at (4,1)
Avatar 3 is at (2,1)
Avatar 4 is at (3,1)
Avatar 2 found a wall
Avatar 2 tries to move west

It's Avatar 3 turn
Avatar 0 is at (2,1)
Avatar 1 is at (2,1)
Avatar 2 is at (3,1)
Avatar 3 is at (2,1)
Avatar 4 is at (3,1)

It's Avatar 4 turn
Avatar 0 is at (2,1)
Avatar 1 is at (2,1)
Avatar 2 is at (3,1)
Avatar 3 is at (2,1)
Avatar 4 is at (3,1)
Avatar 4 tries to move south 

It's Avatar 1 turn
Avatar 0 is at (2,1)
Avatar 1 is at (2,1)
Avatar 2 is at (3,1)
Avatar 3 is at (2,1)
Avatar 4 is at (3,1)

It's Avatar 2 turn
Avatar 0 is at (2,1)
Avatar 1 is at (2,1)
Avatar 2 is at (3,1)
Avatar 3 is at (2,1)
Avatar 4 is at (3,1)
Avatar 2 tries to move south 

It's Avatar 3 turn
Avatar 0 is at (2,1)
Avatar 1 is at (2,1)
Avatar 2 is at (3,1)
Avatar 3 is at (2,1)
Avatar 4 is at (3,1)

It's Avatar 4 turn
Avatar 0 is at (2,1)
Avatar 1 is at (2,1)
Avatar 2 is at (3,1)
Avatar 3 is at (2,1)
Avatar 4 is at (3,1)
Avatar 4 found a wall
Avatar 4 tries to move west

It's Avatar 1 turn
Avatar 0 is at (2,1)
Avatar 1 is at (2,1)
Avatar 2 is at (3,1)
Avatar 3 is at (2,1)
Avatar 4 is at (2,1)

It's Avatar 2 turn
Avatar 0 is at (2,1)
Avatar 1 is at (2,1)
Avatar 2 is at (3,1)
Avatar 3 is at (2,1)
Avatar 4 is at (2,1)
Avatar 2 found a wall
Avatar 2 tries to move west

you solved the maze!
Difficult 1  nAvatars 5 nMoves 347 Hash 436703674 
