tygriis, 42989, Mon 09 2020, 21:49
Difficulty: 2
Number of Avatars: 5
Mazeport: 42989
MazeWidth 12
MazeHeight 10

It's Avatar 1 turn
Avatar 0 is at (8,9)
Avatar 1 is at (10,2)
Avatar 2 is at (6,5)
Avatar 3 is at (8,9)
Avatar 4 is at (0,7)
Avatar 1 tries to move east 

It's Avatar 2 turn
Avatar 0 is at (8,9)
Avatar 1 is at (10,2)
Avatar 2 is at (6,5)
Avatar 3 is at (8,9)
Avatar 4 is at (0,7)
Avatar 2 tries to move east 

It's Avatar 3 turn
Avatar 0 is at (8,9)
Avatar 1 is at (10,2)
Avatar 2 is at (6,5)
Avatar 3 is at (8,9)
Avatar 4 is at (0,7)

It's Avatar 4 turn
Avatar 0 is at (8,9)
Avatar 1 is at (10,2)
Avatar 2 is at (6,5)
Avatar 3 is at (8,9)
Avatar 4 is at (0,7)
Avatar 4 tries to move east 

It's Avatar 1 turn
Avatar 0 is at (8,9)
Avatar 1 is at (10,2)
Avatar 2 is at (6,5)
Avatar 3 is at (8,9)
Avatar 4 is at (1,7)
Avatar 1 found a wall
Avatar 1 tries to move south 

It's Avatar 2 turn
Avatar 0 is at (8,9)
Avatar 1 is at (10,3)
Avatar 2 is at (6,5)
Avatar 3 is at (8,9)
Avatar 4 is at (1,7)
Avatar 2 found a wall
Avatar 2 tries to move south 

It's Avatar 3 turn
Avatar 0 is at (8,9)
Avatar 1 is at (10,3)
Avatar 2 is at (6,6)
Avatar 3 is at (8,9)
Avatar 4 is at (1,7)

It's Avatar 4 turn
Avatar 0 is at (8,9)
Avatar 1 is at (10,3)
Avatar 2 is at (6,6)
Avatar 3 is at (8,9)
Avatar 4 is at (1,7)
Avatar 4 tries to move east 

It's Avatar 1 turn
Avatar 0 is at (8,9)
Avatar 1 is at (10,3)
Avatar 2 is at (6,6)
Avatar 3 is at (8,9)
Avatar 4 is at (2,7)
Avatar 1 tries to move east 

It's Avatar 2 turn
Avatar 0 is at (8,9)
Avatar 1 is at (11,3)
Avatar 2 is at (6,6)
Avatar 3 is at (8,9)
Avatar 4 is at (2,7)
Avatar 2 tries to move east 

It's Avatar 3 turn
Avatar 0 is at (8,9)
Avatar 1 is at (11,3)
Avatar 2 is at (6,6)
Avatar 3 is at (8,9)
Avatar 4 is at (2,7)

It's Avatar 4 turn
Avatar 0 is at (8,9)
Avatar 1 is at (11,3)
Avatar 2 is at (6,6)
Avatar 3 is at (8,9)
Avatar 4 is at (2,7)
Avatar 4 tries to move north

It's Avatar 1 turn
Avatar 0 is at (8,9)
Avatar 1 is at (11,3)
Avatar 2 is at (6,6)
Avatar 3 is at (8,9)
Avatar 4 is at (2,7)
Avatar 1 tries to move north

It's Avatar 2 turn
Avatar 0 is at (8,9)
Avatar 1 is at (11,2)
Avatar 2 is at (6,6)
Avatar 3 is at (8,9)
Avatar 4 is at (2,7)
Avatar 2 found a wall
Avatar 2 tries to move north

It's Avatar 3 turn
Avatar 0 is at (8,9)
Avatar 1 is at (11,2)
Avatar 2 is at (6,5)
Avatar 3 is at (8,9)
Avatar 4 is at (2,7)

It's Avatar 4 turn
Avatar 0 is at (8,9)
Avatar 1 is at (11,2)
Avatar 2 is at (6,5)
Avatar 3 is at (8,9)
Avatar 4 is at (2,7)
Avatar 4 found a wall
Avatar 4 tries to move west

It's Avatar 1 turn
Avatar 0 is at (8,9)
Avatar 1 is at (11,2)
Avatar 2 is at (6,5)
Avatar 3 is at (8,9)
Avatar 4 is at (1,7)
Avatar 1 tries to move north

It's Avatar 2 turn
Avatar 0 is at (8,9)
Avatar 1 is at (11,1)
Avatar 2 is at (6,5)
Avatar 3 is at (8,9)
Avatar 4 is at (1,7)
Avatar 2 tries to move west

It's Avatar 3 turn
Avatar 0 is at (8,9)
Avatar 1 is at (11,1)
Avatar 2 is at (6,5)
Avatar 3 is at (8,9)
Avatar 4 is at (1,7)

It's Avatar 4 turn
Avatar 0 is at (8,9)
Avatar 1 is at (11,1)
Avatar 2 is at (6,5)
Avatar 3 is at (8,9)
Avatar 4 is at (1,7)
Avatar 4 tries to move south 

It's Avatar 1 turn
Avatar 0 is at (8,9)
Avatar 1 is at (11,1)
Avatar 2 is at (6,5)
Avatar 3 is at (8,9)
Avatar 4 is at (1,7)
Avatar 1 tries to move west

It's Avatar 2 turn
Avatar 0 is at (8,9)
Avatar 1 is at (10,1)
Avatar 2 is at (6,5)
Avatar 3 is at (8,9)
Avatar 4 is at (1,7)
Avatar 2 found a wall
Avatar 2 tries to move south 

It's Avatar 3 turn
Avatar 0 is at (8,9)
Avatar 1 is at (10,1)
Avatar 2 is at (6,6)
Avatar 3 is at (8,9)
Avatar 4 is at (1,7)

It's Avatar 4 turn
Avatar 0 is at (8,9)
Avatar 1 is at (10,1)
Avatar 2 is at (6,6)
Avatar 3 is at (8,9)
Avatar 4 is at (1,7)
Avatar 4 found a wall
Avatar 4 tries to move east 

It's Avatar 1 turn
Avatar 0 is at (8,9)
Avatar 1 is at (10,1)
Avatar 2 is at (6,6)
Avatar 3 is at (8,9)
Avatar 4 is at (2,7)
Avatar 1 tries to move south 

It's Avatar 2 turn
Avatar 0 is at (8,9)
Avatar 1 is at (10,1)
Avatar 2 is at (6,6)
Avatar 3 is at (8,9)
Avatar 4 is at (2,7)
Avatar 2 tries to move south 

It's Avatar 3 turn
Avatar 0 is at (8,9)
Avatar 1 is at (10,1)
Avatar 2 is at (6,6)
Avatar 3 is at (8,9)
Avatar 4 is at (2,7)

It's Avatar 4 turn
Avatar 0 is at (8,9)
Avatar 1 is at (10,1)
Avatar 2 is at (6,6)
Avatar 3 is at (8,9)
Avatar 4 is at (2,7)
Avatar 4 tries to move east 

It's Avatar 1 turn
Avatar 0 is at (8,9)
Avatar 1 is at (10,1)
Avatar 2 is at (6,6)
Avatar 3 is at (8,9)
Avatar 4 is at (2,7)
Avatar 1 found a wall
Avatar 1 tries to move east 

It's Avatar 2 turn
Avatar 0 is at (8,9)
Avatar 1 is at (11,1)
Avatar 2 is at (6,6)
Avatar 3 is at (8,9)
Avatar 4 is at (2,7)
Avatar 2 found a wall
Avatar 2 tries to move west

It's Avatar 3 turn
Avatar 0 is at (8,9)
Avatar 1 is at (11,1)
Avatar 2 is at (5,6)
Avatar 3 is at (8,9)
Avatar 4 is at (2,7)

It's Avatar 4 turn
Avatar 0 is at (8,9)
Avatar 1 is at (11,1)
Avatar 2 is at (5,6)
Avatar 3 is at (8,9)
Avatar 4 is at (2,7)
Avatar 4 found a wall
Avatar 4 tries to move south 

It's Avatar 1 turn
Avatar 0 is at (8,9)
Avatar 1 is at (11,1)
Avatar 2 is at (5,6)
Avatar 3 is at (8,9)
Avatar 4 is at (2,8)
Avatar 1 tries to move north

It's Avatar 2 turn
Avatar 0 is at (8,9)
Avatar 1 is at (11,0)
Avatar 2 is at (5,6)
Avatar 3 is at (8,9)
Avatar 4 is at (2,8)
Avatar 2 tries to move south 

It's Avatar 3 turn
Avatar 0 is at (8,9)
Avatar 1 is at (11,0)
Avatar 2 is at (5,7)
Avatar 3 is at (8,9)
Avatar 4 is at (2,8)

It's Avatar 4 turn
Avatar 0 is at (8,9)
Avatar 1 is at (11,0)
Avatar 2 is at (5,7)
Avatar 3 is at (8,9)
Avatar 4 is at (2,8)
Avatar 4 tries to move east 

It's Avatar 1 turn
Avatar 0 is at (8,9)
Avatar 1 is at (11,0)
Avatar 2 is at (5,7)
Avatar 3 is at (8,9)
Avatar 4 is at (2,8)
Avatar 1 tries to move west

It's Avatar 2 turn
Avatar 0 is at (8,9)
Avatar 1 is at (11,0)
Avatar 2 is at (5,7)
Avatar 3 is at (8,9)
Avatar 4 is at (2,8)
Avatar 2 tries to move east 

It's Avatar 3 turn
Avatar 0 is at (8,9)
Avatar 1 is at (11,0)
Avatar 2 is at (5,7)
Avatar 3 is at (8,9)
Avatar 4 is at (2,8)

It's Avatar 4 turn
Avatar 0 is at (8,9)
Avatar 1 is at (11,0)
Avatar 2 is at (5,7)
Avatar 3 is at (8,9)
Avatar 4 is at (2,8)
Avatar 4 found a wall
Avatar 4 tries to move north

It's Avatar 1 turn
Avatar 0 is at (8,9)
Avatar 1 is at (11,0)
Avatar 2 is at (5,7)
Avatar 3 is at (8,9)
Avatar 4 is at (2,7)
Avatar 1 found a wall
Avatar 1 tries to move south 

It's Avatar 2 turn
Avatar 0 is at (8,9)
Avatar 1 is at (11,1)
Avatar 2 is at (5,7)
Avatar 3 is at (8,9)
Avatar 4 is at (2,7)
Avatar 2 found a wall
Avatar 2 tries to move north

It's Avatar 3 turn
Avatar 0 is at (8,9)
Avatar 1 is at (11,1)
Avatar 2 is at (5,6)
Avatar 3 is at (8,9)
Avatar 4 is at (2,7)

It's Avatar 4 turn
Avatar 0 is at (8,9)
Avatar 1 is at (11,1)
Avatar 2 is at (5,6)
Avatar 3 is at (8,9)
Avatar 4 is at (2,7)
Avatar 4 tries to move west

It's Avatar 1 turn
Avatar 0 is at (8,9)
Avatar 1 is at (11,1)
Avatar 2 is at (5,6)
Avatar 3 is at (8,9)
Avatar 4 is at (1,7)
Avatar 1 tries to move south 

It's Avatar 2 turn
Avatar 0 is at (8,9)
Avatar 1 is at (11,2)
Avatar 2 is at (5,6)
Avatar 3 is at (8,9)
Avatar 4 is at (1,7)
Avatar 2 tries to move west

It's Avatar 3 turn
Avatar 0 is at (8,9)
Avatar 1 is at (11,2)
Avatar 2 is at (5,6)
Avatar 3 is at (8,9)
Avatar 4 is at (1,7)

It's Avatar 4 turn
Avatar 0 is at (8,9)
Avatar 1 is at (11,2)
Avatar 2 is at (5,6)
Avatar 3 is at (8,9)
Avatar 4 is at (1,7)
Avatar 4 tries to move west

It's Avatar 1 turn
Avatar 0 is at (8,9)
Avatar 1 is at (11,2)
Avatar 2 is at (5,6)
Avatar 3 is at (8,9)
Avatar 4 is at (0,7)
Avatar 1 tries to move south 

It's Avatar 2 turn
Avatar 0 is at (8,9)
Avatar 1 is at (11,3)
Avatar 2 is at (5,6)
Avatar 3 is at (8,9)
Avatar 4 is at (0,7)
Avatar 2 found a wall
Avatar 2 tries to move south 

It's Avatar 3 turn
Avatar 0 is at (8,9)
Avatar 1 is at (11,3)
Avatar 2 is at (5,7)
Avatar 3 is at (8,9)
Avatar 4 is at (0,7)

It's Avatar 4 turn
Avatar 0 is at (8,9)
Avatar 1 is at (11,3)
Avatar 2 is at (5,7)
Avatar 3 is at (8,9)
Avatar 4 is at (0,7)
Avatar 4 tries to move south 

It's Avatar 1 turn
Avatar 0 is at (8,9)
Avatar 1 is at (11,3)
Avatar 2 is at (5,7)
Avatar 3 is at (8,9)
Avatar 4 is at (0,7)
Avatar 1 tries to move south 

It's Avatar 2 turn
Avatar 0 is at (8,9)
Avatar 1 is at (11,4)
Avatar 2 is at (5,7)
Avatar 3 is at (8,9)
Avatar 4 is at (0,7)
Avatar 2 tries to move south 

It's Avatar 3 turn
Avatar 0 is at (8,9)
Avatar 1 is at (11,4)
Avatar 2 is at (5,7)
Avatar 3 is at (8,9)
Avatar 4 is at (0,7)

It's Avatar 4 turn
Avatar 0 is at (8,9)
Avatar 1 is at (11,4)
Avatar 2 is at (5,7)
Avatar 3 is at (8,9)
Avatar 4 is at (0,7)
Avatar 4 found a wall
Avatar 4 tries to move east 

It's Avatar 1 turn
Avatar 0 is at (8,9)
Avatar 1 is at (11,4)
Avatar 2 is at (5,7)
Avatar 3 is at (8,9)
Avatar 4 is at (1,7)
Avatar 1 tries to move south 

It's Avatar 2 turn
Avatar 0 is at (8,9)
Avatar 1 is at (11,5)
Avatar 2 is at (5,7)
Avatar 3 is at (8,9)
Avatar 4 is at (1,7)
Avatar 2 found a wall
Avatar 2 tries to move west

It's Avatar 3 turn
Avatar 0 is at (8,9)
Avatar 1 is at (11,5)
Avatar 2 is at (5,7)
Avatar 3 is at (8,9)
Avatar 4 is at (1,7)

It's Avatar 4 turn
Avatar 0 is at (8,9)
Avatar 1 is at (11,5)
Avatar 2 is at (5,7)
Avatar 3 is at (8,9)
Avatar 4 is at (1,7)
Avatar 4 tries to move north

It's Avatar 1 turn
Avatar 0 is at (8,9)
Avatar 1 is at (11,5)
Avatar 2 is at (5,7)
Avatar 3 is at (8,9)
Avatar 4 is at (1,7)
Avatar 1 tries to move south 

It's Avatar 2 turn
Avatar 0 is at (8,9)
Avatar 1 is at (11,6)
Avatar 2 is at (5,7)
Avatar 3 is at (8,9)
Avatar 4 is at (1,7)
Avatar 2 found a wall
Avatar 2 tries to move north

It's Avatar 3 turn
Avatar 0 is at (8,9)
Avatar 1 is at (11,6)
Avatar 2 is at (5,6)
Avatar 3 is at (8,9)
Avatar 4 is at (1,7)

It's Avatar 4 turn
Avatar 0 is at (8,9)
Avatar 1 is at (11,6)
Avatar 2 is at (5,6)
Avatar 3 is at (8,9)
Avatar 4 is at (1,7)
Avatar 4 found a wall
Avatar 4 tries to move west

It's Avatar 1 turn
Avatar 0 is at (8,9)
Avatar 1 is at (11,6)
Avatar 2 is at (5,6)
Avatar 3 is at (8,9)
Avatar 4 is at (0,7)
Avatar 1 tries to move south 

It's Avatar 2 turn
Avatar 0 is at (8,9)
Avatar 1 is at (11,7)
Avatar 2 is at (5,6)
Avatar 3 is at (8,9)
Avatar 4 is at (0,7)
Avatar 2 tries to move north

It's Avatar 3 turn
Avatar 0 is at (8,9)
Avatar 1 is at (11,7)
Avatar 2 is at (5,5)
Avatar 3 is at (8,9)
Avatar 4 is at (0,7)

It's Avatar 4 turn
Avatar 0 is at (8,9)
Avatar 1 is at (11,7)
Avatar 2 is at (5,5)
Avatar 3 is at (8,9)
Avatar 4 is at (0,7)
Avatar 4 tries to move north

It's Avatar 1 turn
Avatar 0 is at (8,9)
Avatar 1 is at (11,7)
Avatar 2 is at (5,5)
Avatar 3 is at (8,9)
Avatar 4 is at (0,6)
Avatar 1 tries to move south 

It's Avatar 2 turn
Avatar 0 is at (8,9)
Avatar 1 is at (11,7)
Avatar 2 is at (5,5)
Avatar 3 is at (8,9)
Avatar 4 is at (0,6)
Avatar 2 tries to move west

It's Avatar 3 turn
Avatar 0 is at (8,9)
Avatar 1 is at (11,7)
Avatar 2 is at (4,5)
Avatar 3 is at (8,9)
Avatar 4 is at (0,6)

It's Avatar 4 turn
Avatar 0 is at (8,9)
Avatar 1 is at (11,7)
Avatar 2 is at (4,5)
Avatar 3 is at (8,9)
Avatar 4 is at (0,6)
Avatar 4 tries to move north

It's Avatar 1 turn
Avatar 0 is at (8,9)
Avatar 1 is at (11,7)
Avatar 2 is at (4,5)
Avatar 3 is at (8,9)
Avatar 4 is at (0,5)
Avatar 1 found a wall
Avatar 1 tries to move west

It's Avatar 2 turn
Avatar 0 is at (8,9)
Avatar 1 is at (11,7)
Avatar 2 is at (4,5)
Avatar 3 is at (8,9)
Avatar 4 is at (0,5)
Avatar 2 tries to move south 

It's Avatar 3 turn
Avatar 0 is at (8,9)
Avatar 1 is at (11,7)
Avatar 2 is at (4,5)
Avatar 3 is at (8,9)
Avatar 4 is at (0,5)

It's Avatar 4 turn
Avatar 0 is at (8,9)
Avatar 1 is at (11,7)
Avatar 2 is at (4,5)
Avatar 3 is at (8,9)
Avatar 4 is at (0,5)
Avatar 4 tries to move north

It's Avatar 1 turn
Avatar 0 is at (8,9)
Avatar 1 is at (11,7)
Avatar 2 is at (4,5)
Avatar 3 is at (8,9)
Avatar 4 is at (0,5)
Avatar 1 found a wall
Avatar 1 tries to move north

It's Avatar 2 turn
Avatar 0 is at (8,9)
Avatar 1 is at (11,6)
Avatar 2 is at (4,5)
Avatar 3 is at (8,9)
Avatar 4 is at (0,5)
Avatar 2 found a wall
Avatar 2 tries to move east 

It's Avatar 3 turn
Avatar 0 is at (8,9)
Avatar 1 is at (11,6)
Avatar 2 is at (5,5)
Avatar 3 is at (8,9)
Avatar 4 is at (0,5)

It's Avatar 4 turn
Avatar 0 is at (8,9)
Avatar 1 is at (11,6)
Avatar 2 is at (5,5)
Avatar 3 is at (8,9)
Avatar 4 is at (0,5)
Avatar 4 found a wall
Avatar 4 tries to move east 

It's Avatar 1 turn
Avatar 0 is at (8,9)
Avatar 1 is at (11,6)
Avatar 2 is at (5,5)
Avatar 3 is at (8,9)
Avatar 4 is at (1,5)
Avatar 1 tries to move west

It's Avatar 2 turn
Avatar 0 is at (8,9)
Avatar 1 is at (11,6)
Avatar 2 is at (5,5)
Avatar 3 is at (8,9)
Avatar 4 is at (1,5)
Avatar 2 tries to move north

It's Avatar 3 turn
Avatar 0 is at (8,9)
Avatar 1 is at (11,6)
Avatar 2 is at (5,5)
Avatar 3 is at (8,9)
Avatar 4 is at (1,5)

It's Avatar 4 turn
Avatar 0 is at (8,9)
Avatar 1 is at (11,6)
Avatar 2 is at (5,5)
Avatar 3 is at (8,9)
Avatar 4 is at (1,5)
Avatar 4 tries to move north

It's Avatar 1 turn
Avatar 0 is at (8,9)
Avatar 1 is at (11,6)
Avatar 2 is at (5,5)
Avatar 3 is at (8,9)
Avatar 4 is at (1,5)
Avatar 1 found a wall
Avatar 1 tries to move north

It's Avatar 2 turn
Avatar 0 is at (8,9)
Avatar 1 is at (11,5)
Avatar 2 is at (5,5)
Avatar 3 is at (8,9)
Avatar 4 is at (1,5)
Avatar 2 found a wall
Avatar 2 tries to move west

It's Avatar 3 turn
Avatar 0 is at (8,9)
Avatar 1 is at (11,5)
Avatar 2 is at (4,5)
Avatar 3 is at (8,9)
Avatar 4 is at (1,5)

It's Avatar 4 turn
Avatar 0 is at (8,9)
Avatar 1 is at (11,5)
Avatar 2 is at (4,5)
Avatar 3 is at (8,9)
Avatar 4 is at (1,5)
Avatar 4 found a wall
Avatar 4 tries to move west

It's Avatar 1 turn
Avatar 0 is at (8,9)
Avatar 1 is at (11,5)
Avatar 2 is at (4,5)
Avatar 3 is at (8,9)
Avatar 4 is at (0,5)
Avatar 1 tries to move west

It's Avatar 2 turn
Avatar 0 is at (8,9)
Avatar 1 is at (11,5)
Avatar 2 is at (4,5)
Avatar 3 is at (8,9)
Avatar 4 is at (0,5)
Avatar 2 tries to move west

It's Avatar 3 turn
Avatar 0 is at (8,9)
Avatar 1 is at (11,5)
Avatar 2 is at (3,5)
Avatar 3 is at (8,9)
Avatar 4 is at (0,5)

It's Avatar 4 turn
Avatar 0 is at (8,9)
Avatar 1 is at (11,5)
Avatar 2 is at (3,5)
Avatar 3 is at (8,9)
Avatar 4 is at (0,5)
Avatar 4 tries to move south 

It's Avatar 1 turn
Avatar 0 is at (8,9)
Avatar 1 is at (11,5)
Avatar 2 is at (3,5)
Avatar 3 is at (8,9)
Avatar 4 is at (0,6)
Avatar 1 found a wall
Avatar 1 tries to move north

It's Avatar 2 turn
Avatar 0 is at (8,9)
Avatar 1 is at (11,4)
Avatar 2 is at (3,5)
Avatar 3 is at (8,9)
Avatar 4 is at (0,6)
Avatar 2 tries to move south 

It's Avatar 3 turn
Avatar 0 is at (8,9)
Avatar 1 is at (11,4)
Avatar 2 is at (3,5)
Avatar 3 is at (8,9)
Avatar 4 is at (0,6)

It's Avatar 4 turn
Avatar 0 is at (8,9)
Avatar 1 is at (11,4)
Avatar 2 is at (3,5)
Avatar 3 is at (8,9)
Avatar 4 is at (0,6)
Avatar 4 tries to move east 

It's Avatar 1 turn
Avatar 0 is at (8,9)
Avatar 1 is at (11,4)
Avatar 2 is at (3,5)
Avatar 3 is at (8,9)
Avatar 4 is at (1,6)
Avatar 1 tries to move west

It's Avatar 2 turn
Avatar 0 is at (8,9)
Avatar 1 is at (11,4)
Avatar 2 is at (3,5)
Avatar 3 is at (8,9)
Avatar 4 is at (1,6)
Avatar 2 found a wall
Avatar 2 tries to move east 

It's Avatar 3 turn
Avatar 0 is at (8,9)
Avatar 1 is at (11,4)
Avatar 2 is at (4,5)
Avatar 3 is at (8,9)
Avatar 4 is at (1,6)

It's Avatar 4 turn
Avatar 0 is at (8,9)
Avatar 1 is at (11,4)
Avatar 2 is at (4,5)
Avatar 3 is at (8,9)
Avatar 4 is at (1,6)
Avatar 4 tries to move north

It's Avatar 1 turn
Avatar 0 is at (8,9)
Avatar 1 is at (11,4)
Avatar 2 is at (4,5)
Avatar 3 is at (8,9)
Avatar 4 is at (1,6)
Avatar 1 found a wall
Avatar 1 tries to move north

It's Avatar 2 turn
Avatar 0 is at (8,9)
Avatar 1 is at (11,3)
Avatar 2 is at (4,5)
Avatar 3 is at (8,9)
Avatar 4 is at (1,6)
Avatar 2 tries to move north

It's Avatar 3 turn
Avatar 0 is at (8,9)
Avatar 1 is at (11,3)
Avatar 2 is at (4,5)
Avatar 3 is at (8,9)
Avatar 4 is at (1,6)

It's Avatar 4 turn
Avatar 0 is at (8,9)
Avatar 1 is at (11,3)
Avatar 2 is at (4,5)
Avatar 3 is at (8,9)
Avatar 4 is at (1,6)
Avatar 4 found a wall
Avatar 4 tries to move west

It's Avatar 1 turn
Avatar 0 is at (8,9)
Avatar 1 is at (11,3)
Avatar 2 is at (4,5)
Avatar 3 is at (8,9)
Avatar 4 is at (0,6)
Avatar 1 tries to move west

It's Avatar 2 turn
Avatar 0 is at (8,9)
Avatar 1 is at (10,3)
Avatar 2 is at (4,5)
Avatar 3 is at (8,9)
Avatar 4 is at (0,6)
Avatar 2 found a wall
Avatar 2 tries to move west

It's Avatar 3 turn
Avatar 0 is at (8,9)
Avatar 1 is at (10,3)
Avatar 2 is at (3,5)
Avatar 3 is at (8,9)
Avatar 4 is at (0,6)

It's Avatar 4 turn
Avatar 0 is at (8,9)
Avatar 1 is at (10,3)
Avatar 2 is at (3,5)
Avatar 3 is at (8,9)
Avatar 4 is at (0,6)
Avatar 4 tries to move south 

It's Avatar 1 turn
Avatar 0 is at (8,9)
Avatar 1 is at (10,3)
Avatar 2 is at (3,5)
Avatar 3 is at (8,9)
Avatar 4 is at (0,7)
Avatar 1 tries to move south 

It's Avatar 2 turn
Avatar 0 is at (8,9)
Avatar 1 is at (10,3)
Avatar 2 is at (3,5)
Avatar 3 is at (8,9)
Avatar 4 is at (0,7)
Avatar 2 tries to move west

It's Avatar 3 turn
Avatar 0 is at (8,9)
Avatar 1 is at (10,3)
Avatar 2 is at (2,5)
Avatar 3 is at (8,9)
Avatar 4 is at (0,7)

It's Avatar 4 turn
Avatar 0 is at (8,9)
Avatar 1 is at (10,3)
Avatar 2 is at (2,5)
Avatar 3 is at (8,9)
Avatar 4 is at (0,7)
Avatar 4 tries to move east 

It's Avatar 1 turn
Avatar 0 is at (8,9)
Avatar 1 is at (10,3)
Avatar 2 is at (2,5)
Avatar 3 is at (8,9)
Avatar 4 is at (1,7)
Avatar 1 found a wall
Avatar 1 tries to move east 

It's Avatar 2 turn
Avatar 0 is at (8,9)
Avatar 1 is at (11,3)
Avatar 2 is at (2,5)
Avatar 3 is at (8,9)
Avatar 4 is at (1,7)
Avatar 2 tries to move south 

It's Avatar 3 turn
Avatar 0 is at (8,9)
Avatar 1 is at (11,3)
Avatar 2 is at (2,6)
Avatar 3 is at (8,9)
Avatar 4 is at (1,7)

It's Avatar 4 turn
Avatar 0 is at (8,9)
Avatar 1 is at (11,3)
Avatar 2 is at (2,6)
Avatar 3 is at (8,9)
Avatar 4 is at (1,7)
Avatar 4 tries to move east 

It's Avatar 1 turn
Avatar 0 is at (8,9)
Avatar 1 is at (11,3)
Avatar 2 is at (2,6)
Avatar 3 is at (8,9)
Avatar 4 is at (2,7)
Avatar 1 tries to move north

It's Avatar 2 turn
Avatar 0 is at (8,9)
Avatar 1 is at (11,2)
Avatar 2 is at (2,6)
Avatar 3 is at (8,9)
Avatar 4 is at (2,7)
Avatar 2 tries to move east 

It's Avatar 3 turn
Avatar 0 is at (8,9)
Avatar 1 is at (11,2)
Avatar 2 is at (2,6)
Avatar 3 is at (8,9)
Avatar 4 is at (2,7)

It's Avatar 4 turn
Avatar 0 is at (8,9)
Avatar 1 is at (11,2)
Avatar 2 is at (2,6)
Avatar 3 is at (8,9)
Avatar 4 is at (2,7)
Avatar 4 tries to move south 

It's Avatar 1 turn
Avatar 0 is at (8,9)
Avatar 1 is at (11,2)
Avatar 2 is at (2,6)
Avatar 3 is at (8,9)
Avatar 4 is at (2,8)
Avatar 1 tries to move north

It's Avatar 2 turn
Avatar 0 is at (8,9)
Avatar 1 is at (11,1)
Avatar 2 is at (2,6)
Avatar 3 is at (8,9)
Avatar 4 is at (2,8)
Avatar 2 found a wall
Avatar 2 tries to move north

It's Avatar 3 turn
Avatar 0 is at (8,9)
Avatar 1 is at (11,1)
Avatar 2 is at (2,5)
Avatar 3 is at (8,9)
Avatar 4 is at (2,8)

It's Avatar 4 turn
Avatar 0 is at (8,9)
Avatar 1 is at (11,1)
Avatar 2 is at (2,5)
Avatar 3 is at (8,9)
Avatar 4 is at (2,8)
Avatar 4 tries to move south 

It's Avatar 1 turn
Avatar 0 is at (8,9)
Avatar 1 is at (11,1)
Avatar 2 is at (2,5)
Avatar 3 is at (8,9)
Avatar 4 is at (2,8)
Avatar 1 tries to move west

It's Avatar 2 turn
Avatar 0 is at (8,9)
Avatar 1 is at (10,1)
Avatar 2 is at (2,5)
Avatar 3 is at (8,9)
Avatar 4 is at (2,8)
Avatar 2 tries to move west

It's Avatar 3 turn
Avatar 0 is at (8,9)
Avatar 1 is at (10,1)
Avatar 2 is at (2,5)
Avatar 3 is at (8,9)
Avatar 4 is at (2,8)

It's Avatar 4 turn
Avatar 0 is at (8,9)
Avatar 1 is at (10,1)
Avatar 2 is at (2,5)
Avatar 3 is at (8,9)
Avatar 4 is at (2,8)
Avatar 4 found a wall
Avatar 4 tries to move west

It's Avatar 1 turn
Avatar 0 is at (8,9)
Avatar 1 is at (10,1)
Avatar 2 is at (2,5)
Avatar 3 is at (8,9)
Avatar 4 is at (1,8)
Avatar 1 tries to move west

It's Avatar 2 turn
Avatar 0 is at (8,9)
Avatar 1 is at (10,1)
Avatar 2 is at (2,5)
Avatar 3 is at (8,9)
Avatar 4 is at (1,8)
Avatar 2 found a wall
Avatar 2 tries to move south 

It's Avatar 3 turn
Avatar 0 is at (8,9)
Avatar 1 is at (10,1)
Avatar 2 is at (2,6)
Avatar 3 is at (8,9)
Avatar 4 is at (1,8)

It's Avatar 4 turn
Avatar 0 is at (8,9)
Avatar 1 is at (10,1)
Avatar 2 is at (2,6)
Avatar 3 is at (8,9)
Avatar 4 is at (1,8)
Avatar 4 tries to move south 

It's Avatar 1 turn
Avatar 0 is at (8,9)
Avatar 1 is at (10,1)
Avatar 2 is at (2,6)
Avatar 3 is at (8,9)
Avatar 4 is at (1,9)
Avatar 1 found a wall
Avatar 1 tries to move north

It's Avatar 2 turn
Avatar 0 is at (8,9)
Avatar 1 is at (10,0)
Avatar 2 is at (2,6)
Avatar 3 is at (8,9)
Avatar 4 is at (1,9)
Avatar 2 tries to move west

It's Avatar 3 turn
Avatar 0 is at (8,9)
Avatar 1 is at (10,0)
Avatar 2 is at (1,6)
Avatar 3 is at (8,9)
Avatar 4 is at (1,9)

It's Avatar 4 turn
Avatar 0 is at (8,9)
Avatar 1 is at (10,0)
Avatar 2 is at (1,6)
Avatar 3 is at (8,9)
Avatar 4 is at (1,9)
Avatar 4 tries to move east 

It's Avatar 1 turn
Avatar 0 is at (8,9)
Avatar 1 is at (10,0)
Avatar 2 is at (1,6)
Avatar 3 is at (8,9)
Avatar 4 is at (2,9)
Avatar 1 tries to move west

It's Avatar 2 turn
Avatar 0 is at (8,9)
Avatar 1 is at (9,0)
Avatar 2 is at (1,6)
Avatar 3 is at (8,9)
Avatar 4 is at (2,9)
Avatar 2 tries to move west

It's Avatar 3 turn
Avatar 0 is at (8,9)
Avatar 1 is at (9,0)
Avatar 2 is at (0,6)
Avatar 3 is at (8,9)
Avatar 4 is at (2,9)

It's Avatar 4 turn
Avatar 0 is at (8,9)
Avatar 1 is at (9,0)
Avatar 2 is at (0,6)
Avatar 3 is at (8,9)
Avatar 4 is at (2,9)
Avatar 4 tries to move east 

It's Avatar 1 turn
Avatar 0 is at (8,9)
Avatar 1 is at (9,0)
Avatar 2 is at (0,6)
Avatar 3 is at (8,9)
Avatar 4 is at (2,9)
Avatar 1 tries to move south 

It's Avatar 2 turn
Avatar 0 is at (8,9)
Avatar 1 is at (9,0)
Avatar 2 is at (0,6)
Avatar 3 is at (8,9)
Avatar 4 is at (2,9)
Avatar 2 tries to move south 

It's Avatar 3 turn
Avatar 0 is at (8,9)
Avatar 1 is at (9,0)
Avatar 2 is at (0,7)
Avatar 3 is at (8,9)
Avatar 4 is at (2,9)

It's Avatar 4 turn
Avatar 0 is at (8,9)
Avatar 1 is at (9,0)
Avatar 2 is at (0,7)
Avatar 3 is at (8,9)
Avatar 4 is at (2,9)
Avatar 4 found a wall
Avatar 4 tries to move west

It's Avatar 1 turn
Avatar 0 is at (8,9)
Avatar 1 is at (9,0)
Avatar 2 is at (0,7)
Avatar 3 is at (8,9)
Avatar 4 is at (1,9)
Avatar 1 found a wall
Avatar 1 tries to move east 

It's Avatar 2 turn
Avatar 0 is at (8,9)
Avatar 1 is at (10,0)
Avatar 2 is at (0,7)
Avatar 3 is at (8,9)
Avatar 4 is at (1,9)
Avatar 2 tries to move east 

It's Avatar 3 turn
Avatar 0 is at (8,9)
Avatar 1 is at (10,0)
Avatar 2 is at (1,7)
Avatar 3 is at (8,9)
Avatar 4 is at (1,9)

It's Avatar 4 turn
Avatar 0 is at (8,9)
Avatar 1 is at (10,0)
Avatar 2 is at (1,7)
Avatar 3 is at (8,9)
Avatar 4 is at (1,9)
Avatar 4 tries to move north

It's Avatar 1 turn
Avatar 0 is at (8,9)
Avatar 1 is at (10,0)
Avatar 2 is at (1,7)
Avatar 3 is at (8,9)
Avatar 4 is at (1,8)
Avatar 1 tries to move south 

It's Avatar 2 turn
Avatar 0 is at (8,9)
Avatar 1 is at (10,1)
Avatar 2 is at (1,7)
Avatar 3 is at (8,9)
Avatar 4 is at (1,8)
Avatar 2 tries to move east 

It's Avatar 3 turn
Avatar 0 is at (8,9)
Avatar 1 is at (10,1)
Avatar 2 is at (2,7)
Avatar 3 is at (8,9)
Avatar 4 is at (1,8)

It's Avatar 4 turn
Avatar 0 is at (8,9)
Avatar 1 is at (10,1)
Avatar 2 is at (2,7)
Avatar 3 is at (8,9)
Avatar 4 is at (1,8)
Avatar 4 tries to move west

It's Avatar 1 turn
Avatar 0 is at (8,9)
Avatar 1 is at (10,1)
Avatar 2 is at (2,7)
Avatar 3 is at (8,9)
Avatar 4 is at (1,8)
Avatar 1 tries to move east 

It's Avatar 2 turn
Avatar 0 is at (8,9)
Avatar 1 is at (11,1)
Avatar 2 is at (2,7)
Avatar 3 is at (8,9)
Avatar 4 is at (1,8)
Avatar 2 tries to move south 

It's Avatar 3 turn
Avatar 0 is at (8,9)
Avatar 1 is at (11,1)
Avatar 2 is at (2,8)
Avatar 3 is at (8,9)
Avatar 4 is at (1,8)

It's Avatar 4 turn
Avatar 0 is at (8,9)
Avatar 1 is at (11,1)
Avatar 2 is at (2,8)
Avatar 3 is at (8,9)
Avatar 4 is at (1,8)
Avatar 4 found a wall
Avatar 4 tries to move south 

It's Avatar 1 turn
Avatar 0 is at (8,9)
Avatar 1 is at (11,1)
Avatar 2 is at (2,8)
Avatar 3 is at (8,9)
Avatar 4 is at (1,9)
Avatar 1 tries to move south 

It's Avatar 2 turn
Avatar 0 is at (8,9)
Avatar 1 is at (11,2)
Avatar 2 is at (2,8)
Avatar 3 is at (8,9)
Avatar 4 is at (1,9)
Avatar 2 tries to move west

It's Avatar 3 turn
Avatar 0 is at (8,9)
Avatar 1 is at (11,2)
Avatar 2 is at (1,8)
Avatar 3 is at (8,9)
Avatar 4 is at (1,9)

It's Avatar 4 turn
Avatar 0 is at (8,9)
Avatar 1 is at (11,2)
Avatar 2 is at (1,8)
Avatar 3 is at (8,9)
Avatar 4 is at (1,9)
Avatar 4 tries to move west

It's Avatar 1 turn
Avatar 0 is at (8,9)
Avatar 1 is at (11,2)
Avatar 2 is at (1,8)
Avatar 3 is at (8,9)
Avatar 4 is at (0,9)
Avatar 1 tries to move south 

It's Avatar 2 turn
Avatar 0 is at (8,9)
Avatar 1 is at (11,3)
Avatar 2 is at (1,8)
Avatar 3 is at (8,9)
Avatar 4 is at (0,9)
Avatar 2 tries to move south 

It's Avatar 3 turn
Avatar 0 is at (8,9)
Avatar 1 is at (11,3)
Avatar 2 is at (1,9)
Avatar 3 is at (8,9)
Avatar 4 is at (0,9)

It's Avatar 4 turn
Avatar 0 is at (8,9)
Avatar 1 is at (11,3)
Avatar 2 is at (1,9)
Avatar 3 is at (8,9)
Avatar 4 is at (0,9)
Avatar 4 tries to move north

It's Avatar 1 turn
Avatar 0 is at (8,9)
Avatar 1 is at (11,3)
Avatar 2 is at (1,9)
Avatar 3 is at (8,9)
Avatar 4 is at (0,8)
Avatar 1 tries to move west

It's Avatar 2 turn
Avatar 0 is at (8,9)
Avatar 1 is at (10,3)
Avatar 2 is at (1,9)
Avatar 3 is at (8,9)
Avatar 4 is at (0,8)
Avatar 2 tries to move west

It's Avatar 3 turn
Avatar 0 is at (8,9)
Avatar 1 is at (10,3)
Avatar 2 is at (0,9)
Avatar 3 is at (8,9)
Avatar 4 is at (0,8)

It's Avatar 4 turn
Avatar 0 is at (8,9)
Avatar 1 is at (10,3)
Avatar 2 is at (0,9)
Avatar 3 is at (8,9)
Avatar 4 is at (0,8)
Avatar 4 tries to move south 

It's Avatar 1 turn
Avatar 0 is at (8,9)
Avatar 1 is at (10,3)
Avatar 2 is at (0,9)
Avatar 3 is at (8,9)
Avatar 4 is at (0,9)
Avatar 1 tries to move west

It's Avatar 2 turn
Avatar 0 is at (8,9)
Avatar 1 is at (10,3)
Avatar 2 is at (0,9)
Avatar 3 is at (8,9)
Avatar 4 is at (0,9)
Avatar 2 tries to move east 

It's Avatar 3 turn
Avatar 0 is at (8,9)
Avatar 1 is at (10,3)
Avatar 2 is at (1,9)
Avatar 3 is at (8,9)
Avatar 4 is at (0,9)

It's Avatar 4 turn
Avatar 0 is at (8,9)
Avatar 1 is at (10,3)
Avatar 2 is at (1,9)
Avatar 3 is at (8,9)
Avatar 4 is at (0,9)
Avatar 4 tries to move east 

It's Avatar 1 turn
Avatar 0 is at (8,9)
Avatar 1 is at (10,3)
Avatar 2 is at (1,9)
Avatar 3 is at (8,9)
Avatar 4 is at (1,9)
Avatar 1 found a wall
Avatar 1 tries to move north

It's Avatar 2 turn
Avatar 0 is at (8,9)
Avatar 1 is at (10,2)
Avatar 2 is at (1,9)
Avatar 3 is at (8,9)
Avatar 4 is at (1,9)
Avatar 2 tries to move north

It's Avatar 3 turn
Avatar 0 is at (8,9)
Avatar 1 is at (10,2)
Avatar 2 is at (1,8)
Avatar 3 is at (8,9)
Avatar 4 is at (1,9)

It's Avatar 4 turn
Avatar 0 is at (8,9)
Avatar 1 is at (10,2)
Avatar 2 is at (1,8)
Avatar 3 is at (8,9)
Avatar 4 is at (1,9)
Avatar 4 tries to move north

It's Avatar 1 turn
Avatar 0 is at (8,9)
Avatar 1 is at (10,2)
Avatar 2 is at (1,8)
Avatar 3 is at (8,9)
Avatar 4 is at (1,8)
Avatar 1 tries to move west

It's Avatar 2 turn
Avatar 0 is at (8,9)
Avatar 1 is at (9,2)
Avatar 2 is at (1,8)
Avatar 3 is at (8,9)
Avatar 4 is at (1,8)
Avatar 2 tries to move east 

It's Avatar 3 turn
Avatar 0 is at (8,9)
Avatar 1 is at (9,2)
Avatar 2 is at (2,8)
Avatar 3 is at (8,9)
Avatar 4 is at (1,8)

It's Avatar 4 turn
Avatar 0 is at (8,9)
Avatar 1 is at (9,2)
Avatar 2 is at (2,8)
Avatar 3 is at (8,9)
Avatar 4 is at (1,8)
Avatar 4 tries to move east 

It's Avatar 1 turn
Avatar 0 is at (8,9)
Avatar 1 is at (9,2)
Avatar 2 is at (2,8)
Avatar 3 is at (8,9)
Avatar 4 is at (2,8)
Avatar 1 tries to move south 

It's Avatar 2 turn
Avatar 0 is at (8,9)
Avatar 1 is at (9,3)
Avatar 2 is at (2,8)
Avatar 3 is at (8,9)
Avatar 4 is at (2,8)
Avatar 2 tries to move north

It's Avatar 3 turn
Avatar 0 is at (8,9)
Avatar 1 is at (9,3)
Avatar 2 is at (2,7)
Avatar 3 is at (8,9)
Avatar 4 is at (2,8)

It's Avatar 4 turn
Avatar 0 is at (8,9)
Avatar 1 is at (9,3)
Avatar 2 is at (2,7)
Avatar 3 is at (8,9)
Avatar 4 is at (2,8)
Avatar 4 tries to move north

It's Avatar 1 turn
Avatar 0 is at (8,9)
Avatar 1 is at (9,3)
Avatar 2 is at (2,7)
Avatar 3 is at (8,9)
Avatar 4 is at (2,7)
Avatar 1 tries to move south 

It's Avatar 2 turn
Avatar 0 is at (8,9)
Avatar 1 is at (9,3)
Avatar 2 is at (2,7)
Avatar 3 is at (8,9)
Avatar 4 is at (2,7)
Avatar 2 tries to move west

It's Avatar 3 turn
Avatar 0 is at (8,9)
Avatar 1 is at (9,3)
Avatar 2 is at (1,7)
Avatar 3 is at (8,9)
Avatar 4 is at (2,7)

It's Avatar 4 turn
Avatar 0 is at (8,9)
Avatar 1 is at (9,3)
Avatar 2 is at (1,7)
Avatar 3 is at (8,9)
Avatar 4 is at (2,7)
Avatar 4 tries to move west

It's Avatar 1 turn
Avatar 0 is at (8,9)
Avatar 1 is at (9,3)
Avatar 2 is at (1,7)
Avatar 3 is at (8,9)
Avatar 4 is at (1,7)
Avatar 1 found a wall
Avatar 1 tries to move west

It's Avatar 2 turn
Avatar 0 is at (8,9)
Avatar 1 is at (9,3)
Avatar 2 is at (1,7)
Avatar 3 is at (8,9)
Avatar 4 is at (1,7)
Avatar 2 tries to move west

It's Avatar 3 turn
Avatar 0 is at (8,9)
Avatar 1 is at (9,3)
Avatar 2 is at (0,7)
Avatar 3 is at (8,9)
Avatar 4 is at (1,7)

It's Avatar 4 turn
Avatar 0 is at (8,9)
Avatar 1 is at (9,3)
Avatar 2 is at (0,7)
Avatar 3 is at (8,9)
Avatar 4 is at (1,7)
Avatar 4 tries to move west

It's Avatar 1 turn
Avatar 0 is at (8,9)
Avatar 1 is at (9,3)
Avatar 2 is at (0,7)
Avatar 3 is at (8,9)
Avatar 4 is at (0,7)
Avatar 1 found a wall
Avatar 1 tries to move north

It's Avatar 2 turn
Avatar 0 is at (8,9)
Avatar 1 is at (9,2)
Avatar 2 is at (0,7)
Avatar 3 is at (8,9)
Avatar 4 is at (0,7)
Avatar 2 tries to move north

It's Avatar 3 turn
Avatar 0 is at (8,9)
Avatar 1 is at (9,2)
Avatar 2 is at (0,6)
Avatar 3 is at (8,9)
Avatar 4 is at (0,7)

It's Avatar 4 turn
Avatar 0 is at (8,9)
Avatar 1 is at (9,2)
Avatar 2 is at (0,6)
Avatar 3 is at (8,9)
Avatar 4 is at (0,7)
Avatar 4 tries to move north

It's Avatar 1 turn
Avatar 0 is at (8,9)
Avatar 1 is at (9,2)
Avatar 2 is at (0,6)
Avatar 3 is at (8,9)
Avatar 4 is at (0,6)
Avatar 1 tries to move west

It's Avatar 2 turn
Avatar 0 is at (8,9)
Avatar 1 is at (9,2)
Avatar 2 is at (0,6)
Avatar 3 is at (8,9)
Avatar 4 is at (0,6)
Avatar 2 tries to move north

It's Avatar 3 turn
Avatar 0 is at (8,9)
Avatar 1 is at (9,2)
Avatar 2 is at (0,5)
Avatar 3 is at (8,9)
Avatar 4 is at (0,6)

It's Avatar 4 turn
Avatar 0 is at (8,9)
Avatar 1 is at (9,2)
Avatar 2 is at (0,5)
Avatar 3 is at (8,9)
Avatar 4 is at (0,6)
Avatar 4 tries to move north

It's Avatar 1 turn
Avatar 0 is at (8,9)
Avatar 1 is at (9,2)
Avatar 2 is at (0,5)
Avatar 3 is at (8,9)
Avatar 4 is at (0,5)
Avatar 1 found a wall
Avatar 1 tries to move north

It's Avatar 2 turn
Avatar 0 is at (8,9)
Avatar 1 is at (9,1)
Avatar 2 is at (0,5)
Avatar 3 is at (8,9)
Avatar 4 is at (0,5)
Avatar 2 tries to move east 

It's Avatar 3 turn
Avatar 0 is at (8,9)
Avatar 1 is at (9,1)
Avatar 2 is at (1,5)
Avatar 3 is at (8,9)
Avatar 4 is at (0,5)

It's Avatar 4 turn
Avatar 0 is at (8,9)
Avatar 1 is at (9,1)
Avatar 2 is at (1,5)
Avatar 3 is at (8,9)
Avatar 4 is at (0,5)
Avatar 4 tries to move east 

It's Avatar 1 turn
Avatar 0 is at (8,9)
Avatar 1 is at (9,1)
Avatar 2 is at (1,5)
Avatar 3 is at (8,9)
Avatar 4 is at (1,5)
Avatar 1 tries to move west

It's Avatar 2 turn
Avatar 0 is at (8,9)
Avatar 1 is at (9,1)
Avatar 2 is at (1,5)
Avatar 3 is at (8,9)
Avatar 4 is at (1,5)
Avatar 2 tries to move west

It's Avatar 3 turn
Avatar 0 is at (8,9)
Avatar 1 is at (9,1)
Avatar 2 is at (0,5)
Avatar 3 is at (8,9)
Avatar 4 is at (1,5)

It's Avatar 4 turn
Avatar 0 is at (8,9)
Avatar 1 is at (9,1)
Avatar 2 is at (0,5)
Avatar 3 is at (8,9)
Avatar 4 is at (1,5)
Avatar 4 tries to move west

It's Avatar 1 turn
Avatar 0 is at (8,9)
Avatar 1 is at (9,1)
Avatar 2 is at (0,5)
Avatar 3 is at (8,9)
Avatar 4 is at (0,5)
Avatar 1 found a wall
Avatar 1 tries to move south 

It's Avatar 2 turn
Avatar 0 is at (8,9)
Avatar 1 is at (9,2)
Avatar 2 is at (0,5)
Avatar 3 is at (8,9)
Avatar 4 is at (0,5)
Avatar 2 tries to move south 

It's Avatar 3 turn
Avatar 0 is at (8,9)
Avatar 1 is at (9,2)
Avatar 2 is at (0,6)
Avatar 3 is at (8,9)
Avatar 4 is at (0,5)

It's Avatar 4 turn
Avatar 0 is at (8,9)
Avatar 1 is at (9,2)
Avatar 2 is at (0,6)
Avatar 3 is at (8,9)
Avatar 4 is at (0,5)
Avatar 4 tries to move south 

It's Avatar 1 turn
Avatar 0 is at (8,9)
Avatar 1 is at (9,2)
Avatar 2 is at (0,6)
Avatar 3 is at (8,9)
Avatar 4 is at (0,6)
Avatar 1 tries to move east 

It's Avatar 2 turn
Avatar 0 is at (8,9)
Avatar 1 is at (10,2)
Avatar 2 is at (0,6)
Avatar 3 is at (8,9)
Avatar 4 is at (0,6)
Avatar 2 tries to move east 

It's Avatar 3 turn
Avatar 0 is at (8,9)
Avatar 1 is at (10,2)
Avatar 2 is at (1,6)
Avatar 3 is at (8,9)
Avatar 4 is at (0,6)

It's Avatar 4 turn
Avatar 0 is at (8,9)
Avatar 1 is at (10,2)
Avatar 2 is at (1,6)
Avatar 3 is at (8,9)
Avatar 4 is at (0,6)
Avatar 4 tries to move east 

It's Avatar 1 turn
Avatar 0 is at (8,9)
Avatar 1 is at (10,2)
Avatar 2 is at (1,6)
Avatar 3 is at (8,9)
Avatar 4 is at (1,6)
Avatar 1 tries to move south 

It's Avatar 2 turn
Avatar 0 is at (8,9)
Avatar 1 is at (10,3)
Avatar 2 is at (1,6)
Avatar 3 is at (8,9)
Avatar 4 is at (1,6)
Avatar 2 tries to move east 

It's Avatar 3 turn
Avatar 0 is at (8,9)
Avatar 1 is at (10,3)
Avatar 2 is at (2,6)
Avatar 3 is at (8,9)
Avatar 4 is at (1,6)

It's Avatar 4 turn
Avatar 0 is at (8,9)
Avatar 1 is at (10,3)
Avatar 2 is at (2,6)
Avatar 3 is at (8,9)
Avatar 4 is at (1,6)
Avatar 4 tries to move east 

It's Avatar 1 turn
Avatar 0 is at (8,9)
Avatar 1 is at (10,3)
Avatar 2 is at (2,6)
Avatar 3 is at (8,9)
Avatar 4 is at (2,6)
Avatar 1 tries to move east 

It's Avatar 2 turn
Avatar 0 is at (8,9)
Avatar 1 is at (11,3)
Avatar 2 is at (2,6)
Avatar 3 is at (8,9)
Avatar 4 is at (2,6)
Avatar 2 tries to move north

It's Avatar 3 turn
Avatar 0 is at (8,9)
Avatar 1 is at (11,3)
Avatar 2 is at (2,5)
Avatar 3 is at (8,9)
Avatar 4 is at (2,6)

It's Avatar 4 turn
Avatar 0 is at (8,9)
Avatar 1 is at (11,3)
Avatar 2 is at (2,5)
Avatar 3 is at (8,9)
Avatar 4 is at (2,6)
Avatar 4 tries to move north

It's Avatar 1 turn
Avatar 0 is at (8,9)
Avatar 1 is at (11,3)
Avatar 2 is at (2,5)
Avatar 3 is at (8,9)
Avatar 4 is at (2,5)
Avatar 1 tries to move north

It's Avatar 2 turn
Avatar 0 is at (8,9)
Avatar 1 is at (11,2)
Avatar 2 is at (2,5)
Avatar 3 is at (8,9)
Avatar 4 is at (2,5)
Avatar 2 tries to move north

It's Avatar 3 turn
Avatar 0 is at (8,9)
Avatar 1 is at (11,2)
Avatar 2 is at (2,5)
Avatar 3 is at (8,9)
Avatar 4 is at (2,5)

It's Avatar 4 turn
Avatar 0 is at (8,9)
Avatar 1 is at (11,2)
Avatar 2 is at (2,5)
Avatar 3 is at (8,9)
Avatar 4 is at (2,5)
Avatar 4 tries to move north

It's Avatar 1 turn
Avatar 0 is at (8,9)
Avatar 1 is at (11,2)
Avatar 2 is at (2,5)
Avatar 3 is at (8,9)
Avatar 4 is at (2,5)
Avatar 1 tries to move north

It's Avatar 2 turn
Avatar 0 is at (8,9)
Avatar 1 is at (11,1)
Avatar 2 is at (2,5)
Avatar 3 is at (8,9)
Avatar 4 is at (2,5)
Avatar 2 found a wall
Avatar 2 tries to move east 

It's Avatar 3 turn
Avatar 0 is at (8,9)
Avatar 1 is at (11,1)
Avatar 2 is at (3,5)
Avatar 3 is at (8,9)
Avatar 4 is at (2,5)

It's Avatar 4 turn
Avatar 0 is at (8,9)
Avatar 1 is at (11,1)
Avatar 2 is at (3,5)
Avatar 3 is at (8,9)
Avatar 4 is at (2,5)
Avatar 4 found a wall
Avatar 4 tries to move east 

It's Avatar 1 turn
Avatar 0 is at (8,9)
Avatar 1 is at (11,1)
Avatar 2 is at (3,5)
Avatar 3 is at (8,9)
Avatar 4 is at (3,5)
Avatar 1 tries to move west

It's Avatar 2 turn
Avatar 0 is at (8,9)
Avatar 1 is at (10,1)
Avatar 2 is at (3,5)
Avatar 3 is at (8,9)
Avatar 4 is at (3,5)
Avatar 2 tries to move north

It's Avatar 3 turn
Avatar 0 is at (8,9)
Avatar 1 is at (10,1)
Avatar 2 is at (3,5)
Avatar 3 is at (8,9)
Avatar 4 is at (3,5)

It's Avatar 4 turn
Avatar 0 is at (8,9)
Avatar 1 is at (10,1)
Avatar 2 is at (3,5)
Avatar 3 is at (8,9)
Avatar 4 is at (3,5)
Avatar 4 tries to move north

It's Avatar 1 turn
Avatar 0 is at (8,9)
Avatar 1 is at (10,1)
Avatar 2 is at (3,5)
Avatar 3 is at (8,9)
Avatar 4 is at (3,5)
Avatar 1 tries to move north

It's Avatar 2 turn
Avatar 0 is at (8,9)
Avatar 1 is at (10,0)
Avatar 2 is at (3,5)
Avatar 3 is at (8,9)
Avatar 4 is at (3,5)
Avatar 2 found a wall
Avatar 2 tries to move east 

It's Avatar 3 turn
Avatar 0 is at (8,9)
Avatar 1 is at (10,0)
Avatar 2 is at (4,5)
Avatar 3 is at (8,9)
Avatar 4 is at (3,5)

It's Avatar 4 turn
Avatar 0 is at (8,9)
Avatar 1 is at (10,0)
Avatar 2 is at (4,5)
Avatar 3 is at (8,9)
Avatar 4 is at (3,5)
Avatar 4 found a wall
Avatar 4 tries to move east 

It's Avatar 1 turn
Avatar 0 is at (8,9)
Avatar 1 is at (10,0)
Avatar 2 is at (4,5)
Avatar 3 is at (8,9)
Avatar 4 is at (4,5)
Avatar 1 tries to move west

It's Avatar 2 turn
Avatar 0 is at (8,9)
Avatar 1 is at (9,0)
Avatar 2 is at (4,5)
Avatar 3 is at (8,9)
Avatar 4 is at (4,5)
Avatar 2 tries to move east 

It's Avatar 3 turn
Avatar 0 is at (8,9)
Avatar 1 is at (9,0)
Avatar 2 is at (5,5)
Avatar 3 is at (8,9)
Avatar 4 is at (4,5)

It's Avatar 4 turn
Avatar 0 is at (8,9)
Avatar 1 is at (9,0)
Avatar 2 is at (5,5)
Avatar 3 is at (8,9)
Avatar 4 is at (4,5)
Avatar 4 tries to move east 

It's Avatar 1 turn
Avatar 0 is at (8,9)
Avatar 1 is at (9,0)
Avatar 2 is at (5,5)
Avatar 3 is at (8,9)
Avatar 4 is at (5,5)
Avatar 1 tries to move west

It's Avatar 2 turn
Avatar 0 is at (8,9)
Avatar 1 is at (8,0)
Avatar 2 is at (5,5)
Avatar 3 is at (8,9)
Avatar 4 is at (5,5)
Avatar 2 tries to move south 

It's Avatar 3 turn
Avatar 0 is at (8,9)
Avatar 1 is at (8,0)
Avatar 2 is at (5,6)
Avatar 3 is at (8,9)
Avatar 4 is at (5,5)

It's Avatar 4 turn
Avatar 0 is at (8,9)
Avatar 1 is at (8,0)
Avatar 2 is at (5,6)
Avatar 3 is at (8,9)
Avatar 4 is at (5,5)
Avatar 4 tries to move south 

It's Avatar 1 turn
Avatar 0 is at (8,9)
Avatar 1 is at (8,0)
Avatar 2 is at (5,6)
Avatar 3 is at (8,9)
Avatar 4 is at (5,6)
Avatar 1 tries to move south 

It's Avatar 2 turn
Avatar 0 is at (8,9)
Avatar 1 is at (8,1)
Avatar 2 is at (5,6)
Avatar 3 is at (8,9)
Avatar 4 is at (5,6)
Avatar 2 tries to move east 

It's Avatar 3 turn
Avatar 0 is at (8,9)
Avatar 1 is at (8,1)
Avatar 2 is at (6,6)
Avatar 3 is at (8,9)
Avatar 4 is at (5,6)

It's Avatar 4 turn
Avatar 0 is at (8,9)
Avatar 1 is at (8,1)
Avatar 2 is at (6,6)
Avatar 3 is at (8,9)
Avatar 4 is at (5,6)
Avatar 4 tries to move east 

It's Avatar 1 turn
Avatar 0 is at (8,9)
Avatar 1 is at (8,1)
Avatar 2 is at (6,6)
Avatar 3 is at (8,9)
Avatar 4 is at (6,6)
Avatar 1 tries to move south 

It's Avatar 2 turn
Avatar 0 is at (8,9)
Avatar 1 is at (8,2)
Avatar 2 is at (6,6)
Avatar 3 is at (8,9)
Avatar 4 is at (6,6)
Avatar 2 tries to move north

It's Avatar 3 turn
Avatar 0 is at (8,9)
Avatar 1 is at (8,2)
Avatar 2 is at (6,5)
Avatar 3 is at (8,9)
Avatar 4 is at (6,6)

It's Avatar 4 turn
Avatar 0 is at (8,9)
Avatar 1 is at (8,2)
Avatar 2 is at (6,5)
Avatar 3 is at (8,9)
Avatar 4 is at (6,6)
Avatar 4 tries to move north

It's Avatar 1 turn
Avatar 0 is at (8,9)
Avatar 1 is at (8,2)
Avatar 2 is at (6,5)
Avatar 3 is at (8,9)
Avatar 4 is at (6,5)
Avatar 1 tries to move south 

It's Avatar 2 turn
Avatar 0 is at (8,9)
Avatar 1 is at (8,3)
Avatar 2 is at (6,5)
Avatar 3 is at (8,9)
Avatar 4 is at (6,5)
Avatar 2 tries to move north

It's Avatar 3 turn
Avatar 0 is at (8,9)
Avatar 1 is at (8,3)
Avatar 2 is at (6,4)
Avatar 3 is at (8,9)
Avatar 4 is at (6,5)

It's Avatar 4 turn
Avatar 0 is at (8,9)
Avatar 1 is at (8,3)
Avatar 2 is at (6,4)
Avatar 3 is at (8,9)
Avatar 4 is at (6,5)
Avatar 4 tries to move north

It's Avatar 1 turn
Avatar 0 is at (8,9)
Avatar 1 is at (8,3)
Avatar 2 is at (6,4)
Avatar 3 is at (8,9)
Avatar 4 is at (6,4)
Avatar 1 tries to move south 

It's Avatar 2 turn
Avatar 0 is at (8,9)
Avatar 1 is at (8,3)
Avatar 2 is at (6,4)
Avatar 3 is at (8,9)
Avatar 4 is at (6,4)
Avatar 2 tries to move west

It's Avatar 3 turn
Avatar 0 is at (8,9)
Avatar 1 is at (8,3)
Avatar 2 is at (6,4)
Avatar 3 is at (8,9)
Avatar 4 is at (6,4)

It's Avatar 4 turn
Avatar 0 is at (8,9)
Avatar 1 is at (8,3)
Avatar 2 is at (6,4)
Avatar 3 is at (8,9)
Avatar 4 is at (6,4)
Avatar 4 tries to move west

It's Avatar 1 turn
Avatar 0 is at (8,9)
Avatar 1 is at (8,3)
Avatar 2 is at (6,4)
Avatar 3 is at (8,9)
Avatar 4 is at (6,4)
Avatar 1 found a wall
Avatar 1 tries to move west

It's Avatar 2 turn
Avatar 0 is at (8,9)
Avatar 1 is at (7,3)
Avatar 2 is at (6,4)
Avatar 3 is at (8,9)
Avatar 4 is at (6,4)
Avatar 2 found a wall
Avatar 2 tries to move north

It's Avatar 3 turn
Avatar 0 is at (8,9)
Avatar 1 is at (7,3)
Avatar 2 is at (6,3)
Avatar 3 is at (8,9)
Avatar 4 is at (6,4)

It's Avatar 4 turn
Avatar 0 is at (8,9)
Avatar 1 is at (7,3)
Avatar 2 is at (6,3)
Avatar 3 is at (8,9)
Avatar 4 is at (6,4)
Avatar 4 found a wall
Avatar 4 tries to move north

It's Avatar 1 turn
Avatar 0 is at (8,9)
Avatar 1 is at (7,3)
Avatar 2 is at (6,3)
Avatar 3 is at (8,9)
Avatar 4 is at (6,3)
Avatar 1 tries to move south 

It's Avatar 2 turn
Avatar 0 is at (8,9)
Avatar 1 is at (7,4)
Avatar 2 is at (6,3)
Avatar 3 is at (8,9)
Avatar 4 is at (6,3)
Avatar 2 tries to move west

It's Avatar 3 turn
Avatar 0 is at (8,9)
Avatar 1 is at (7,4)
Avatar 2 is at (5,3)
Avatar 3 is at (8,9)
Avatar 4 is at (6,3)

It's Avatar 4 turn
Avatar 0 is at (8,9)
Avatar 1 is at (7,4)
Avatar 2 is at (5,3)
Avatar 3 is at (8,9)
Avatar 4 is at (6,3)
Avatar 4 tries to move west

It's Avatar 1 turn
Avatar 0 is at (8,9)
Avatar 1 is at (7,4)
Avatar 2 is at (5,3)
Avatar 3 is at (8,9)
Avatar 4 is at (5,3)
Avatar 1 tries to move east 

It's Avatar 2 turn
Avatar 0 is at (8,9)
Avatar 1 is at (8,4)
Avatar 2 is at (5,3)
Avatar 3 is at (8,9)
Avatar 4 is at (5,3)
Avatar 2 tries to move south 

It's Avatar 3 turn
Avatar 0 is at (8,9)
Avatar 1 is at (8,4)
Avatar 2 is at (5,4)
Avatar 3 is at (8,9)
Avatar 4 is at (5,3)

It's Avatar 4 turn
Avatar 0 is at (8,9)
Avatar 1 is at (8,4)
Avatar 2 is at (5,4)
Avatar 3 is at (8,9)
Avatar 4 is at (5,3)
Avatar 4 tries to move south 

It's Avatar 1 turn
Avatar 0 is at (8,9)
Avatar 1 is at (8,4)
Avatar 2 is at (5,4)
Avatar 3 is at (8,9)
Avatar 4 is at (5,4)
Avatar 1 tries to move east 

It's Avatar 2 turn
Avatar 0 is at (8,9)
Avatar 1 is at (9,4)
Avatar 2 is at (5,4)
Avatar 3 is at (8,9)
Avatar 4 is at (5,4)
Avatar 2 tries to move west

It's Avatar 3 turn
Avatar 0 is at (8,9)
Avatar 1 is at (9,4)
Avatar 2 is at (4,4)
Avatar 3 is at (8,9)
Avatar 4 is at (5,4)

It's Avatar 4 turn
Avatar 0 is at (8,9)
Avatar 1 is at (9,4)
Avatar 2 is at (4,4)
Avatar 3 is at (8,9)
Avatar 4 is at (5,4)
Avatar 4 tries to move west

It's Avatar 1 turn
Avatar 0 is at (8,9)
Avatar 1 is at (9,4)
Avatar 2 is at (4,4)
Avatar 3 is at (8,9)
Avatar 4 is at (4,4)
Avatar 1 tries to move east 

It's Avatar 2 turn
Avatar 0 is at (8,9)
Avatar 1 is at (10,4)
Avatar 2 is at (4,4)
Avatar 3 is at (8,9)
Avatar 4 is at (4,4)
Avatar 2 tries to move west

It's Avatar 3 turn
Avatar 0 is at (8,9)
Avatar 1 is at (10,4)
Avatar 2 is at (4,4)
Avatar 3 is at (8,9)
Avatar 4 is at (4,4)

It's Avatar 4 turn
Avatar 0 is at (8,9)
Avatar 1 is at (10,4)
Avatar 2 is at (4,4)
Avatar 3 is at (8,9)
Avatar 4 is at (4,4)
Avatar 4 tries to move west

It's Avatar 1 turn
Avatar 0 is at (8,9)
Avatar 1 is at (10,4)
Avatar 2 is at (4,4)
Avatar 3 is at (8,9)
Avatar 4 is at (4,4)
Avatar 1 tries to move south 

It's Avatar 2 turn
Avatar 0 is at (8,9)
Avatar 1 is at (10,5)
Avatar 2 is at (4,4)
Avatar 3 is at (8,9)
Avatar 4 is at (4,4)
Avatar 2 found a wall
Avatar 2 tries to move north

It's Avatar 3 turn
Avatar 0 is at (8,9)
Avatar 1 is at (10,5)
Avatar 2 is at (4,3)
Avatar 3 is at (8,9)
Avatar 4 is at (4,4)

It's Avatar 4 turn
Avatar 0 is at (8,9)
Avatar 1 is at (10,5)
Avatar 2 is at (4,3)
Avatar 3 is at (8,9)
Avatar 4 is at (4,4)
Avatar 4 found a wall
Avatar 4 tries to move north

It's Avatar 1 turn
Avatar 0 is at (8,9)
Avatar 1 is at (10,5)
Avatar 2 is at (4,3)
Avatar 3 is at (8,9)
Avatar 4 is at (4,3)
Avatar 1 tries to move south 

It's Avatar 2 turn
Avatar 0 is at (8,9)
Avatar 1 is at (10,6)
Avatar 2 is at (4,3)
Avatar 3 is at (8,9)
Avatar 4 is at (4,3)
Avatar 2 tries to move west

It's Avatar 3 turn
Avatar 0 is at (8,9)
Avatar 1 is at (10,6)
Avatar 2 is at (3,3)
Avatar 3 is at (8,9)
Avatar 4 is at (4,3)

It's Avatar 4 turn
Avatar 0 is at (8,9)
Avatar 1 is at (10,6)
Avatar 2 is at (3,3)
Avatar 3 is at (8,9)
Avatar 4 is at (4,3)
Avatar 4 tries to move west

It's Avatar 1 turn
Avatar 0 is at (8,9)
Avatar 1 is at (10,6)
Avatar 2 is at (3,3)
Avatar 3 is at (8,9)
Avatar 4 is at (3,3)
Avatar 1 tries to move south 

It's Avatar 2 turn
Avatar 0 is at (8,9)
Avatar 1 is at (10,7)
Avatar 2 is at (3,3)
Avatar 3 is at (8,9)
Avatar 4 is at (3,3)
Avatar 2 tries to move south 

It's Avatar 3 turn
Avatar 0 is at (8,9)
Avatar 1 is at (10,7)
Avatar 2 is at (3,4)
Avatar 3 is at (8,9)
Avatar 4 is at (3,3)

It's Avatar 4 turn
Avatar 0 is at (8,9)
Avatar 1 is at (10,7)
Avatar 2 is at (3,4)
Avatar 3 is at (8,9)
Avatar 4 is at (3,3)
Avatar 4 tries to move south 

It's Avatar 1 turn
Avatar 0 is at (8,9)
Avatar 1 is at (10,7)
Avatar 2 is at (3,4)
Avatar 3 is at (8,9)
Avatar 4 is at (3,4)
Avatar 1 tries to move south 

It's Avatar 2 turn
Avatar 0 is at (8,9)
Avatar 1 is at (10,8)
Avatar 2 is at (3,4)
Avatar 3 is at (8,9)
Avatar 4 is at (3,4)
Avatar 2 tries to move west

It's Avatar 3 turn
Avatar 0 is at (8,9)
Avatar 1 is at (10,8)
Avatar 2 is at (2,4)
Avatar 3 is at (8,9)
Avatar 4 is at (3,4)

It's Avatar 4 turn
Avatar 0 is at (8,9)
Avatar 1 is at (10,8)
Avatar 2 is at (2,4)
Avatar 3 is at (8,9)
Avatar 4 is at (3,4)
Avatar 4 tries to move west

It's Avatar 1 turn
Avatar 0 is at (8,9)
Avatar 1 is at (10,8)
Avatar 2 is at (2,4)
Avatar 3 is at (8,9)
Avatar 4 is at (2,4)
Avatar 1 tries to move east 

It's Avatar 2 turn
Avatar 0 is at (8,9)
Avatar 1 is at (11,8)
Avatar 2 is at (2,4)
Avatar 3 is at (8,9)
Avatar 4 is at (2,4)
Avatar 2 tries to move west

It's Avatar 3 turn
Avatar 0 is at (8,9)
Avatar 1 is at (11,8)
Avatar 2 is at (2,4)
Avatar 3 is at (8,9)
Avatar 4 is at (2,4)

It's Avatar 4 turn
Avatar 0 is at (8,9)
Avatar 1 is at (11,8)
Avatar 2 is at (2,4)
Avatar 3 is at (8,9)
Avatar 4 is at (2,4)
Avatar 4 tries to move west

It's Avatar 1 turn
Avatar 0 is at (8,9)
Avatar 1 is at (11,8)
Avatar 2 is at (2,4)
Avatar 3 is at (8,9)
Avatar 4 is at (2,4)
Avatar 1 tries to move south 

It's Avatar 2 turn
Avatar 0 is at (8,9)
Avatar 1 is at (11,9)
Avatar 2 is at (2,4)
Avatar 3 is at (8,9)
Avatar 4 is at (2,4)
Avatar 2 found a wall
Avatar 2 tries to move north

It's Avatar 3 turn
Avatar 0 is at (8,9)
Avatar 1 is at (11,9)
Avatar 2 is at (2,3)
Avatar 3 is at (8,9)
Avatar 4 is at (2,4)

It's Avatar 4 turn
Avatar 0 is at (8,9)
Avatar 1 is at (11,9)
Avatar 2 is at (2,3)
Avatar 3 is at (8,9)
Avatar 4 is at (2,4)
Avatar 4 found a wall
Avatar 4 tries to move north

It's Avatar 1 turn
Avatar 0 is at (8,9)
Avatar 1 is at (11,9)
Avatar 2 is at (2,3)
Avatar 3 is at (8,9)
Avatar 4 is at (2,3)
Avatar 1 tries to move west

It's Avatar 2 turn
Avatar 0 is at (8,9)
Avatar 1 is at (10,9)
Avatar 2 is at (2,3)
Avatar 3 is at (8,9)
Avatar 4 is at (2,3)
Avatar 2 tries to move west

It's Avatar 3 turn
Avatar 0 is at (8,9)
Avatar 1 is at (10,9)
Avatar 2 is at (1,3)
Avatar 3 is at (8,9)
Avatar 4 is at (2,3)

It's Avatar 4 turn
Avatar 0 is at (8,9)
Avatar 1 is at (10,9)
Avatar 2 is at (1,3)
Avatar 3 is at (8,9)
Avatar 4 is at (2,3)
Avatar 4 tries to move west

It's Avatar 1 turn
Avatar 0 is at (8,9)
Avatar 1 is at (10,9)
Avatar 2 is at (1,3)
Avatar 3 is at (8,9)
Avatar 4 is at (1,3)
Avatar 1 tries to move west

It's Avatar 2 turn
Avatar 0 is at (8,9)
Avatar 1 is at (9,9)
Avatar 2 is at (1,3)
Avatar 3 is at (8,9)
Avatar 4 is at (1,3)
Avatar 2 tries to move south 

It's Avatar 3 turn
Avatar 0 is at (8,9)
Avatar 1 is at (9,9)
Avatar 2 is at (1,4)
Avatar 3 is at (8,9)
Avatar 4 is at (1,3)

It's Avatar 4 turn
Avatar 0 is at (8,9)
Avatar 1 is at (9,9)
Avatar 2 is at (1,4)
Avatar 3 is at (8,9)
Avatar 4 is at (1,3)
Avatar 4 tries to move south 

It's Avatar 1 turn
Avatar 0 is at (8,9)
Avatar 1 is at (9,9)
Avatar 2 is at (1,4)
Avatar 3 is at (8,9)
Avatar 4 is at (1,4)
Avatar 1 tries to move west

It's Avatar 2 turn
Avatar 0 is at (8,9)
Avatar 1 is at (8,9)
Avatar 2 is at (1,4)
Avatar 3 is at (8,9)
Avatar 4 is at (1,4)
Avatar 2 tries to move west

It's Avatar 3 turn
Avatar 0 is at (8,9)
Avatar 1 is at (8,9)
Avatar 2 is at (0,4)
Avatar 3 is at (8,9)
Avatar 4 is at (1,4)

It's Avatar 4 turn
Avatar 0 is at (8,9)
Avatar 1 is at (8,9)
Avatar 2 is at (0,4)
Avatar 3 is at (8,9)
Avatar 4 is at (1,4)
Avatar 4 tries to move west

It's Avatar 1 turn
Avatar 0 is at (8,9)
Avatar 1 is at (8,9)
Avatar 2 is at (0,4)
Avatar 3 is at (8,9)
Avatar 4 is at (0,4)

It's Avatar 2 turn
Avatar 0 is at (8,9)
Avatar 1 is at (8,9)
Avatar 2 is at (0,4)
Avatar 3 is at (8,9)
Avatar 4 is at (0,4)
Avatar 2 tries to move north

It's Avatar 3 turn
Avatar 0 is at (8,9)
Avatar 1 is at (8,9)
Avatar 2 is at (0,3)
Avatar 3 is at (8,9)
Avatar 4 is at (0,4)

It's Avatar 4 turn
Avatar 0 is at (8,9)
Avatar 1 is at (8,9)
Avatar 2 is at (0,3)
Avatar 3 is at (8,9)
Avatar 4 is at (0,4)
Avatar 4 tries to move north

It's Avatar 1 turn
Avatar 0 is at (8,9)
Avatar 1 is at (8,9)
Avatar 2 is at (0,3)
Avatar 3 is at (8,9)
Avatar 4 is at (0,3)

It's Avatar 2 turn
Avatar 0 is at (8,9)
Avatar 1 is at (8,9)
Avatar 2 is at (0,3)
Avatar 3 is at (8,9)
Avatar 4 is at (0,3)
Avatar 2 tries to move north

It's Avatar 3 turn
Avatar 0 is at (8,9)
Avatar 1 is at (8,9)
Avatar 2 is at (0,2)
Avatar 3 is at (8,9)
Avatar 4 is at (0,3)

It's Avatar 4 turn
Avatar 0 is at (8,9)
Avatar 1 is at (8,9)
Avatar 2 is at (0,2)
Avatar 3 is at (8,9)
Avatar 4 is at (0,3)
Avatar 4 tries to move north

It's Avatar 1 turn
Avatar 0 is at (8,9)
Avatar 1 is at (8,9)
Avatar 2 is at (0,2)
Avatar 3 is at (8,9)
Avatar 4 is at (0,2)

It's Avatar 2 turn
Avatar 0 is at (8,9)
Avatar 1 is at (8,9)
Avatar 2 is at (0,2)
Avatar 3 is at (8,9)
Avatar 4 is at (0,2)
Avatar 2 tries to move north

It's Avatar 3 turn
Avatar 0 is at (8,9)
Avatar 1 is at (8,9)
Avatar 2 is at (0,1)
Avatar 3 is at (8,9)
Avatar 4 is at (0,2)

It's Avatar 4 turn
Avatar 0 is at (8,9)
Avatar 1 is at (8,9)
Avatar 2 is at (0,1)
Avatar 3 is at (8,9)
Avatar 4 is at (0,2)
Avatar 4 tries to move north

It's Avatar 1 turn
Avatar 0 is at (8,9)
Avatar 1 is at (8,9)
Avatar 2 is at (0,1)
Avatar 3 is at (8,9)
Avatar 4 is at (0,1)

It's Avatar 2 turn
Avatar 0 is at (8,9)
Avatar 1 is at (8,9)
Avatar 2 is at (0,1)
Avatar 3 is at (8,9)
Avatar 4 is at (0,1)
Avatar 2 tries to move north

It's Avatar 3 turn
Avatar 0 is at (8,9)
Avatar 1 is at (8,9)
Avatar 2 is at (0,1)
Avatar 3 is at (8,9)
Avatar 4 is at (0,1)

It's Avatar 4 turn
Avatar 0 is at (8,9)
Avatar 1 is at (8,9)
Avatar 2 is at (0,1)
Avatar 3 is at (8,9)
Avatar 4 is at (0,1)
Avatar 4 tries to move north

It's Avatar 1 turn
Avatar 0 is at (8,9)
Avatar 1 is at (8,9)
Avatar 2 is at (0,1)
Avatar 3 is at (8,9)
Avatar 4 is at (0,1)

It's Avatar 2 turn
Avatar 0 is at (8,9)
Avatar 1 is at (8,9)
Avatar 2 is at (0,1)
Avatar 3 is at (8,9)
Avatar 4 is at (0,1)
Avatar 2 found a wall
Avatar 2 tries to move east 

It's Avatar 3 turn
Avatar 0 is at (8,9)
Avatar 1 is at (8,9)
Avatar 2 is at (1,1)
Avatar 3 is at (8,9)
Avatar 4 is at (0,1)

It's Avatar 4 turn
Avatar 0 is at (8,9)
Avatar 1 is at (8,9)
Avatar 2 is at (1,1)
Avatar 3 is at (8,9)
Avatar 4 is at (0,1)
Avatar 4 found a wall
Avatar 4 tries to move east 

It's Avatar 1 turn
Avatar 0 is at (8,9)
Avatar 1 is at (8,9)
Avatar 2 is at (1,1)
Avatar 3 is at (8,9)
Avatar 4 is at (1,1)

It's Avatar 2 turn
Avatar 0 is at (8,9)
Avatar 1 is at (8,9)
Avatar 2 is at (1,1)
Avatar 3 is at (8,9)
Avatar 4 is at (1,1)
Avatar 2 tries to move north

It's Avatar 3 turn
Avatar 0 is at (8,9)
Avatar 1 is at (8,9)
Avatar 2 is at (1,0)
Avatar 3 is at (8,9)
Avatar 4 is at (1,1)

It's Avatar 4 turn
Avatar 0 is at (8,9)
Avatar 1 is at (8,9)
Avatar 2 is at (1,0)
Avatar 3 is at (8,9)
Avatar 4 is at (1,1)
Avatar 4 tries to move north

It's Avatar 1 turn
Avatar 0 is at (8,9)
Avatar 1 is at (8,9)
Avatar 2 is at (1,0)
Avatar 3 is at (8,9)
Avatar 4 is at (1,0)

It's Avatar 2 turn
Avatar 0 is at (8,9)
Avatar 1 is at (8,9)
Avatar 2 is at (1,0)
Avatar 3 is at (8,9)
Avatar 4 is at (1,0)
Avatar 2 tries to move west

It's Avatar 3 turn
Avatar 0 is at (8,9)
Avatar 1 is at (8,9)
Avatar 2 is at (0,0)
Avatar 3 is at (8,9)
Avatar 4 is at (1,0)

It's Avatar 4 turn
Avatar 0 is at (8,9)
Avatar 1 is at (8,9)
Avatar 2 is at (0,0)
Avatar 3 is at (8,9)
Avatar 4 is at (1,0)
Avatar 4 tries to move west

It's Avatar 1 turn
Avatar 0 is at (8,9)
Avatar 1 is at (8,9)
Avatar 2 is at (0,0)
Avatar 3 is at (8,9)
Avatar 4 is at (0,0)

It's Avatar 2 turn
Avatar 0 is at (8,9)
Avatar 1 is at (8,9)
Avatar 2 is at (0,0)
Avatar 3 is at (8,9)
Avatar 4 is at (0,0)
Avatar 2 tries to move east 

It's Avatar 3 turn
Avatar 0 is at (8,9)
Avatar 1 is at (8,9)
Avatar 2 is at (1,0)
Avatar 3 is at (8,9)
Avatar 4 is at (0,0)

It's Avatar 4 turn
Avatar 0 is at (8,9)
Avatar 1 is at (8,9)
Avatar 2 is at (1,0)
Avatar 3 is at (8,9)
Avatar 4 is at (0,0)
Avatar 4 tries to move east 

It's Avatar 1 turn
Avatar 0 is at (8,9)
Avatar 1 is at (8,9)
Avatar 2 is at (1,0)
Avatar 3 is at (8,9)
Avatar 4 is at (1,0)

It's Avatar 2 turn
Avatar 0 is at (8,9)
Avatar 1 is at (8,9)
Avatar 2 is at (1,0)
Avatar 3 is at (8,9)
Avatar 4 is at (1,0)
Avatar 2 tries to move south 

It's Avatar 3 turn
Avatar 0 is at (8,9)
Avatar 1 is at (8,9)
Avatar 2 is at (1,1)
Avatar 3 is at (8,9)
Avatar 4 is at (1,0)

It's Avatar 4 turn
Avatar 0 is at (8,9)
Avatar 1 is at (8,9)
Avatar 2 is at (1,1)
Avatar 3 is at (8,9)
Avatar 4 is at (1,0)
Avatar 4 tries to move south 

It's Avatar 1 turn
Avatar 0 is at (8,9)
Avatar 1 is at (8,9)
Avatar 2 is at (1,1)
Avatar 3 is at (8,9)
Avatar 4 is at (1,1)

It's Avatar 2 turn
Avatar 0 is at (8,9)
Avatar 1 is at (8,9)
Avatar 2 is at (1,1)
Avatar 3 is at (8,9)
Avatar 4 is at (1,1)
Avatar 2 tries to move east 

It's Avatar 3 turn
Avatar 0 is at (8,9)
Avatar 1 is at (8,9)
Avatar 2 is at (1,1)
Avatar 3 is at (8,9)
Avatar 4 is at (1,1)

It's Avatar 4 turn
Avatar 0 is at (8,9)
Avatar 1 is at (8,9)
Avatar 2 is at (1,1)
Avatar 3 is at (8,9)
Avatar 4 is at (1,1)
Avatar 4 tries to move east 

It's Avatar 1 turn
Avatar 0 is at (8,9)
Avatar 1 is at (8,9)
Avatar 2 is at (1,1)
Avatar 3 is at (8,9)
Avatar 4 is at (1,1)

It's Avatar 2 turn
Avatar 0 is at (8,9)
Avatar 1 is at (8,9)
Avatar 2 is at (1,1)
Avatar 3 is at (8,9)
Avatar 4 is at (1,1)
Avatar 2 found a wall
Avatar 2 tries to move north

It's Avatar 3 turn
Avatar 0 is at (8,9)
Avatar 1 is at (8,9)
Avatar 2 is at (1,0)
Avatar 3 is at (8,9)
Avatar 4 is at (1,1)

It's Avatar 4 turn
Avatar 0 is at (8,9)
Avatar 1 is at (8,9)
Avatar 2 is at (1,0)
Avatar 3 is at (8,9)
Avatar 4 is at (1,1)
Avatar 4 found a wall
Avatar 4 tries to move north

It's Avatar 1 turn
Avatar 0 is at (8,9)
Avatar 1 is at (8,9)
Avatar 2 is at (1,0)
Avatar 3 is at (8,9)
Avatar 4 is at (1,0)

It's Avatar 2 turn
Avatar 0 is at (8,9)
Avatar 1 is at (8,9)
Avatar 2 is at (1,0)
Avatar 3 is at (8,9)
Avatar 4 is at (1,0)
Avatar 2 tries to move east 

It's Avatar 3 turn
Avatar 0 is at (8,9)
Avatar 1 is at (8,9)
Avatar 2 is at (2,0)
Avatar 3 is at (8,9)
Avatar 4 is at (1,0)

It's Avatar 4 turn
Avatar 0 is at (8,9)
Avatar 1 is at (8,9)
Avatar 2 is at (2,0)
Avatar 3 is at (8,9)
Avatar 4 is at (1,0)
Avatar 4 tries to move east 

It's Avatar 1 turn
Avatar 0 is at (8,9)
Avatar 1 is at (8,9)
Avatar 2 is at (2,0)
Avatar 3 is at (8,9)
Avatar 4 is at (2,0)

It's Avatar 2 turn
Avatar 0 is at (8,9)
Avatar 1 is at (8,9)
Avatar 2 is at (2,0)
Avatar 3 is at (8,9)
Avatar 4 is at (2,0)
Avatar 2 tries to move east 

It's Avatar 3 turn
Avatar 0 is at (8,9)
Avatar 1 is at (8,9)
Avatar 2 is at (3,0)
Avatar 3 is at (8,9)
Avatar 4 is at (2,0)

It's Avatar 4 turn
Avatar 0 is at (8,9)
Avatar 1 is at (8,9)
Avatar 2 is at (3,0)
Avatar 3 is at (8,9)
Avatar 4 is at (2,0)
Avatar 4 tries to move east 

It's Avatar 1 turn
Avatar 0 is at (8,9)
Avatar 1 is at (8,9)
Avatar 2 is at (3,0)
Avatar 3 is at (8,9)
Avatar 4 is at (3,0)

It's Avatar 2 turn
Avatar 0 is at (8,9)
Avatar 1 is at (8,9)
Avatar 2 is at (3,0)
Avatar 3 is at (8,9)
Avatar 4 is at (3,0)
Avatar 2 tries to move east 

It's Avatar 3 turn
Avatar 0 is at (8,9)
Avatar 1 is at (8,9)
Avatar 2 is at (4,0)
Avatar 3 is at (8,9)
Avatar 4 is at (3,0)

It's Avatar 4 turn
Avatar 0 is at (8,9)
Avatar 1 is at (8,9)
Avatar 2 is at (4,0)
Avatar 3 is at (8,9)
Avatar 4 is at (3,0)
Avatar 4 tries to move east 

It's Avatar 1 turn
Avatar 0 is at (8,9)
Avatar 1 is at (8,9)
Avatar 2 is at (4,0)
Avatar 3 is at (8,9)
Avatar 4 is at (4,0)

It's Avatar 2 turn
Avatar 0 is at (8,9)
Avatar 1 is at (8,9)
Avatar 2 is at (4,0)
Avatar 3 is at (8,9)
Avatar 4 is at (4,0)
Avatar 2 tries to move east 

It's Avatar 3 turn
Avatar 0 is at (8,9)
Avatar 1 is at (8,9)
Avatar 2 is at (4,0)
Avatar 3 is at (8,9)
Avatar 4 is at (4,0)

It's Avatar 4 turn
Avatar 0 is at (8,9)
Avatar 1 is at (8,9)
Avatar 2 is at (4,0)
Avatar 3 is at (8,9)
Avatar 4 is at (4,0)
Avatar 4 tries to move east 

It's Avatar 1 turn
Avatar 0 is at (8,9)
Avatar 1 is at (8,9)
Avatar 2 is at (4,0)
Avatar 3 is at (8,9)
Avatar 4 is at (4,0)

It's Avatar 2 turn
Avatar 0 is at (8,9)
Avatar 1 is at (8,9)
Avatar 2 is at (4,0)
Avatar 3 is at (8,9)
Avatar 4 is at (4,0)
Avatar 2 found a wall
Avatar 2 tries to move south 

It's Avatar 3 turn
Avatar 0 is at (8,9)
Avatar 1 is at (8,9)
Avatar 2 is at (4,1)
Avatar 3 is at (8,9)
Avatar 4 is at (4,0)

It's Avatar 4 turn
Avatar 0 is at (8,9)
Avatar 1 is at (8,9)
Avatar 2 is at (4,1)
Avatar 3 is at (8,9)
Avatar 4 is at (4,0)
Avatar 4 found a wall
Avatar 4 tries to move south 

It's Avatar 1 turn
Avatar 0 is at (8,9)
Avatar 1 is at (8,9)
Avatar 2 is at (4,1)
Avatar 3 is at (8,9)
Avatar 4 is at (4,1)

It's Avatar 2 turn
Avatar 0 is at (8,9)
Avatar 1 is at (8,9)
Avatar 2 is at (4,1)
Avatar 3 is at (8,9)
Avatar 4 is at (4,1)
Avatar 2 tries to move east 

It's Avatar 3 turn
Avatar 0 is at (8,9)
Avatar 1 is at (8,9)
Avatar 2 is at (5,1)
Avatar 3 is at (8,9)
Avatar 4 is at (4,1)

It's Avatar 4 turn
Avatar 0 is at (8,9)
Avatar 1 is at (8,9)
Avatar 2 is at (5,1)
Avatar 3 is at (8,9)
Avatar 4 is at (4,1)
Avatar 4 tries to move east 

It's Avatar 1 turn
Avatar 0 is at (8,9)
Avatar 1 is at (8,9)
Avatar 2 is at (5,1)
Avatar 3 is at (8,9)
Avatar 4 is at (5,1)

It's Avatar 2 turn
Avatar 0 is at (8,9)
Avatar 1 is at (8,9)
Avatar 2 is at (5,1)
Avatar 3 is at (8,9)
Avatar 4 is at (5,1)
Avatar 2 tries to move north

It's Avatar 3 turn
Avatar 0 is at (8,9)
Avatar 1 is at (8,9)
Avatar 2 is at (5,0)
Avatar 3 is at (8,9)
Avatar 4 is at (5,1)

It's Avatar 4 turn
Avatar 0 is at (8,9)
Avatar 1 is at (8,9)
Avatar 2 is at (5,0)
Avatar 3 is at (8,9)
Avatar 4 is at (5,1)
Avatar 4 tries to move north

It's Avatar 1 turn
Avatar 0 is at (8,9)
Avatar 1 is at (8,9)
Avatar 2 is at (5,0)
Avatar 3 is at (8,9)
Avatar 4 is at (5,0)

It's Avatar 2 turn
Avatar 0 is at (8,9)
Avatar 1 is at (8,9)
Avatar 2 is at (5,0)
Avatar 3 is at (8,9)
Avatar 4 is at (5,0)
Avatar 2 tries to move east 

It's Avatar 3 turn
Avatar 0 is at (8,9)
Avatar 1 is at (8,9)
Avatar 2 is at (5,0)
Avatar 3 is at (8,9)
Avatar 4 is at (5,0)

It's Avatar 4 turn
Avatar 0 is at (8,9)
Avatar 1 is at (8,9)
Avatar 2 is at (5,0)
Avatar 3 is at (8,9)
Avatar 4 is at (5,0)
Avatar 4 tries to move east 

It's Avatar 1 turn
Avatar 0 is at (8,9)
Avatar 1 is at (8,9)
Avatar 2 is at (5,0)
Avatar 3 is at (8,9)
Avatar 4 is at (5,0)

It's Avatar 2 turn
Avatar 0 is at (8,9)
Avatar 1 is at (8,9)
Avatar 2 is at (5,0)
Avatar 3 is at (8,9)
Avatar 4 is at (5,0)
Avatar 2 found a wall
Avatar 2 tries to move south 

It's Avatar 3 turn
Avatar 0 is at (8,9)
Avatar 1 is at (8,9)
Avatar 2 is at (5,1)
Avatar 3 is at (8,9)
Avatar 4 is at (5,0)

It's Avatar 4 turn
Avatar 0 is at (8,9)
Avatar 1 is at (8,9)
Avatar 2 is at (5,1)
Avatar 3 is at (8,9)
Avatar 4 is at (5,0)
Avatar 4 found a wall
Avatar 4 tries to move south 

It's Avatar 1 turn
Avatar 0 is at (8,9)
Avatar 1 is at (8,9)
Avatar 2 is at (5,1)
Avatar 3 is at (8,9)
Avatar 4 is at (5,1)

It's Avatar 2 turn
Avatar 0 is at (8,9)
Avatar 1 is at (8,9)
Avatar 2 is at (5,1)
Avatar 3 is at (8,9)
Avatar 4 is at (5,1)
Avatar 2 tries to move east 

It's Avatar 3 turn
Avatar 0 is at (8,9)
Avatar 1 is at (8,9)
Avatar 2 is at (5,1)
Avatar 3 is at (8,9)
Avatar 4 is at (5,1)

It's Avatar 4 turn
Avatar 0 is at (8,9)
Avatar 1 is at (8,9)
Avatar 2 is at (5,1)
Avatar 3 is at (8,9)
Avatar 4 is at (5,1)
Avatar 4 tries to move east 

It's Avatar 1 turn
Avatar 0 is at (8,9)
Avatar 1 is at (8,9)
Avatar 2 is at (5,1)
Avatar 3 is at (8,9)
Avatar 4 is at (5,1)

It's Avatar 2 turn
Avatar 0 is at (8,9)
Avatar 1 is at (8,9)
Avatar 2 is at (5,1)
Avatar 3 is at (8,9)
Avatar 4 is at (5,1)
Avatar 2 found a wall
Avatar 2 tries to move south 

It's Avatar 3 turn
Avatar 0 is at (8,9)
Avatar 1 is at (8,9)
Avatar 2 is at (5,1)
Avatar 3 is at (8,9)
Avatar 4 is at (5,1)

It's Avatar 4 turn
Avatar 0 is at (8,9)
Avatar 1 is at (8,9)
Avatar 2 is at (5,1)
Avatar 3 is at (8,9)
Avatar 4 is at (5,1)
Avatar 4 found a wall
Avatar 4 tries to move south 

It's Avatar 1 turn
Avatar 0 is at (8,9)
Avatar 1 is at (8,9)
Avatar 2 is at (5,1)
Avatar 3 is at (8,9)
Avatar 4 is at (5,1)

It's Avatar 2 turn
Avatar 0 is at (8,9)
Avatar 1 is at (8,9)
Avatar 2 is at (5,1)
Avatar 3 is at (8,9)
Avatar 4 is at (5,1)
Avatar 2 found a wall
Avatar 2 tries to move west

It's Avatar 3 turn
Avatar 0 is at (8,9)
Avatar 1 is at (8,9)
Avatar 2 is at (4,1)
Avatar 3 is at (8,9)
Avatar 4 is at (5,1)

It's Avatar 4 turn
Avatar 0 is at (8,9)
Avatar 1 is at (8,9)
Avatar 2 is at (4,1)
Avatar 3 is at (8,9)
Avatar 4 is at (5,1)
Avatar 4 found a wall
Avatar 4 tries to move west

It's Avatar 1 turn
Avatar 0 is at (8,9)
Avatar 1 is at (8,9)
Avatar 2 is at (4,1)
Avatar 3 is at (8,9)
Avatar 4 is at (4,1)

It's Avatar 2 turn
Avatar 0 is at (8,9)
Avatar 1 is at (8,9)
Avatar 2 is at (4,1)
Avatar 3 is at (8,9)
Avatar 4 is at (4,1)
Avatar 2 tries to move south 

It's Avatar 3 turn
Avatar 0 is at (8,9)
Avatar 1 is at (8,9)
Avatar 2 is at (4,1)
Avatar 3 is at (8,9)
Avatar 4 is at (4,1)

It's Avatar 4 turn
Avatar 0 is at (8,9)
Avatar 1 is at (8,9)
Avatar 2 is at (4,1)
Avatar 3 is at (8,9)
Avatar 4 is at (4,1)
Avatar 4 tries to move south 

It's Avatar 1 turn
Avatar 0 is at (8,9)
Avatar 1 is at (8,9)
Avatar 2 is at (4,1)
Avatar 3 is at (8,9)
Avatar 4 is at (4,1)

It's Avatar 2 turn
Avatar 0 is at (8,9)
Avatar 1 is at (8,9)
Avatar 2 is at (4,1)
Avatar 3 is at (8,9)
Avatar 4 is at (4,1)
Avatar 2 found a wall
Avatar 2 tries to move west

It's Avatar 3 turn
Avatar 0 is at (8,9)
Avatar 1 is at (8,9)
Avatar 2 is at (4,1)
Avatar 3 is at (8,9)
Avatar 4 is at (4,1)

It's Avatar 4 turn
Avatar 0 is at (8,9)
Avatar 1 is at (8,9)
Avatar 2 is at (4,1)
Avatar 3 is at (8,9)
Avatar 4 is at (4,1)
Avatar 4 found a wall
Avatar 4 tries to move west

It's Avatar 1 turn
Avatar 0 is at (8,9)
Avatar 1 is at (8,9)
Avatar 2 is at (4,1)
Avatar 3 is at (8,9)
Avatar 4 is at (4,1)

It's Avatar 2 turn
Avatar 0 is at (8,9)
Avatar 1 is at (8,9)
Avatar 2 is at (4,1)
Avatar 3 is at (8,9)
Avatar 4 is at (4,1)
Avatar 2 found a wall
Avatar 2 tries to move north

It's Avatar 3 turn
Avatar 0 is at (8,9)
Avatar 1 is at (8,9)
Avatar 2 is at (4,0)
Avatar 3 is at (8,9)
Avatar 4 is at (4,1)

It's Avatar 4 turn
Avatar 0 is at (8,9)
Avatar 1 is at (8,9)
Avatar 2 is at (4,0)
Avatar 3 is at (8,9)
Avatar 4 is at (4,1)
Avatar 4 found a wall
Avatar 4 tries to move north

It's Avatar 1 turn
Avatar 0 is at (8,9)
Avatar 1 is at (8,9)
Avatar 2 is at (4,0)
Avatar 3 is at (8,9)
Avatar 4 is at (4,0)

It's Avatar 2 turn
Avatar 0 is at (8,9)
Avatar 1 is at (8,9)
Avatar 2 is at (4,0)
Avatar 3 is at (8,9)
Avatar 4 is at (4,0)
Avatar 2 tries to move west

It's Avatar 3 turn
Avatar 0 is at (8,9)
Avatar 1 is at (8,9)
Avatar 2 is at (3,0)
Avatar 3 is at (8,9)
Avatar 4 is at (4,0)

It's Avatar 4 turn
Avatar 0 is at (8,9)
Avatar 1 is at (8,9)
Avatar 2 is at (3,0)
Avatar 3 is at (8,9)
Avatar 4 is at (4,0)
Avatar 4 tries to move west

It's Avatar 1 turn
Avatar 0 is at (8,9)
Avatar 1 is at (8,9)
Avatar 2 is at (3,0)
Avatar 3 is at (8,9)
Avatar 4 is at (3,0)

It's Avatar 2 turn
Avatar 0 is at (8,9)
Avatar 1 is at (8,9)
Avatar 2 is at (3,0)
Avatar 3 is at (8,9)
Avatar 4 is at (3,0)
Avatar 2 tries to move south 

It's Avatar 3 turn
Avatar 0 is at (8,9)
Avatar 1 is at (8,9)
Avatar 2 is at (3,0)
Avatar 3 is at (8,9)
Avatar 4 is at (3,0)

It's Avatar 4 turn
Avatar 0 is at (8,9)
Avatar 1 is at (8,9)
Avatar 2 is at (3,0)
Avatar 3 is at (8,9)
Avatar 4 is at (3,0)
Avatar 4 tries to move south 

It's Avatar 1 turn
Avatar 0 is at (8,9)
Avatar 1 is at (8,9)
Avatar 2 is at (3,0)
Avatar 3 is at (8,9)
Avatar 4 is at (3,0)

It's Avatar 2 turn
Avatar 0 is at (8,9)
Avatar 1 is at (8,9)
Avatar 2 is at (3,0)
Avatar 3 is at (8,9)
Avatar 4 is at (3,0)
Avatar 2 found a wall
Avatar 2 tries to move west

It's Avatar 3 turn
Avatar 0 is at (8,9)
Avatar 1 is at (8,9)
Avatar 2 is at (2,0)
Avatar 3 is at (8,9)
Avatar 4 is at (3,0)

It's Avatar 4 turn
Avatar 0 is at (8,9)
Avatar 1 is at (8,9)
Avatar 2 is at (2,0)
Avatar 3 is at (8,9)
Avatar 4 is at (3,0)
Avatar 4 found a wall
Avatar 4 tries to move west

It's Avatar 1 turn
Avatar 0 is at (8,9)
Avatar 1 is at (8,9)
Avatar 2 is at (2,0)
Avatar 3 is at (8,9)
Avatar 4 is at (2,0)

It's Avatar 2 turn
Avatar 0 is at (8,9)
Avatar 1 is at (8,9)
Avatar 2 is at (2,0)
Avatar 3 is at (8,9)
Avatar 4 is at (2,0)
Avatar 2 tries to move south 

It's Avatar 3 turn
Avatar 0 is at (8,9)
Avatar 1 is at (8,9)
Avatar 2 is at (2,0)
Avatar 3 is at (8,9)
Avatar 4 is at (2,0)

It's Avatar 4 turn
Avatar 0 is at (8,9)
Avatar 1 is at (8,9)
Avatar 2 is at (2,0)
Avatar 3 is at (8,9)
Avatar 4 is at (2,0)
Avatar 4 tries to move south 

It's Avatar 1 turn
Avatar 0 is at (8,9)
Avatar 1 is at (8,9)
Avatar 2 is at (2,0)
Avatar 3 is at (8,9)
Avatar 4 is at (2,0)

It's Avatar 2 turn
Avatar 0 is at (8,9)
Avatar 1 is at (8,9)
Avatar 2 is at (2,0)
Avatar 3 is at (8,9)
Avatar 4 is at (2,0)
Avatar 2 found a wall
Avatar 2 tries to move west

It's Avatar 3 turn
Avatar 0 is at (8,9)
Avatar 1 is at (8,9)
Avatar 2 is at (1,0)
Avatar 3 is at (8,9)
Avatar 4 is at (2,0)

It's Avatar 4 turn
Avatar 0 is at (8,9)
Avatar 1 is at (8,9)
Avatar 2 is at (1,0)
Avatar 3 is at (8,9)
Avatar 4 is at (2,0)
Avatar 4 found a wall
Avatar 4 tries to move west

It's Avatar 1 turn
Avatar 0 is at (8,9)
Avatar 1 is at (8,9)
Avatar 2 is at (1,0)
Avatar 3 is at (8,9)
Avatar 4 is at (1,0)

It's Avatar 2 turn
Avatar 0 is at (8,9)
Avatar 1 is at (8,9)
Avatar 2 is at (1,0)
Avatar 3 is at (8,9)
Avatar 4 is at (1,0)
Avatar 2 tries to move south 

It's Avatar 3 turn
Avatar 0 is at (8,9)
Avatar 1 is at (8,9)
Avatar 2 is at (1,1)
Avatar 3 is at (8,9)
Avatar 4 is at (1,0)

It's Avatar 4 turn
Avatar 0 is at (8,9)
Avatar 1 is at (8,9)
Avatar 2 is at (1,1)
Avatar 3 is at (8,9)
Avatar 4 is at (1,0)
Avatar 4 tries to move south 

It's Avatar 1 turn
Avatar 0 is at (8,9)
Avatar 1 is at (8,9)
Avatar 2 is at (1,1)
Avatar 3 is at (8,9)
Avatar 4 is at (1,1)

It's Avatar 2 turn
Avatar 0 is at (8,9)
Avatar 1 is at (8,9)
Avatar 2 is at (1,1)
Avatar 3 is at (8,9)
Avatar 4 is at (1,1)
Avatar 2 tries to move south 

It's Avatar 3 turn
Avatar 0 is at (8,9)
Avatar 1 is at (8,9)
Avatar 2 is at (1,1)
Avatar 3 is at (8,9)
Avatar 4 is at (1,1)

It's Avatar 4 turn
Avatar 0 is at (8,9)
Avatar 1 is at (8,9)
Avatar 2 is at (1,1)
Avatar 3 is at (8,9)
Avatar 4 is at (1,1)
Avatar 4 tries to move south 

It's Avatar 1 turn
Avatar 0 is at (8,9)
Avatar 1 is at (8,9)
Avatar 2 is at (1,1)
Avatar 3 is at (8,9)
Avatar 4 is at (1,1)

It's Avatar 2 turn
Avatar 0 is at (8,9)
Avatar 1 is at (8,9)
Avatar 2 is at (1,1)
Avatar 3 is at (8,9)
Avatar 4 is at (1,1)
Avatar 2 found a wall
Avatar 2 tries to move west

It's Avatar 3 turn
Avatar 0 is at (8,9)
Avatar 1 is at (8,9)
Avatar 2 is at (0,1)
Avatar 3 is at (8,9)
Avatar 4 is at (1,1)

It's Avatar 4 turn
Avatar 0 is at (8,9)
Avatar 1 is at (8,9)
Avatar 2 is at (0,1)
Avatar 3 is at (8,9)
Avatar 4 is at (1,1)
Avatar 4 found a wall
Avatar 4 tries to move west

It's Avatar 1 turn
Avatar 0 is at (8,9)
Avatar 1 is at (8,9)
Avatar 2 is at (0,1)
Avatar 3 is at (8,9)
Avatar 4 is at (0,1)

It's Avatar 2 turn
Avatar 0 is at (8,9)
Avatar 1 is at (8,9)
Avatar 2 is at (0,1)
Avatar 3 is at (8,9)
Avatar 4 is at (0,1)
Avatar 2 tries to move south 

It's Avatar 3 turn
Avatar 0 is at (8,9)
Avatar 1 is at (8,9)
Avatar 2 is at (0,2)
Avatar 3 is at (8,9)
Avatar 4 is at (0,1)

It's Avatar 4 turn
Avatar 0 is at (8,9)
Avatar 1 is at (8,9)
Avatar 2 is at (0,2)
Avatar 3 is at (8,9)
Avatar 4 is at (0,1)
Avatar 4 tries to move south 

It's Avatar 1 turn
Avatar 0 is at (8,9)
Avatar 1 is at (8,9)
Avatar 2 is at (0,2)
Avatar 3 is at (8,9)
Avatar 4 is at (0,2)

It's Avatar 2 turn
Avatar 0 is at (8,9)
Avatar 1 is at (8,9)
Avatar 2 is at (0,2)
Avatar 3 is at (8,9)
Avatar 4 is at (0,2)
Avatar 2 tries to move east 

It's Avatar 3 turn
Avatar 0 is at (8,9)
Avatar 1 is at (8,9)
Avatar 2 is at (1,2)
Avatar 3 is at (8,9)
Avatar 4 is at (0,2)

It's Avatar 4 turn
Avatar 0 is at (8,9)
Avatar 1 is at (8,9)
Avatar 2 is at (1,2)
Avatar 3 is at (8,9)
Avatar 4 is at (0,2)
Avatar 4 tries to move east 

It's Avatar 1 turn
Avatar 0 is at (8,9)
Avatar 1 is at (8,9)
Avatar 2 is at (1,2)
Avatar 3 is at (8,9)
Avatar 4 is at (1,2)

It's Avatar 2 turn
Avatar 0 is at (8,9)
Avatar 1 is at (8,9)
Avatar 2 is at (1,2)
Avatar 3 is at (8,9)
Avatar 4 is at (1,2)
Avatar 2 tries to move east 

It's Avatar 3 turn
Avatar 0 is at (8,9)
Avatar 1 is at (8,9)
Avatar 2 is at (2,2)
Avatar 3 is at (8,9)
Avatar 4 is at (1,2)

It's Avatar 4 turn
Avatar 0 is at (8,9)
Avatar 1 is at (8,9)
Avatar 2 is at (2,2)
Avatar 3 is at (8,9)
Avatar 4 is at (1,2)
Avatar 4 tries to move east 

It's Avatar 1 turn
Avatar 0 is at (8,9)
Avatar 1 is at (8,9)
Avatar 2 is at (2,2)
Avatar 3 is at (8,9)
Avatar 4 is at (2,2)

It's Avatar 2 turn
Avatar 0 is at (8,9)
Avatar 1 is at (8,9)
Avatar 2 is at (2,2)
Avatar 3 is at (8,9)
Avatar 4 is at (2,2)
Avatar 2 tries to move north

It's Avatar 3 turn
Avatar 0 is at (8,9)
Avatar 1 is at (8,9)
Avatar 2 is at (2,1)
Avatar 3 is at (8,9)
Avatar 4 is at (2,2)

It's Avatar 4 turn
Avatar 0 is at (8,9)
Avatar 1 is at (8,9)
Avatar 2 is at (2,1)
Avatar 3 is at (8,9)
Avatar 4 is at (2,2)
Avatar 4 tries to move north

It's Avatar 1 turn
Avatar 0 is at (8,9)
Avatar 1 is at (8,9)
Avatar 2 is at (2,1)
Avatar 3 is at (8,9)
Avatar 4 is at (2,1)

It's Avatar 2 turn
Avatar 0 is at (8,9)
Avatar 1 is at (8,9)
Avatar 2 is at (2,1)
Avatar 3 is at (8,9)
Avatar 4 is at (2,1)
Avatar 2 tries to move east 

It's Avatar 3 turn
Avatar 0 is at (8,9)
Avatar 1 is at (8,9)
Avatar 2 is at (3,1)
Avatar 3 is at (8,9)
Avatar 4 is at (2,1)

It's Avatar 4 turn
Avatar 0 is at (8,9)
Avatar 1 is at (8,9)
Avatar 2 is at (3,1)
Avatar 3 is at (8,9)
Avatar 4 is at (2,1)
Avatar 4 tries to move east 

It's Avatar 1 turn
Avatar 0 is at (8,9)
Avatar 1 is at (8,9)
Avatar 2 is at (3,1)
Avatar 3 is at (8,9)
Avatar 4 is at (3,1)

It's Avatar 2 turn
Avatar 0 is at (8,9)
Avatar 1 is at (8,9)
Avatar 2 is at (3,1)
Avatar 3 is at (8,9)
Avatar 4 is at (3,1)
Avatar 2 tries to move south 

It's Avatar 3 turn
Avatar 0 is at (8,9)
Avatar 1 is at (8,9)
Avatar 2 is at (3,2)
Avatar 3 is at (8,9)
Avatar 4 is at (3,1)

It's Avatar 4 turn
Avatar 0 is at (8,9)
Avatar 1 is at (8,9)
Avatar 2 is at (3,2)
Avatar 3 is at (8,9)
Avatar 4 is at (3,1)
Avatar 4 tries to move south 

It's Avatar 1 turn
Avatar 0 is at (8,9)
Avatar 1 is at (8,9)
Avatar 2 is at (3,2)
Avatar 3 is at (8,9)
Avatar 4 is at (3,2)

It's Avatar 2 turn
Avatar 0 is at (8,9)
Avatar 1 is at (8,9)
Avatar 2 is at (3,2)
Avatar 3 is at (8,9)
Avatar 4 is at (3,2)
Avatar 2 tries to move east 

It's Avatar 3 turn
Avatar 0 is at (8,9)
Avatar 1 is at (8,9)
Avatar 2 is at (4,2)
Avatar 3 is at (8,9)
Avatar 4 is at (3,2)

It's Avatar 4 turn
Avatar 0 is at (8,9)
Avatar 1 is at (8,9)
Avatar 2 is at (4,2)
Avatar 3 is at (8,9)
Avatar 4 is at (3,2)
Avatar 4 tries to move east 

It's Avatar 1 turn
Avatar 0 is at (8,9)
Avatar 1 is at (8,9)
Avatar 2 is at (4,2)
Avatar 3 is at (8,9)
Avatar 4 is at (4,2)

It's Avatar 2 turn
Avatar 0 is at (8,9)
Avatar 1 is at (8,9)
Avatar 2 is at (4,2)
Avatar 3 is at (8,9)
Avatar 4 is at (4,2)
Avatar 2 tries to move east 

It's Avatar 3 turn
Avatar 0 is at (8,9)
Avatar 1 is at (8,9)
Avatar 2 is at (5,2)
Avatar 3 is at (8,9)
Avatar 4 is at (4,2)

It's Avatar 4 turn
Avatar 0 is at (8,9)
Avatar 1 is at (8,9)
Avatar 2 is at (5,2)
Avatar 3 is at (8,9)
Avatar 4 is at (4,2)
Avatar 4 tries to move east 

It's Avatar 1 turn
Avatar 0 is at (8,9)
Avatar 1 is at (8,9)
Avatar 2 is at (5,2)
Avatar 3 is at (8,9)
Avatar 4 is at (5,2)

It's Avatar 2 turn
Avatar 0 is at (8,9)
Avatar 1 is at (8,9)
Avatar 2 is at (5,2)
Avatar 3 is at (8,9)
Avatar 4 is at (5,2)
Avatar 2 tries to move east 

It's Avatar 3 turn
Avatar 0 is at (8,9)
Avatar 1 is at (8,9)
Avatar 2 is at (6,2)
Avatar 3 is at (8,9)
Avatar 4 is at (5,2)

It's Avatar 4 turn
Avatar 0 is at (8,9)
Avatar 1 is at (8,9)
Avatar 2 is at (6,2)
Avatar 3 is at (8,9)
Avatar 4 is at (5,2)
Avatar 4 tries to move east 

It's Avatar 1 turn
Avatar 0 is at (8,9)
Avatar 1 is at (8,9)
Avatar 2 is at (6,2)
Avatar 3 is at (8,9)
Avatar 4 is at (6,2)

It's Avatar 2 turn
Avatar 0 is at (8,9)
Avatar 1 is at (8,9)
Avatar 2 is at (6,2)
Avatar 3 is at (8,9)
Avatar 4 is at (6,2)
Avatar 2 tries to move north

It's Avatar 3 turn
Avatar 0 is at (8,9)
Avatar 1 is at (8,9)
Avatar 2 is at (6,1)
Avatar 3 is at (8,9)
Avatar 4 is at (6,2)

It's Avatar 4 turn
Avatar 0 is at (8,9)
Avatar 1 is at (8,9)
Avatar 2 is at (6,1)
Avatar 3 is at (8,9)
Avatar 4 is at (6,2)
Avatar 4 tries to move north

It's Avatar 1 turn
Avatar 0 is at (8,9)
Avatar 1 is at (8,9)
Avatar 2 is at (6,1)
Avatar 3 is at (8,9)
Avatar 4 is at (6,1)

It's Avatar 2 turn
Avatar 0 is at (8,9)
Avatar 1 is at (8,9)
Avatar 2 is at (6,1)
Avatar 3 is at (8,9)
Avatar 4 is at (6,1)
Avatar 2 tries to move north

It's Avatar 3 turn
Avatar 0 is at (8,9)
Avatar 1 is at (8,9)
Avatar 2 is at (6,0)
Avatar 3 is at (8,9)
Avatar 4 is at (6,1)

It's Avatar 4 turn
Avatar 0 is at (8,9)
Avatar 1 is at (8,9)
Avatar 2 is at (6,0)
Avatar 3 is at (8,9)
Avatar 4 is at (6,1)
Avatar 4 tries to move north

It's Avatar 1 turn
Avatar 0 is at (8,9)
Avatar 1 is at (8,9)
Avatar 2 is at (6,0)
Avatar 3 is at (8,9)
Avatar 4 is at (6,0)

It's Avatar 2 turn
Avatar 0 is at (8,9)
Avatar 1 is at (8,9)
Avatar 2 is at (6,0)
Avatar 3 is at (8,9)
Avatar 4 is at (6,0)
Avatar 2 tries to move east 

It's Avatar 3 turn
Avatar 0 is at (8,9)
Avatar 1 is at (8,9)
Avatar 2 is at (7,0)
Avatar 3 is at (8,9)
Avatar 4 is at (6,0)

It's Avatar 4 turn
Avatar 0 is at (8,9)
Avatar 1 is at (8,9)
Avatar 2 is at (7,0)
Avatar 3 is at (8,9)
Avatar 4 is at (6,0)
Avatar 4 tries to move east 

It's Avatar 1 turn
Avatar 0 is at (8,9)
Avatar 1 is at (8,9)
Avatar 2 is at (7,0)
Avatar 3 is at (8,9)
Avatar 4 is at (7,0)

It's Avatar 2 turn
Avatar 0 is at (8,9)
Avatar 1 is at (8,9)
Avatar 2 is at (7,0)
Avatar 3 is at (8,9)
Avatar 4 is at (7,0)
Avatar 2 tries to move east 

It's Avatar 3 turn
Avatar 0 is at (8,9)
Avatar 1 is at (8,9)
Avatar 2 is at (8,0)
Avatar 3 is at (8,9)
Avatar 4 is at (7,0)

It's Avatar 4 turn
Avatar 0 is at (8,9)
Avatar 1 is at (8,9)
Avatar 2 is at (8,0)
Avatar 3 is at (8,9)
Avatar 4 is at (7,0)
Avatar 4 tries to move east 

It's Avatar 1 turn
Avatar 0 is at (8,9)
Avatar 1 is at (8,9)
Avatar 2 is at (8,0)
Avatar 3 is at (8,9)
Avatar 4 is at (8,0)

It's Avatar 2 turn
Avatar 0 is at (8,9)
Avatar 1 is at (8,9)
Avatar 2 is at (8,0)
Avatar 3 is at (8,9)
Avatar 4 is at (8,0)
Avatar 2 tries to move south 

It's Avatar 3 turn
Avatar 0 is at (8,9)
Avatar 1 is at (8,9)
Avatar 2 is at (8,1)
Avatar 3 is at (8,9)
Avatar 4 is at (8,0)

It's Avatar 4 turn
Avatar 0 is at (8,9)
Avatar 1 is at (8,9)
Avatar 2 is at (8,1)
Avatar 3 is at (8,9)
Avatar 4 is at (8,0)
Avatar 4 tries to move south 

It's Avatar 1 turn
Avatar 0 is at (8,9)
Avatar 1 is at (8,9)
Avatar 2 is at (8,1)
Avatar 3 is at (8,9)
Avatar 4 is at (8,1)

It's Avatar 2 turn
Avatar 0 is at (8,9)
Avatar 1 is at (8,9)
Avatar 2 is at (8,1)
Avatar 3 is at (8,9)
Avatar 4 is at (8,1)
Avatar 2 tries to move south 

It's Avatar 3 turn
Avatar 0 is at (8,9)
Avatar 1 is at (8,9)
Avatar 2 is at (8,2)
Avatar 3 is at (8,9)
Avatar 4 is at (8,1)

It's Avatar 4 turn
Avatar 0 is at (8,9)
Avatar 1 is at (8,9)
Avatar 2 is at (8,2)
Avatar 3 is at (8,9)
Avatar 4 is at (8,1)
Avatar 4 tries to move south 

It's Avatar 1 turn
Avatar 0 is at (8,9)
Avatar 1 is at (8,9)
Avatar 2 is at (8,2)
Avatar 3 is at (8,9)
Avatar 4 is at (8,2)

It's Avatar 2 turn
Avatar 0 is at (8,9)
Avatar 1 is at (8,9)
Avatar 2 is at (8,2)
Avatar 3 is at (8,9)
Avatar 4 is at (8,2)
Avatar 2 tries to move south 

It's Avatar 3 turn
Avatar 0 is at (8,9)
Avatar 1 is at (8,9)
Avatar 2 is at (8,3)
Avatar 3 is at (8,9)
Avatar 4 is at (8,2)

It's Avatar 4 turn
Avatar 0 is at (8,9)
Avatar 1 is at (8,9)
Avatar 2 is at (8,3)
Avatar 3 is at (8,9)
Avatar 4 is at (8,2)
Avatar 4 tries to move south 

It's Avatar 1 turn
Avatar 0 is at (8,9)
Avatar 1 is at (8,9)
Avatar 2 is at (8,3)
Avatar 3 is at (8,9)
Avatar 4 is at (8,3)

It's Avatar 2 turn
Avatar 0 is at (8,9)
Avatar 1 is at (8,9)
Avatar 2 is at (8,3)
Avatar 3 is at (8,9)
Avatar 4 is at (8,3)
Avatar 2 tries to move west

It's Avatar 3 turn
Avatar 0 is at (8,9)
Avatar 1 is at (8,9)
Avatar 2 is at (7,3)
Avatar 3 is at (8,9)
Avatar 4 is at (8,3)

It's Avatar 4 turn
Avatar 0 is at (8,9)
Avatar 1 is at (8,9)
Avatar 2 is at (7,3)
Avatar 3 is at (8,9)
Avatar 4 is at (8,3)
Avatar 4 tries to move west

It's Avatar 1 turn
Avatar 0 is at (8,9)
Avatar 1 is at (8,9)
Avatar 2 is at (7,3)
Avatar 3 is at (8,9)
Avatar 4 is at (7,3)

It's Avatar 2 turn
Avatar 0 is at (8,9)
Avatar 1 is at (8,9)
Avatar 2 is at (7,3)
Avatar 3 is at (8,9)
Avatar 4 is at (7,3)
Avatar 2 tries to move south 

It's Avatar 3 turn
Avatar 0 is at (8,9)
Avatar 1 is at (8,9)
Avatar 2 is at (7,4)
Avatar 3 is at (8,9)
Avatar 4 is at (7,3)

It's Avatar 4 turn
Avatar 0 is at (8,9)
Avatar 1 is at (8,9)
Avatar 2 is at (7,4)
Avatar 3 is at (8,9)
Avatar 4 is at (7,3)
Avatar 4 tries to move south 

It's Avatar 1 turn
Avatar 0 is at (8,9)
Avatar 1 is at (8,9)
Avatar 2 is at (7,4)
Avatar 3 is at (8,9)
Avatar 4 is at (7,4)

It's Avatar 2 turn
Avatar 0 is at (8,9)
Avatar 1 is at (8,9)
Avatar 2 is at (7,4)
Avatar 3 is at (8,9)
Avatar 4 is at (7,4)
Avatar 2 tries to move east 

It's Avatar 3 turn
Avatar 0 is at (8,9)
Avatar 1 is at (8,9)
Avatar 2 is at (8,4)
Avatar 3 is at (8,9)
Avatar 4 is at (7,4)

It's Avatar 4 turn
Avatar 0 is at (8,9)
Avatar 1 is at (8,9)
Avatar 2 is at (8,4)
Avatar 3 is at (8,9)
Avatar 4 is at (7,4)
Avatar 4 tries to move east 

It's Avatar 1 turn
Avatar 0 is at (8,9)
Avatar 1 is at (8,9)
Avatar 2 is at (8,4)
Avatar 3 is at (8,9)
Avatar 4 is at (8,4)

It's Avatar 2 turn
Avatar 0 is at (8,9)
Avatar 1 is at (8,9)
Avatar 2 is at (8,4)
Avatar 3 is at (8,9)
Avatar 4 is at (8,4)
Avatar 2 tries to move east 

It's Avatar 3 turn
Avatar 0 is at (8,9)
Avatar 1 is at (8,9)
Avatar 2 is at (9,4)
Avatar 3 is at (8,9)
Avatar 4 is at (8,4)

It's Avatar 4 turn
Avatar 0 is at (8,9)
Avatar 1 is at (8,9)
Avatar 2 is at (9,4)
Avatar 3 is at (8,9)
Avatar 4 is at (8,4)
Avatar 4 tries to move east 

It's Avatar 1 turn
Avatar 0 is at (8,9)
Avatar 1 is at (8,9)
Avatar 2 is at (9,4)
Avatar 3 is at (8,9)
Avatar 4 is at (9,4)

It's Avatar 2 turn
Avatar 0 is at (8,9)
Avatar 1 is at (8,9)
Avatar 2 is at (9,4)
Avatar 3 is at (8,9)
Avatar 4 is at (9,4)
Avatar 2 tries to move east 

It's Avatar 3 turn
Avatar 0 is at (8,9)
Avatar 1 is at (8,9)
Avatar 2 is at (10,4)
Avatar 3 is at (8,9)
Avatar 4 is at (9,4)

It's Avatar 4 turn
Avatar 0 is at (8,9)
Avatar 1 is at (8,9)
Avatar 2 is at (10,4)
Avatar 3 is at (8,9)
Avatar 4 is at (9,4)
Avatar 4 tries to move east 

It's Avatar 1 turn
Avatar 0 is at (8,9)
Avatar 1 is at (8,9)
Avatar 2 is at (10,4)
Avatar 3 is at (8,9)
Avatar 4 is at (10,4)

It's Avatar 2 turn
Avatar 0 is at (8,9)
Avatar 1 is at (8,9)
Avatar 2 is at (10,4)
Avatar 3 is at (8,9)
Avatar 4 is at (10,4)
Avatar 2 tries to move south 

It's Avatar 3 turn
Avatar 0 is at (8,9)
Avatar 1 is at (8,9)
Avatar 2 is at (10,5)
Avatar 3 is at (8,9)
Avatar 4 is at (10,4)

It's Avatar 4 turn
Avatar 0 is at (8,9)
Avatar 1 is at (8,9)
Avatar 2 is at (10,5)
Avatar 3 is at (8,9)
Avatar 4 is at (10,4)
Avatar 4 tries to move south 

It's Avatar 1 turn
Avatar 0 is at (8,9)
Avatar 1 is at (8,9)
Avatar 2 is at (10,5)
Avatar 3 is at (8,9)
Avatar 4 is at (10,5)

It's Avatar 2 turn
Avatar 0 is at (8,9)
Avatar 1 is at (8,9)
Avatar 2 is at (10,5)
Avatar 3 is at (8,9)
Avatar 4 is at (10,5)
Avatar 2 tries to move south 

It's Avatar 3 turn
Avatar 0 is at (8,9)
Avatar 1 is at (8,9)
Avatar 2 is at (10,6)
Avatar 3 is at (8,9)
Avatar 4 is at (10,5)

It's Avatar 4 turn
Avatar 0 is at (8,9)
Avatar 1 is at (8,9)
Avatar 2 is at (10,6)
Avatar 3 is at (8,9)
Avatar 4 is at (10,5)
Avatar 4 tries to move south 

It's Avatar 1 turn
Avatar 0 is at (8,9)
Avatar 1 is at (8,9)
Avatar 2 is at (10,6)
Avatar 3 is at (8,9)
Avatar 4 is at (10,6)

It's Avatar 2 turn
Avatar 0 is at (8,9)
Avatar 1 is at (8,9)
Avatar 2 is at (10,6)
Avatar 3 is at (8,9)
Avatar 4 is at (10,6)
Avatar 2 tries to move south 

It's Avatar 3 turn
Avatar 0 is at (8,9)
Avatar 1 is at (8,9)
Avatar 2 is at (10,7)
Avatar 3 is at (8,9)
Avatar 4 is at (10,6)

It's Avatar 4 turn
Avatar 0 is at (8,9)
Avatar 1 is at (8,9)
Avatar 2 is at (10,7)
Avatar 3 is at (8,9)
Avatar 4 is at (10,6)
Avatar 4 tries to move south 

It's Avatar 1 turn
Avatar 0 is at (8,9)
Avatar 1 is at (8,9)
Avatar 2 is at (10,7)
Avatar 3 is at (8,9)
Avatar 4 is at (10,7)

It's Avatar 2 turn
Avatar 0 is at (8,9)
Avatar 1 is at (8,9)
Avatar 2 is at (10,7)
Avatar 3 is at (8,9)
Avatar 4 is at (10,7)
Avatar 2 tries to move south 

It's Avatar 3 turn
Avatar 0 is at (8,9)
Avatar 1 is at (8,9)
Avatar 2 is at (10,8)
Avatar 3 is at (8,9)
Avatar 4 is at (10,7)

It's Avatar 4 turn
Avatar 0 is at (8,9)
Avatar 1 is at (8,9)
Avatar 2 is at (10,8)
Avatar 3 is at (8,9)
Avatar 4 is at (10,7)
Avatar 4 tries to move south 

It's Avatar 1 turn
Avatar 0 is at (8,9)
Avatar 1 is at (8,9)
Avatar 2 is at (10,8)
Avatar 3 is at (8,9)
Avatar 4 is at (10,8)

It's Avatar 2 turn
Avatar 0 is at (8,9)
Avatar 1 is at (8,9)
Avatar 2 is at (10,8)
Avatar 3 is at (8,9)
Avatar 4 is at (10,8)
Avatar 2 tries to move east 

It's Avatar 3 turn
Avatar 0 is at (8,9)
Avatar 1 is at (8,9)
Avatar 2 is at (11,8)
Avatar 3 is at (8,9)
Avatar 4 is at (10,8)

It's Avatar 4 turn
Avatar 0 is at (8,9)
Avatar 1 is at (8,9)
Avatar 2 is at (11,8)
Avatar 3 is at (8,9)
Avatar 4 is at (10,8)
Avatar 4 tries to move east 

It's Avatar 1 turn
Avatar 0 is at (8,9)
Avatar 1 is at (8,9)
Avatar 2 is at (11,8)
Avatar 3 is at (8,9)
Avatar 4 is at (11,8)

It's Avatar 2 turn
Avatar 0 is at (8,9)
Avatar 1 is at (8,9)
Avatar 2 is at (11,8)
Avatar 3 is at (8,9)
Avatar 4 is at (11,8)
Avatar 2 tries to move south 

It's Avatar 3 turn
Avatar 0 is at (8,9)
Avatar 1 is at (8,9)
Avatar 2 is at (11,9)
Avatar 3 is at (8,9)
Avatar 4 is at (11,8)

It's Avatar 4 turn
Avatar 0 is at (8,9)
Avatar 1 is at (8,9)
Avatar 2 is at (11,9)
Avatar 3 is at (8,9)
Avatar 4 is at (11,8)
Avatar 4 tries to move south 

It's Avatar 1 turn
Avatar 0 is at (8,9)
Avatar 1 is at (8,9)
Avatar 2 is at (11,9)
Avatar 3 is at (8,9)
Avatar 4 is at (11,9)

It's Avatar 2 turn
Avatar 0 is at (8,9)
Avatar 1 is at (8,9)
Avatar 2 is at (11,9)
Avatar 3 is at (8,9)
Avatar 4 is at (11,9)
Avatar 2 tries to move west

It's Avatar 3 turn
Avatar 0 is at (8,9)
Avatar 1 is at (8,9)
Avatar 2 is at (10,9)
Avatar 3 is at (8,9)
Avatar 4 is at (11,9)

It's Avatar 4 turn
Avatar 0 is at (8,9)
Avatar 1 is at (8,9)
Avatar 2 is at (10,9)
Avatar 3 is at (8,9)
Avatar 4 is at (11,9)
Avatar 4 tries to move west

It's Avatar 1 turn
Avatar 0 is at (8,9)
Avatar 1 is at (8,9)
Avatar 2 is at (10,9)
Avatar 3 is at (8,9)
Avatar 4 is at (10,9)

It's Avatar 2 turn
Avatar 0 is at (8,9)
Avatar 1 is at (8,9)
Avatar 2 is at (10,9)
Avatar 3 is at (8,9)
Avatar 4 is at (10,9)
Avatar 2 tries to move west

It's Avatar 3 turn
Avatar 0 is at (8,9)
Avatar 1 is at (8,9)
Avatar 2 is at (9,9)
Avatar 3 is at (8,9)
Avatar 4 is at (10,9)

It's Avatar 4 turn
Avatar 0 is at (8,9)
Avatar 1 is at (8,9)
Avatar 2 is at (9,9)
Avatar 3 is at (8,9)
Avatar 4 is at (10,9)
Avatar 4 tries to move west

It's Avatar 1 turn
Avatar 0 is at (8,9)
Avatar 1 is at (8,9)
Avatar 2 is at (9,9)
Avatar 3 is at (8,9)
Avatar 4 is at (9,9)

It's Avatar 2 turn
Avatar 0 is at (8,9)
Avatar 1 is at (8,9)
Avatar 2 is at (9,9)
Avatar 3 is at (8,9)
Avatar 4 is at (9,9)
Avatar 2 tries to move west

It's Avatar 3 turn
Avatar 0 is at (8,9)
Avatar 1 is at (8,9)
Avatar 2 is at (8,9)
Avatar 3 is at (8,9)
Avatar 4 is at (9,9)

It's Avatar 4 turn
Avatar 0 is at (8,9)
Avatar 1 is at (8,9)
Avatar 2 is at (8,9)
Avatar 3 is at (8,9)
Avatar 4 is at (9,9)
Avatar 4 tries to move west

you solved the maze!
Difficult 2  nAvatars 5 nMoves 719 Hash -1773632071 
