gregmacharia, 35151, Mon 09 2020, 21:51
Difficulty: 3
Number of Avatars: 2
Mazeport: 35151
MazeWidth 20
MazeHeight 20

It's Avatar 1 turn
Avatar 0 is at (6,5)
Avatar 1 is at (10,3)
Avatar 1 tries to move east 

It's Avatar 1 turn
Avatar 0 is at (6,5)
Avatar 1 is at (11,3)
Avatar 1 tries to move east 

It's Avatar 1 turn
Avatar 0 is at (6,5)
Avatar 1 is at (12,3)
Avatar 1 tries to move north

It's Avatar 1 turn
Avatar 0 is at (6,5)
Avatar 1 is at (12,3)
Avatar 1 found a wall
Avatar 1 tries to move west

It's Avatar 1 turn
Avatar 0 is at (6,5)
Avatar 1 is at (11,3)
Avatar 1 tries to move south 

It's Avatar 1 turn
Avatar 0 is at (6,5)
Avatar 1 is at (11,3)
Avatar 1 found a wall
Avatar 1 tries to move east 

It's Avatar 1 turn
Avatar 0 is at (6,5)
Avatar 1 is at (12,3)
Avatar 1 tries to move east 

It's Avatar 1 turn
Avatar 0 is at (6,5)
Avatar 1 is at (12,3)
Avatar 1 found a wall
Avatar 1 tries to move south 

It's Avatar 1 turn
Avatar 0 is at (6,5)
Avatar 1 is at (12,4)
Avatar 1 tries to move east 

It's Avatar 1 turn
Avatar 0 is at (6,5)
Avatar 1 is at (13,4)
Avatar 1 tries to move north

It's Avatar 1 turn
Avatar 0 is at (6,5)
Avatar 1 is at (13,3)
Avatar 1 tries to move north

It's Avatar 1 turn
Avatar 0 is at (6,5)
Avatar 1 is at (13,3)
Avatar 1 found a wall
Avatar 1 tries to move east 

It's Avatar 1 turn
Avatar 0 is at (6,5)
Avatar 1 is at (14,3)
Avatar 1 tries to move north

It's Avatar 1 turn
Avatar 0 is at (6,5)
Avatar 1 is at (14,2)
Avatar 1 tries to move west

It's Avatar 1 turn
Avatar 0 is at (6,5)
Avatar 1 is at (14,2)
Avatar 1 found a wall
Avatar 1 tries to move south 

It's Avatar 1 turn
Avatar 0 is at (6,5)
Avatar 1 is at (14,3)
Avatar 1 tries to move east 

It's Avatar 1 turn
Avatar 0 is at (6,5)
Avatar 1 is at (14,3)
Avatar 1 found a wall
Avatar 1 tries to move north

It's Avatar 1 turn
Avatar 0 is at (6,5)
Avatar 1 is at (14,2)
Avatar 1 tries to move north

It's Avatar 1 turn
Avatar 0 is at (6,5)
Avatar 1 is at (14,1)
Avatar 1 tries to move west

It's Avatar 1 turn
Avatar 0 is at (6,5)
Avatar 1 is at (14,1)
Avatar 1 found a wall
Avatar 1 tries to move south 

It's Avatar 1 turn
Avatar 0 is at (6,5)
Avatar 1 is at (14,2)
Avatar 1 tries to move east 

It's Avatar 1 turn
Avatar 0 is at (6,5)
Avatar 1 is at (14,2)
Avatar 1 found a wall
Avatar 1 tries to move north

It's Avatar 1 turn
Avatar 0 is at (6,5)
Avatar 1 is at (14,1)
Avatar 1 tries to move north

It's Avatar 1 turn
Avatar 0 is at (6,5)
Avatar 1 is at (14,0)
Avatar 1 tries to move west

It's Avatar 1 turn
Avatar 0 is at (6,5)
Avatar 1 is at (13,0)
Avatar 1 tries to move south 

It's Avatar 1 turn
Avatar 0 is at (6,5)
Avatar 1 is at (13,1)
Avatar 1 tries to move south 

It's Avatar 1 turn
Avatar 0 is at (6,5)
Avatar 1 is at (13,1)
Avatar 1 found a wall
Avatar 1 tries to move west

It's Avatar 1 turn
Avatar 0 is at (6,5)
Avatar 1 is at (12,1)
Avatar 1 tries to move south 

It's Avatar 1 turn
Avatar 0 is at (6,5)
Avatar 1 is at (12,1)
Avatar 1 found a wall
Avatar 1 tries to move east 

It's Avatar 1 turn
Avatar 0 is at (6,5)
Avatar 1 is at (13,1)
Avatar 1 tries to move north

It's Avatar 1 turn
Avatar 0 is at (6,5)
Avatar 1 is at (13,0)
Avatar 1 tries to move west

It's Avatar 1 turn
Avatar 0 is at (6,5)
Avatar 1 is at (12,0)
Avatar 1 tries to move south 

It's Avatar 1 turn
Avatar 0 is at (6,5)
Avatar 1 is at (12,0)
Avatar 1 found a wall
Avatar 1 tries to move east 

It's Avatar 1 turn
Avatar 0 is at (6,5)
Avatar 1 is at (13,0)
Avatar 1 tries to move east 

It's Avatar 1 turn
Avatar 0 is at (6,5)
Avatar 1 is at (14,0)
Avatar 1 tries to move east 

It's Avatar 1 turn
Avatar 0 is at (6,5)
Avatar 1 is at (14,0)
Avatar 1 found a wall
Avatar 1 tries to move south 

It's Avatar 1 turn
Avatar 0 is at (6,5)
Avatar 1 is at (14,1)
Avatar 1 tries to move east 

It's Avatar 1 turn
Avatar 0 is at (6,5)
Avatar 1 is at (14,1)
Avatar 1 found a wall
Avatar 1 tries to move north

It's Avatar 1 turn
Avatar 0 is at (6,5)
Avatar 1 is at (14,0)
Avatar 1 tries to move west

It's Avatar 1 turn
Avatar 0 is at (6,5)
Avatar 1 is at (13,0)
Avatar 1 tries to move south 

It's Avatar 1 turn
Avatar 0 is at (6,5)
Avatar 1 is at (13,1)
Avatar 1 tries to move west

It's Avatar 1 turn
Avatar 0 is at (6,5)
Avatar 1 is at (12,1)
Avatar 1 tries to move west

It's Avatar 1 turn
Avatar 0 is at (6,5)
Avatar 1 is at (11,1)
Avatar 1 tries to move south 

It's Avatar 1 turn
Avatar 0 is at (6,5)
Avatar 1 is at (11,1)
Avatar 1 found a wall
Avatar 1 tries to move east 

It's Avatar 1 turn
Avatar 0 is at (6,5)
Avatar 1 is at (12,1)
Avatar 1 tries to move east 

It's Avatar 1 turn
Avatar 0 is at (6,5)
Avatar 1 is at (13,1)
Avatar 1 tries to move north

It's Avatar 1 turn
Avatar 0 is at (6,5)
Avatar 1 is at (13,0)
Avatar 1 tries to move west

It's Avatar 1 turn
Avatar 0 is at (6,5)
Avatar 1 is at (12,0)
Avatar 1 tries to move west

It's Avatar 1 turn
Avatar 0 is at (6,5)
Avatar 1 is at (11,0)
Avatar 1 tries to move south 

It's Avatar 1 turn
Avatar 0 is at (6,5)
Avatar 1 is at (11,0)
Avatar 1 found a wall
Avatar 1 tries to move east 

It's Avatar 1 turn
Avatar 0 is at (6,5)
Avatar 1 is at (12,0)
Avatar 1 tries to move east 

It's Avatar 1 turn
Avatar 0 is at (6,5)
Avatar 1 is at (13,0)
Avatar 1 tries to move east 

It's Avatar 1 turn
Avatar 0 is at (6,5)
Avatar 1 is at (14,0)
Avatar 1 tries to move south 

It's Avatar 1 turn
Avatar 0 is at (6,5)
Avatar 1 is at (14,1)
Avatar 1 tries to move south 

It's Avatar 1 turn
Avatar 0 is at (6,5)
Avatar 1 is at (14,2)
Avatar 1 tries to move south 

It's Avatar 1 turn
Avatar 0 is at (6,5)
Avatar 1 is at (14,3)
Avatar 1 tries to move south 

It's Avatar 1 turn
Avatar 0 is at (6,5)
Avatar 1 is at (14,3)
Avatar 1 found a wall
Avatar 1 tries to move west

It's Avatar 1 turn
Avatar 0 is at (6,5)
Avatar 1 is at (13,3)
Avatar 1 tries to move south 

It's Avatar 1 turn
Avatar 0 is at (6,5)
Avatar 1 is at (13,4)
Avatar 1 tries to move east 

It's Avatar 1 turn
Avatar 0 is at (6,5)
Avatar 1 is at (13,4)
Avatar 1 found a wall
Avatar 1 tries to move north

It's Avatar 1 turn
Avatar 0 is at (6,5)
Avatar 1 is at (13,3)
Avatar 1 tries to move east 

It's Avatar 1 turn
Avatar 0 is at (6,5)
Avatar 1 is at (14,3)
Avatar 1 tries to move north

It's Avatar 1 turn
Avatar 0 is at (6,5)
Avatar 1 is at (14,2)
Avatar 1 tries to move north

It's Avatar 1 turn
Avatar 0 is at (6,5)
Avatar 1 is at (14,1)
Avatar 1 tries to move north

It's Avatar 1 turn
Avatar 0 is at (6,5)
Avatar 1 is at (14,0)
Avatar 1 tries to move west

It's Avatar 1 turn
Avatar 0 is at (6,5)
Avatar 1 is at (13,0)
Avatar 1 tries to move south 

It's Avatar 1 turn
Avatar 0 is at (6,5)
Avatar 1 is at (13,1)
Avatar 1 tries to move west

It's Avatar 1 turn
Avatar 0 is at (6,5)
Avatar 1 is at (12,1)
Avatar 1 tries to move west

It's Avatar 1 turn
Avatar 0 is at (6,5)
Avatar 1 is at (11,1)
Avatar 1 tries to move west

It's Avatar 1 turn
Avatar 0 is at (6,5)
Avatar 1 is at (10,1)
Avatar 1 tries to move south 

It's Avatar 1 turn
Avatar 0 is at (6,5)
Avatar 1 is at (10,2)
Avatar 1 tries to move east 

It's Avatar 1 turn
Avatar 0 is at (6,5)
Avatar 1 is at (10,2)
Avatar 1 found a wall
Avatar 1 tries to move north

It's Avatar 1 turn
Avatar 0 is at (6,5)
Avatar 1 is at (10,1)
Avatar 1 tries to move west

It's Avatar 1 turn
Avatar 0 is at (6,5)
Avatar 1 is at (10,1)
Avatar 1 found a wall
Avatar 1 tries to move south 

It's Avatar 1 turn
Avatar 0 is at (6,5)
Avatar 1 is at (10,2)
Avatar 1 tries to move south 

It's Avatar 1 turn
Avatar 0 is at (6,5)
Avatar 1 is at (10,2)
Avatar 1 found a wall
Avatar 1 tries to move west

It's Avatar 1 turn
Avatar 0 is at (6,5)
Avatar 1 is at (9,2)
Avatar 1 tries to move south 

It's Avatar 1 turn
Avatar 0 is at (6,5)
Avatar 1 is at (9,3)
Avatar 1 tries to move east 

It's Avatar 1 turn
Avatar 0 is at (6,5)
Avatar 1 is at (9,3)
Avatar 1 found a wall
Avatar 1 tries to move north

It's Avatar 1 turn
Avatar 0 is at (6,5)
Avatar 1 is at (9,2)
Avatar 1 tries to move west

It's Avatar 1 turn
Avatar 0 is at (6,5)
Avatar 1 is at (9,2)
Avatar 1 found a wall
Avatar 1 tries to move south 

It's Avatar 1 turn
Avatar 0 is at (6,5)
Avatar 1 is at (9,3)
Avatar 1 tries to move south 

It's Avatar 1 turn
Avatar 0 is at (6,5)
Avatar 1 is at (9,3)
Avatar 1 found a wall
Avatar 1 tries to move west

It's Avatar 1 turn
Avatar 0 is at (6,5)
Avatar 1 is at (8,3)
Avatar 1 tries to move south 

It's Avatar 1 turn
Avatar 0 is at (6,5)
Avatar 1 is at (8,3)
Avatar 1 found a wall
Avatar 1 tries to move east 

It's Avatar 1 turn
Avatar 0 is at (6,5)
Avatar 1 is at (9,3)
Avatar 1 tries to move north

It's Avatar 1 turn
Avatar 0 is at (6,5)
Avatar 1 is at (9,2)
Avatar 1 tries to move north

It's Avatar 1 turn
Avatar 0 is at (6,5)
Avatar 1 is at (9,2)
Avatar 1 found a wall
Avatar 1 tries to move east 

It's Avatar 1 turn
Avatar 0 is at (6,5)
Avatar 1 is at (10,2)
Avatar 1 tries to move north

It's Avatar 1 turn
Avatar 0 is at (6,5)
Avatar 1 is at (10,1)
Avatar 1 tries to move north

It's Avatar 1 turn
Avatar 0 is at (6,5)
Avatar 1 is at (10,1)
Avatar 1 found a wall
Avatar 1 tries to move east 

It's Avatar 1 turn
Avatar 0 is at (6,5)
Avatar 1 is at (11,1)
Avatar 1 tries to move east 

It's Avatar 1 turn
Avatar 0 is at (6,5)
Avatar 1 is at (12,1)
Avatar 1 tries to move east 

It's Avatar 1 turn
Avatar 0 is at (6,5)
Avatar 1 is at (13,1)
Avatar 1 tries to move north

It's Avatar 1 turn
Avatar 0 is at (6,5)
Avatar 1 is at (13,0)
Avatar 1 tries to move west

It's Avatar 1 turn
Avatar 0 is at (6,5)
Avatar 1 is at (12,0)
Avatar 1 tries to move west

It's Avatar 1 turn
Avatar 0 is at (6,5)
Avatar 1 is at (11,0)
Avatar 1 tries to move west

It's Avatar 1 turn
Avatar 0 is at (6,5)
Avatar 1 is at (10,0)
Avatar 1 tries to move west

It's Avatar 1 turn
Avatar 0 is at (6,5)
Avatar 1 is at (10,0)
Avatar 1 found a wall
Avatar 1 tries to move east 

It's Avatar 1 turn
Avatar 0 is at (6,5)
Avatar 1 is at (11,0)
Avatar 1 tries to move east 

It's Avatar 1 turn
Avatar 0 is at (6,5)
Avatar 1 is at (12,0)
Avatar 1 tries to move east 

It's Avatar 1 turn
Avatar 0 is at (6,5)
Avatar 1 is at (13,0)
Avatar 1 tries to move south 

It's Avatar 1 turn
Avatar 0 is at (6,5)
Avatar 1 is at (13,1)
Avatar 1 tries to move west

It's Avatar 1 turn
Avatar 0 is at (6,5)
Avatar 1 is at (12,1)
Avatar 1 tries to move west

It's Avatar 1 turn
Avatar 0 is at (6,5)
Avatar 1 is at (11,1)
Avatar 1 tries to move west

It's Avatar 1 turn
Avatar 0 is at (6,5)
Avatar 1 is at (10,1)
Avatar 1 tries to move south 

It's Avatar 1 turn
Avatar 0 is at (6,5)
Avatar 1 is at (10,2)
Avatar 1 tries to move west

It's Avatar 1 turn
Avatar 0 is at (6,5)
Avatar 1 is at (9,2)
Avatar 1 tries to move south 

It's Avatar 1 turn
Avatar 0 is at (6,5)
Avatar 1 is at (9,3)
Avatar 1 tries to move west

It's Avatar 1 turn
Avatar 0 is at (6,5)
Avatar 1 is at (8,3)
Avatar 1 tries to move west

It's Avatar 1 turn
Avatar 0 is at (6,5)
Avatar 1 is at (8,3)
Avatar 1 found a wall
Avatar 1 tries to move north

It's Avatar 1 turn
Avatar 0 is at (6,5)
Avatar 1 is at (8,2)
Avatar 1 tries to move west

It's Avatar 1 turn
Avatar 0 is at (6,5)
Avatar 1 is at (8,2)
Avatar 1 found a wall
Avatar 1 tries to move south 

It's Avatar 1 turn
Avatar 0 is at (6,5)
Avatar 1 is at (8,3)
Avatar 1 tries to move east 

It's Avatar 1 turn
Avatar 0 is at (6,5)
Avatar 1 is at (9,3)
Avatar 1 tries to move north

It's Avatar 1 turn
Avatar 0 is at (6,5)
Avatar 1 is at (9,2)
Avatar 1 tries to move east 

It's Avatar 1 turn
Avatar 0 is at (6,5)
Avatar 1 is at (10,2)
Avatar 1 tries to move north

It's Avatar 1 turn
Avatar 0 is at (6,5)
Avatar 1 is at (10,1)
Avatar 1 tries to move east 

It's Avatar 1 turn
Avatar 0 is at (6,5)
Avatar 1 is at (11,1)
Avatar 1 tries to move east 

It's Avatar 1 turn
Avatar 0 is at (6,5)
Avatar 1 is at (12,1)
Avatar 1 tries to move east 

It's Avatar 1 turn
Avatar 0 is at (6,5)
Avatar 1 is at (13,1)
Avatar 1 tries to move north

It's Avatar 1 turn
Avatar 0 is at (6,5)
Avatar 1 is at (13,0)
Avatar 1 tries to move east 

It's Avatar 1 turn
Avatar 0 is at (6,5)
Avatar 1 is at (14,0)
Avatar 1 tries to move south 

It's Avatar 1 turn
Avatar 0 is at (6,5)
Avatar 1 is at (14,1)
Avatar 1 tries to move south 

It's Avatar 1 turn
Avatar 0 is at (6,5)
Avatar 1 is at (14,2)
Avatar 1 tries to move south 

It's Avatar 1 turn
Avatar 0 is at (6,5)
Avatar 1 is at (14,3)
Avatar 1 tries to move west

It's Avatar 1 turn
Avatar 0 is at (6,5)
Avatar 1 is at (13,3)
Avatar 1 tries to move south 

It's Avatar 1 turn
Avatar 0 is at (6,5)
Avatar 1 is at (13,4)
Avatar 1 tries to move south 

It's Avatar 1 turn
Avatar 0 is at (6,5)
Avatar 1 is at (13,4)
Avatar 1 found a wall
Avatar 1 tries to move west

It's Avatar 1 turn
Avatar 0 is at (6,5)
Avatar 1 is at (12,4)
Avatar 1 tries to move south 

It's Avatar 1 turn
Avatar 0 is at (6,5)
Avatar 1 is at (12,4)
Avatar 1 found a wall
Avatar 1 tries to move east 

It's Avatar 1 turn
Avatar 0 is at (6,5)
Avatar 1 is at (13,4)
Avatar 1 tries to move north

It's Avatar 1 turn
Avatar 0 is at (6,5)
Avatar 1 is at (13,3)
Avatar 1 tries to move east 

It's Avatar 1 turn
Avatar 0 is at (6,5)
Avatar 1 is at (14,3)
Avatar 1 tries to move north

It's Avatar 1 turn
Avatar 0 is at (6,5)
Avatar 1 is at (14,2)
Avatar 1 tries to move north

It's Avatar 1 turn
Avatar 0 is at (6,5)
Avatar 1 is at (14,1)
Avatar 1 tries to move north

It's Avatar 1 turn
Avatar 0 is at (6,5)
Avatar 1 is at (14,0)
Avatar 1 tries to move west

It's Avatar 1 turn
Avatar 0 is at (6,5)
Avatar 1 is at (13,0)
Avatar 1 tries to move south 

It's Avatar 1 turn
Avatar 0 is at (6,5)
Avatar 1 is at (13,1)
Avatar 1 tries to move west

It's Avatar 1 turn
Avatar 0 is at (6,5)
Avatar 1 is at (12,1)
Avatar 1 tries to move west

It's Avatar 1 turn
Avatar 0 is at (6,5)
Avatar 1 is at (11,1)
Avatar 1 tries to move west

It's Avatar 1 turn
Avatar 0 is at (6,5)
Avatar 1 is at (10,1)
Avatar 1 tries to move south 

It's Avatar 1 turn
Avatar 0 is at (6,5)
Avatar 1 is at (10,2)
Avatar 1 tries to move west

It's Avatar 1 turn
Avatar 0 is at (6,5)
Avatar 1 is at (9,2)
Avatar 1 tries to move south 

It's Avatar 1 turn
Avatar 0 is at (6,5)
Avatar 1 is at (9,3)
Avatar 1 tries to move west

It's Avatar 1 turn
Avatar 0 is at (6,5)
Avatar 1 is at (8,3)
Avatar 1 tries to move north

It's Avatar 1 turn
Avatar 0 is at (6,5)
Avatar 1 is at (8,2)
Avatar 1 tries to move north

It's Avatar 1 turn
Avatar 0 is at (6,5)
Avatar 1 is at (8,1)
Avatar 1 tries to move west

It's Avatar 1 turn
Avatar 0 is at (6,5)
Avatar 1 is at (8,1)
Avatar 1 found a wall
Avatar 1 tries to move south 

It's Avatar 1 turn
Avatar 0 is at (6,5)
Avatar 1 is at (8,2)
Avatar 1 tries to move south 

It's Avatar 1 turn
Avatar 0 is at (6,5)
Avatar 1 is at (8,3)
Avatar 1 tries to move east 

It's Avatar 1 turn
Avatar 0 is at (6,5)
Avatar 1 is at (9,3)
Avatar 1 tries to move north

It's Avatar 1 turn
Avatar 0 is at (6,5)
Avatar 1 is at (9,2)
Avatar 1 tries to move east 

It's Avatar 1 turn
Avatar 0 is at (6,5)
Avatar 1 is at (10,2)
Avatar 1 tries to move north

It's Avatar 1 turn
Avatar 0 is at (6,5)
Avatar 1 is at (10,1)
Avatar 1 tries to move east 

It's Avatar 1 turn
Avatar 0 is at (6,5)
Avatar 1 is at (11,1)
Avatar 1 tries to move east 

It's Avatar 1 turn
Avatar 0 is at (6,5)
Avatar 1 is at (12,1)
Avatar 1 tries to move east 

It's Avatar 1 turn
Avatar 0 is at (6,5)
Avatar 1 is at (13,1)
Avatar 1 tries to move north

It's Avatar 1 turn
Avatar 0 is at (6,5)
Avatar 1 is at (13,0)
Avatar 1 tries to move east 

It's Avatar 1 turn
Avatar 0 is at (6,5)
Avatar 1 is at (14,0)
Avatar 1 tries to move south 

It's Avatar 1 turn
Avatar 0 is at (6,5)
Avatar 1 is at (14,1)
Avatar 1 tries to move south 

It's Avatar 1 turn
Avatar 0 is at (6,5)
Avatar 1 is at (14,2)
Avatar 1 tries to move south 

It's Avatar 1 turn
Avatar 0 is at (6,5)
Avatar 1 is at (14,3)
Avatar 1 tries to move west

It's Avatar 1 turn
Avatar 0 is at (6,5)
Avatar 1 is at (13,3)
Avatar 1 tries to move south 

It's Avatar 1 turn
Avatar 0 is at (6,5)
Avatar 1 is at (13,4)
Avatar 1 tries to move west

It's Avatar 1 turn
Avatar 0 is at (6,5)
Avatar 1 is at (12,4)
Avatar 1 tries to move west

It's Avatar 1 turn
Avatar 0 is at (6,5)
Avatar 1 is at (12,4)
Avatar 1 found a wall
Avatar 1 tries to move north

It's Avatar 1 turn
Avatar 0 is at (6,5)
Avatar 1 is at (12,3)
Avatar 1 tries to move west

It's Avatar 1 turn
Avatar 0 is at (6,5)
Avatar 1 is at (11,3)
Avatar 1 tries to move west

It's Avatar 1 turn
Avatar 0 is at (6,5)
Avatar 1 is at (10,3)
Avatar 1 tries to move south 

It's Avatar 1 turn
Avatar 0 is at (6,5)
Avatar 1 is at (10,4)
Avatar 1 tries to move east 

It's Avatar 1 turn
Avatar 0 is at (6,5)
Avatar 1 is at (11,4)
Avatar 1 tries to move south 

It's Avatar 1 turn
Avatar 0 is at (6,5)
Avatar 1 is at (11,5)
Avatar 1 tries to move east 

It's Avatar 1 turn
Avatar 0 is at (6,5)
Avatar 1 is at (11,5)
Avatar 1 found a wall
Avatar 1 tries to move north

It's Avatar 1 turn
Avatar 0 is at (6,5)
Avatar 1 is at (11,4)
Avatar 1 tries to move west

It's Avatar 1 turn
Avatar 0 is at (6,5)
Avatar 1 is at (10,4)
Avatar 1 tries to move south 

It's Avatar 1 turn
Avatar 0 is at (6,5)
Avatar 1 is at (10,4)
Avatar 1 found a wall
Avatar 1 tries to move east 

It's Avatar 1 turn
Avatar 0 is at (6,5)
Avatar 1 is at (11,4)
Avatar 1 tries to move south 

It's Avatar 1 turn
Avatar 0 is at (6,5)
Avatar 1 is at (11,5)
Avatar 1 tries to move south 

It's Avatar 1 turn
Avatar 0 is at (6,5)
Avatar 1 is at (11,5)
Avatar 1 found a wall
Avatar 1 tries to move west

It's Avatar 1 turn
Avatar 0 is at (6,5)
Avatar 1 is at (10,5)
Avatar 1 tries to move south 

It's Avatar 1 turn
Avatar 0 is at (6,5)
Avatar 1 is at (10,5)
Avatar 1 found a wall
Avatar 1 tries to move east 

It's Avatar 1 turn
Avatar 0 is at (6,5)
Avatar 1 is at (11,5)
Avatar 1 tries to move north

It's Avatar 1 turn
Avatar 0 is at (6,5)
Avatar 1 is at (11,4)
Avatar 1 tries to move west

It's Avatar 1 turn
Avatar 0 is at (6,5)
Avatar 1 is at (10,4)
Avatar 1 tries to move west

It's Avatar 1 turn
Avatar 0 is at (6,5)
Avatar 1 is at (10,4)
Avatar 1 found a wall
Avatar 1 tries to move north

It's Avatar 1 turn
Avatar 0 is at (6,5)
Avatar 1 is at (10,3)
Avatar 1 tries to move east 

It's Avatar 1 turn
Avatar 0 is at (6,5)
Avatar 1 is at (11,3)
Avatar 1 tries to move north

It's Avatar 1 turn
Avatar 0 is at (6,5)
Avatar 1 is at (11,2)
Avatar 1 tries to move east 

It's Avatar 1 turn
Avatar 0 is at (6,5)
Avatar 1 is at (12,2)
Avatar 1 tries to move east 

It's Avatar 1 turn
Avatar 0 is at (6,5)
Avatar 1 is at (13,2)
Avatar 1 tries to move west

It's Avatar 1 turn
Avatar 0 is at (6,5)
Avatar 1 is at (12,2)
Avatar 1 tries to move west

It's Avatar 1 turn
Avatar 0 is at (6,5)
Avatar 1 is at (11,2)
Avatar 1 tries to move south 

It's Avatar 1 turn
Avatar 0 is at (6,5)
Avatar 1 is at (11,3)
Avatar 1 tries to move east 

It's Avatar 1 turn
Avatar 0 is at (6,5)
Avatar 1 is at (12,3)
Avatar 1 tries to move south 

It's Avatar 1 turn
Avatar 0 is at (6,5)
Avatar 1 is at (12,4)
Avatar 1 tries to move east 

It's Avatar 1 turn
Avatar 0 is at (6,5)
Avatar 1 is at (13,4)
Avatar 1 tries to move north

It's Avatar 1 turn
Avatar 0 is at (6,5)
Avatar 1 is at (13,3)
Avatar 1 tries to move east 

It's Avatar 1 turn
Avatar 0 is at (6,5)
Avatar 1 is at (14,3)
Avatar 1 tries to move north

It's Avatar 1 turn
Avatar 0 is at (6,5)
Avatar 1 is at (14,2)
Avatar 1 tries to move north

It's Avatar 1 turn
Avatar 0 is at (6,5)
Avatar 1 is at (14,1)
Avatar 1 tries to move north

It's Avatar 1 turn
Avatar 0 is at (6,5)
Avatar 1 is at (14,0)
Avatar 1 tries to move west

It's Avatar 1 turn
Avatar 0 is at (6,5)
Avatar 1 is at (13,0)
Avatar 1 tries to move south 

It's Avatar 1 turn
Avatar 0 is at (6,5)
Avatar 1 is at (13,1)
Avatar 1 tries to move west

It's Avatar 1 turn
Avatar 0 is at (6,5)
Avatar 1 is at (12,1)
Avatar 1 tries to move west

It's Avatar 1 turn
Avatar 0 is at (6,5)
Avatar 1 is at (11,1)
Avatar 1 tries to move west

It's Avatar 1 turn
Avatar 0 is at (6,5)
Avatar 1 is at (10,1)
Avatar 1 tries to move south 

It's Avatar 1 turn
Avatar 0 is at (6,5)
Avatar 1 is at (10,2)
Avatar 1 tries to move west

It's Avatar 1 turn
Avatar 0 is at (6,5)
Avatar 1 is at (9,2)
Avatar 1 tries to move south 

It's Avatar 1 turn
Avatar 0 is at (6,5)
Avatar 1 is at (9,3)
Avatar 1 tries to move west

It's Avatar 1 turn
Avatar 0 is at (6,5)
Avatar 1 is at (8,3)
Avatar 1 tries to move north

It's Avatar 1 turn
Avatar 0 is at (6,5)
Avatar 1 is at (8,2)
Avatar 1 tries to move north

It's Avatar 1 turn
Avatar 0 is at (6,5)
Avatar 1 is at (8,1)
Avatar 1 tries to move north

It's Avatar 1 turn
Avatar 0 is at (6,5)
Avatar 1 is at (8,1)
Avatar 1 found a wall
Avatar 1 tries to move east 

It's Avatar 1 turn
Avatar 0 is at (6,5)
Avatar 1 is at (9,1)
Avatar 1 tries to move north

It's Avatar 1 turn
Avatar 0 is at (6,5)
Avatar 1 is at (9,0)
Avatar 1 tries to move west

It's Avatar 1 turn
Avatar 0 is at (6,5)
Avatar 1 is at (8,0)
Avatar 1 tries to move west

It's Avatar 1 turn
Avatar 0 is at (6,5)
Avatar 1 is at (7,0)
Avatar 1 tries to move south 

It's Avatar 1 turn
Avatar 0 is at (6,5)
Avatar 1 is at (7,0)
Avatar 1 found a wall
Avatar 1 tries to move east 

It's Avatar 1 turn
Avatar 0 is at (6,5)
Avatar 1 is at (8,0)
Avatar 1 tries to move east 

It's Avatar 1 turn
Avatar 0 is at (6,5)
Avatar 1 is at (9,0)
Avatar 1 tries to move south 

It's Avatar 1 turn
Avatar 0 is at (6,5)
Avatar 1 is at (9,1)
Avatar 1 tries to move west

It's Avatar 1 turn
Avatar 0 is at (6,5)
Avatar 1 is at (8,1)
Avatar 1 tries to move south 

It's Avatar 1 turn
Avatar 0 is at (6,5)
Avatar 1 is at (8,2)
Avatar 1 tries to move south 

It's Avatar 1 turn
Avatar 0 is at (6,5)
Avatar 1 is at (8,3)
Avatar 1 tries to move east 

It's Avatar 1 turn
Avatar 0 is at (6,5)
Avatar 1 is at (9,3)
Avatar 1 tries to move north

It's Avatar 1 turn
Avatar 0 is at (6,5)
Avatar 1 is at (9,2)
Avatar 1 tries to move east 

It's Avatar 1 turn
Avatar 0 is at (6,5)
Avatar 1 is at (10,2)
Avatar 1 tries to move north

It's Avatar 1 turn
Avatar 0 is at (6,5)
Avatar 1 is at (10,1)
Avatar 1 tries to move east 

It's Avatar 1 turn
Avatar 0 is at (6,5)
Avatar 1 is at (11,1)
Avatar 1 tries to move east 

It's Avatar 1 turn
Avatar 0 is at (6,5)
Avatar 1 is at (12,1)
Avatar 1 tries to move east 

It's Avatar 1 turn
Avatar 0 is at (6,5)
Avatar 1 is at (13,1)
Avatar 1 tries to move north

It's Avatar 1 turn
Avatar 0 is at (6,5)
Avatar 1 is at (13,0)
Avatar 1 tries to move east 

It's Avatar 1 turn
Avatar 0 is at (6,5)
Avatar 1 is at (14,0)
Avatar 1 tries to move south 

It's Avatar 1 turn
Avatar 0 is at (6,5)
Avatar 1 is at (14,1)
Avatar 1 tries to move south 

It's Avatar 1 turn
Avatar 0 is at (6,5)
Avatar 1 is at (14,2)
Avatar 1 tries to move south 

It's Avatar 1 turn
Avatar 0 is at (6,5)
Avatar 1 is at (14,3)
Avatar 1 tries to move west

It's Avatar 1 turn
Avatar 0 is at (6,5)
Avatar 1 is at (13,3)
Avatar 1 tries to move south 

It's Avatar 1 turn
Avatar 0 is at (6,5)
Avatar 1 is at (13,4)
Avatar 1 tries to move west

It's Avatar 1 turn
Avatar 0 is at (6,5)
Avatar 1 is at (12,4)
Avatar 1 tries to move north

It's Avatar 1 turn
Avatar 0 is at (6,5)
Avatar 1 is at (12,3)
Avatar 1 tries to move west

It's Avatar 1 turn
Avatar 0 is at (6,5)
Avatar 1 is at (11,3)
Avatar 1 tries to move west

It's Avatar 1 turn
Avatar 0 is at (6,5)
Avatar 1 is at (10,3)
Avatar 1 tries to move south 

It's Avatar 1 turn
Avatar 0 is at (6,5)
Avatar 1 is at (10,4)
Avatar 1 tries to move east 

It's Avatar 1 turn
Avatar 0 is at (6,5)
Avatar 1 is at (11,4)
Avatar 1 tries to move south 

It's Avatar 1 turn
Avatar 0 is at (6,5)
Avatar 1 is at (11,5)
Avatar 1 tries to move west

It's Avatar 1 turn
Avatar 0 is at (6,5)
Avatar 1 is at (10,5)
Avatar 1 tries to move west

It's Avatar 1 turn
Avatar 0 is at (6,5)
Avatar 1 is at (9,5)
Avatar 1 tries to move south 

It's Avatar 1 turn
Avatar 0 is at (6,5)
Avatar 1 is at (9,5)
Avatar 1 found a wall
Avatar 1 tries to move east 

It's Avatar 1 turn
Avatar 0 is at (6,5)
Avatar 1 is at (10,5)
Avatar 1 tries to move east 

It's Avatar 1 turn
Avatar 0 is at (6,5)
Avatar 1 is at (11,5)
Avatar 1 tries to move north

It's Avatar 1 turn
Avatar 0 is at (6,5)
Avatar 1 is at (11,4)
Avatar 1 tries to move west

Ran out of disk space
